{"C:\\Users\\Domin\\Documents\\rrc_polytech\\semester_3\\back_end\\assignments\\capstone_project\\src\\app.ts": {"path":"C:\\Users\\Domin\\Documents\\rrc_polytech\\semester_3\\back_end\\assignments\\capstone_project\\src\\app.ts","statementMap":{"0":{"start":{"line":1,"column":0},"end":{"line":1,"column":43}},"1":{"start":{"line":2,"column":0},"end":{"line":2,"column":28}},"2":{"start":{"line":3,"column":0},"end":{"line":3,"column":61}},"3":{"start":{"line":4,"column":0},"end":{"line":4,"column":60}},"4":{"start":{"line":5,"column":0},"end":{"line":5,"column":58}},"5":{"start":{"line":6,"column":0},"end":{"line":6,"column":60}},"6":{"start":{"line":7,"column":0},"end":{"line":7,"column":45}},"7":{"start":{"line":8,"column":0},"end":{"line":8,"column":67}},"8":{"start":{"line":10,"column":21},"end":{"line":10,"column":30}},"9":{"start":{"line":14,"column":0},"end":{"line":14,"column":24}},"10":{"start":{"line":15,"column":0},"end":{"line":15,"column":28}},"11":{"start":{"line":18,"column":0},"end":{"line":18,"column":41}},"12":{"start":{"line":19,"column":0},"end":{"line":19,"column":39}},"13":{"start":{"line":20,"column":0},"end":{"line":20,"column":38}},"14":{"start":{"line":21,"column":0},"end":{"line":21,"column":41}},"15":{"start":{"line":22,"column":0},"end":{"line":22,"column":51}},"16":{"start":{"line":24,"column":0},"end":{"line":24,"column":18}},"17":{"start":{"line":26,"column":0},"end":{"line":26,"column":19}}},"fnMap":{},"branchMap":{},"s":{"0":0,"1":0,"2":0,"3":0,"4":0,"5":0,"6":0,"7":0,"8":0,"9":0,"10":0,"11":0,"12":0,"13":0,"14":0,"15":0,"16":0,"17":0},"f":{},"b":{}}
,"C:\\Users\\Domin\\Documents\\rrc_polytech\\semester_3\\back_end\\assignments\\capstone_project\\src\\api\\nba\\constants\\httpConstants.ts": {"path":"C:\\Users\\Domin\\Documents\\rrc_polytech\\semester_3\\back_end\\assignments\\capstone_project\\src\\api\\nba\\constants\\httpConstants.ts","statementMap":{"0":{"start":{"line":4,"column":13},"end":{"line":23,"column":11}}},"fnMap":{},"branchMap":{},"s":{"0":0},"f":{},"b":{}}
,"C:\\Users\\Domin\\Documents\\rrc_polytech\\semester_3\\back_end\\assignments\\capstone_project\\src\\api\\nba\\controllers\\coachController.ts": {"path":"C:\\Users\\Domin\\Documents\\rrc_polytech\\semester_3\\back_end\\assignments\\capstone_project\\src\\api\\nba\\controllers\\coachController.ts","statementMap":{"0":{"start":{"line":2,"column":0},"end":{"line":2,"column":57}},"1":{"start":{"line":3,"column":0},"end":{"line":3,"column":58}},"2":{"start":{"line":5,"column":0},"end":{"line":5,"column":56}},"3":{"start":{"line":7,"column":27},"end":{"line":25,"column":2}},"4":{"start":{"line":7,"column":100},"end":{"line":25,"column":2}},"5":{"start":{"line":8,"column":4},"end":{"line":24,"column":5}},"6":{"start":{"line":10,"column":38},"end":{"line":10,"column":46}},"7":{"start":{"line":12,"column":36},"end":{"line":15,"column":10}},"8":{"start":{"line":18,"column":8},"end":{"line":20,"column":10}},"9":{"start":{"line":23,"column":8},"end":{"line":23,"column":20}},"10":{"start":{"line":7,"column":13},"end":{"line":7,"column":27}},"11":{"start":{"line":27,"column":26},"end":{"line":42,"column":2}},"12":{"start":{"line":27,"column":99},"end":{"line":42,"column":2}},"13":{"start":{"line":28,"column":4},"end":{"line":41,"column":5}},"14":{"start":{"line":29,"column":35},"end":{"line":29,"column":66}},"15":{"start":{"line":31,"column":8},"end":{"line":35,"column":9}},"16":{"start":{"line":32,"column":12},"end":{"line":34,"column":14}},"17":{"start":{"line":39,"column":8},"end":{"line":39,"column":20}},"18":{"start":{"line":27,"column":13},"end":{"line":27,"column":26}},"19":{"start":{"line":44,"column":27},"end":{"line":60,"column":2}},"20":{"start":{"line":44,"column":100},"end":{"line":60,"column":2}},"21":{"start":{"line":45,"column":4},"end":{"line":59,"column":5}},"22":{"start":{"line":47,"column":17},"end":{"line":47,"column":38}},"23":{"start":{"line":49,"column":38},"end":{"line":49,"column":46}},"24":{"start":{"line":51,"column":36},"end":{"line":51,"column":93}},"25":{"start":{"line":53,"column":8},"end":{"line":55,"column":10}},"26":{"start":{"line":58,"column":8},"end":{"line":58,"column":20}},"27":{"start":{"line":44,"column":13},"end":{"line":44,"column":27}}},"fnMap":{"0":{"name":"(anonymous_16)","decl":{"start":{"line":7,"column":27},"end":{"line":7,"column":34}},"loc":{"start":{"line":7,"column":100},"end":{"line":25,"column":2}}},"1":{"name":"(anonymous_17)","decl":{"start":{"line":7,"column":100},"end":{"line":7,"column":null}},"loc":{"start":{"line":7,"column":100},"end":{"line":25,"column":1}}},"2":{"name":"(anonymous_18)","decl":{"start":{"line":27,"column":26},"end":{"line":27,"column":33}},"loc":{"start":{"line":27,"column":99},"end":{"line":42,"column":2}}},"3":{"name":"(anonymous_19)","decl":{"start":{"line":27,"column":99},"end":{"line":27,"column":null}},"loc":{"start":{"line":27,"column":99},"end":{"line":42,"column":1}}},"4":{"name":"(anonymous_20)","decl":{"start":{"line":44,"column":27},"end":{"line":44,"column":34}},"loc":{"start":{"line":44,"column":100},"end":{"line":60,"column":2}}},"5":{"name":"(anonymous_21)","decl":{"start":{"line":44,"column":100},"end":{"line":44,"column":null}},"loc":{"start":{"line":44,"column":100},"end":{"line":60,"column":1}}}},"branchMap":{"0":{"loc":{"start":{"line":31,"column":8},"end":{"line":35,"column":9}},"type":"if","locations":[{"start":{"line":31,"column":8},"end":{"line":35,"column":9}},{"start":{},"end":{}}]}},"s":{"0":0,"1":0,"2":0,"3":0,"4":0,"5":0,"6":0,"7":0,"8":0,"9":0,"10":0,"11":0,"12":0,"13":0,"14":0,"15":0,"16":0,"17":0,"18":0,"19":0,"20":0,"21":0,"22":0,"23":0,"24":0,"25":0,"26":0,"27":0},"f":{"0":0,"1":0,"2":0,"3":0,"4":0,"5":0},"b":{"0":[0,0]}}
,"C:\\Users\\Domin\\Documents\\rrc_polytech\\semester_3\\back_end\\assignments\\capstone_project\\src\\api\\nba\\controllers\\matchController.ts": {"path":"C:\\Users\\Domin\\Documents\\rrc_polytech\\semester_3\\back_end\\assignments\\capstone_project\\src\\api\\nba\\controllers\\matchController.ts","statementMap":{"0":{"start":{"line":2,"column":0},"end":{"line":2,"column":57}},"1":{"start":{"line":3,"column":0},"end":{"line":3,"column":58}},"2":{"start":{"line":5,"column":0},"end":{"line":5,"column":57}},"3":{"start":{"line":7,"column":26},"end":{"line":24,"column":2}},"4":{"start":{"line":7,"column":99},"end":{"line":24,"column":2}},"5":{"start":{"line":8,"column":4},"end":{"line":23,"column":5}},"6":{"start":{"line":10,"column":39},"end":{"line":10,"column":47}},"7":{"start":{"line":12,"column":36},"end":{"line":14,"column":10}},"8":{"start":{"line":16,"column":8},"end":{"line":18,"column":10}},"9":{"start":{"line":22,"column":8},"end":{"line":22,"column":20}},"10":{"start":{"line":7,"column":13},"end":{"line":7,"column":26}},"11":{"start":{"line":26,"column":26},"end":{"line":41,"column":2}},"12":{"start":{"line":26,"column":99},"end":{"line":41,"column":2}},"13":{"start":{"line":27,"column":4},"end":{"line":40,"column":5}},"14":{"start":{"line":28,"column":35},"end":{"line":28,"column":66}},"15":{"start":{"line":30,"column":8},"end":{"line":34,"column":9}},"16":{"start":{"line":31,"column":12},"end":{"line":33,"column":14}},"17":{"start":{"line":38,"column":8},"end":{"line":38,"column":20}},"18":{"start":{"line":26,"column":13},"end":{"line":26,"column":26}},"19":{"start":{"line":43,"column":24},"end":{"line":58,"column":2}},"20":{"start":{"line":43,"column":97},"end":{"line":58,"column":2}},"21":{"start":{"line":44,"column":4},"end":{"line":57,"column":5}},"22":{"start":{"line":45,"column":43},"end":{"line":45,"column":72}},"23":{"start":{"line":47,"column":8},"end":{"line":51,"column":9}},"24":{"start":{"line":48,"column":12},"end":{"line":50,"column":14}},"25":{"start":{"line":55,"column":8},"end":{"line":55,"column":20}},"26":{"start":{"line":43,"column":13},"end":{"line":43,"column":24}},"27":{"start":{"line":62,"column":24},"end":{"line":76,"column":2}},"28":{"start":{"line":62,"column":97},"end":{"line":76,"column":2}},"29":{"start":{"line":63,"column":4},"end":{"line":74,"column":5}},"30":{"start":{"line":64,"column":17},"end":{"line":64,"column":38}},"31":{"start":{"line":66,"column":37},"end":{"line":66,"column":68}},"32":{"start":{"line":68,"column":8},"end":{"line":70,"column":28}},"33":{"start":{"line":73,"column":8},"end":{"line":73,"column":20}},"34":{"start":{"line":62,"column":13},"end":{"line":62,"column":24}},"35":{"start":{"line":78,"column":25},"end":{"line":91,"column":null}},"36":{"start":{"line":78,"column":98},"end":{"line":91,"column":null}},"37":{"start":{"line":79,"column":4},"end":{"line":90,"column":5}},"38":{"start":{"line":80,"column":17},"end":{"line":80,"column":38}},"39":{"start":{"line":82,"column":37},"end":{"line":82,"column":69}},"40":{"start":{"line":84,"column":8},"end":{"line":86,"column":28}},"41":{"start":{"line":89,"column":8},"end":{"line":89,"column":20}},"42":{"start":{"line":78,"column":13},"end":{"line":78,"column":25}},"43":{"start":{"line":93,"column":27},"end":{"line":106,"column":2}},"44":{"start":{"line":93,"column":100},"end":{"line":106,"column":2}},"45":{"start":{"line":94,"column":4},"end":{"line":105,"column":5}},"46":{"start":{"line":95,"column":17},"end":{"line":95,"column":38}},"47":{"start":{"line":96,"column":29},"end":{"line":96,"column":37}},"48":{"start":{"line":98,"column":37},"end":{"line":98,"column":81}},"49":{"start":{"line":100,"column":8},"end":{"line":101,"column":63}},"50":{"start":{"line":104,"column":8},"end":{"line":104,"column":20}},"51":{"start":{"line":93,"column":13},"end":{"line":93,"column":27}}},"fnMap":{"0":{"name":"(anonymous_16)","decl":{"start":{"line":7,"column":26},"end":{"line":7,"column":33}},"loc":{"start":{"line":7,"column":99},"end":{"line":24,"column":2}}},"1":{"name":"(anonymous_17)","decl":{"start":{"line":7,"column":99},"end":{"line":7,"column":null}},"loc":{"start":{"line":7,"column":99},"end":{"line":24,"column":1}}},"2":{"name":"(anonymous_18)","decl":{"start":{"line":26,"column":26},"end":{"line":26,"column":33}},"loc":{"start":{"line":26,"column":99},"end":{"line":41,"column":2}}},"3":{"name":"(anonymous_19)","decl":{"start":{"line":26,"column":99},"end":{"line":26,"column":null}},"loc":{"start":{"line":26,"column":99},"end":{"line":41,"column":1}}},"4":{"name":"(anonymous_20)","decl":{"start":{"line":43,"column":24},"end":{"line":43,"column":31}},"loc":{"start":{"line":43,"column":97},"end":{"line":58,"column":2}}},"5":{"name":"(anonymous_21)","decl":{"start":{"line":43,"column":97},"end":{"line":43,"column":null}},"loc":{"start":{"line":43,"column":97},"end":{"line":58,"column":1}}},"6":{"name":"(anonymous_22)","decl":{"start":{"line":62,"column":24},"end":{"line":62,"column":31}},"loc":{"start":{"line":62,"column":97},"end":{"line":76,"column":2}}},"7":{"name":"(anonymous_23)","decl":{"start":{"line":62,"column":97},"end":{"line":62,"column":null}},"loc":{"start":{"line":62,"column":97},"end":{"line":76,"column":1}}},"8":{"name":"(anonymous_24)","decl":{"start":{"line":78,"column":25},"end":{"line":78,"column":32}},"loc":{"start":{"line":78,"column":98},"end":{"line":91,"column":null}}},"9":{"name":"(anonymous_25)","decl":{"start":{"line":78,"column":98},"end":{"line":78,"column":null}},"loc":{"start":{"line":78,"column":98},"end":{"line":91,"column":1}}},"10":{"name":"(anonymous_26)","decl":{"start":{"line":93,"column":27},"end":{"line":93,"column":34}},"loc":{"start":{"line":93,"column":100},"end":{"line":106,"column":2}}},"11":{"name":"(anonymous_27)","decl":{"start":{"line":93,"column":100},"end":{"line":93,"column":null}},"loc":{"start":{"line":93,"column":100},"end":{"line":106,"column":1}}}},"branchMap":{"0":{"loc":{"start":{"line":30,"column":8},"end":{"line":34,"column":9}},"type":"if","locations":[{"start":{"line":30,"column":8},"end":{"line":34,"column":9}},{"start":{},"end":{}}]},"1":{"loc":{"start":{"line":47,"column":8},"end":{"line":51,"column":9}},"type":"if","locations":[{"start":{"line":47,"column":8},"end":{"line":51,"column":9}},{"start":{},"end":{}}]}},"s":{"0":0,"1":0,"2":0,"3":0,"4":0,"5":0,"6":0,"7":0,"8":0,"9":0,"10":0,"11":0,"12":0,"13":0,"14":0,"15":0,"16":0,"17":0,"18":0,"19":0,"20":0,"21":0,"22":0,"23":0,"24":0,"25":0,"26":0,"27":0,"28":0,"29":0,"30":0,"31":0,"32":0,"33":0,"34":0,"35":0,"36":0,"37":0,"38":0,"39":0,"40":0,"41":0,"42":0,"43":0,"44":0,"45":0,"46":0,"47":0,"48":0,"49":0,"50":0,"51":0},"f":{"0":0,"1":0,"2":0,"3":0,"4":0,"5":0,"6":0,"7":0,"8":0,"9":0,"10":0,"11":0},"b":{"0":[0,0],"1":[0,0]}}
,"C:\\Users\\Domin\\Documents\\rrc_polytech\\semester_3\\back_end\\assignments\\capstone_project\\src\\api\\nba\\controllers\\playerController.ts": {"path":"C:\\Users\\Domin\\Documents\\rrc_polytech\\semester_3\\back_end\\assignments\\capstone_project\\src\\api\\nba\\controllers\\playerController.ts","statementMap":{"0":{"start":{"line":2,"column":0},"end":{"line":2,"column":57}},"1":{"start":{"line":3,"column":0},"end":{"line":3,"column":58}},"2":{"start":{"line":5,"column":0},"end":{"line":5,"column":58}},"3":{"start":{"line":8,"column":28},"end":{"line":37,"column":2}},"4":{"start":{"line":8,"column":101},"end":{"line":37,"column":2}},"5":{"start":{"line":9,"column":4},"end":{"line":36,"column":5}},"6":{"start":{"line":17,"column":24},"end":{"line":17,"column":32}},"7":{"start":{"line":19,"column":38},"end":{"line":27,"column":10}},"8":{"start":{"line":30,"column":8},"end":{"line":32,"column":10}},"9":{"start":{"line":35,"column":8},"end":{"line":35,"column":20}},"10":{"start":{"line":8,"column":13},"end":{"line":8,"column":28}},"11":{"start":{"line":40,"column":29},"end":{"line":55,"column":2}},"12":{"start":{"line":40,"column":102},"end":{"line":55,"column":2}},"13":{"start":{"line":41,"column":4},"end":{"line":54,"column":5}},"14":{"start":{"line":42,"column":37},"end":{"line":42,"column":72}},"15":{"start":{"line":44,"column":8},"end":{"line":48,"column":9}},"16":{"start":{"line":45,"column":12},"end":{"line":47,"column":14}},"17":{"start":{"line":52,"column":8},"end":{"line":52,"column":20}},"18":{"start":{"line":40,"column":13},"end":{"line":40,"column":29}},"19":{"start":{"line":57,"column":26},"end":{"line":72,"column":2}},"20":{"start":{"line":57,"column":99},"end":{"line":72,"column":2}},"21":{"start":{"line":58,"column":4},"end":{"line":71,"column":5}},"22":{"start":{"line":59,"column":37},"end":{"line":59,"column":69}},"23":{"start":{"line":61,"column":8},"end":{"line":65,"column":9}},"24":{"start":{"line":62,"column":12},"end":{"line":64,"column":14}},"25":{"start":{"line":69,"column":8},"end":{"line":69,"column":20}},"26":{"start":{"line":57,"column":13},"end":{"line":57,"column":26}},"27":{"start":{"line":74,"column":33},"end":{"line":89,"column":2}},"28":{"start":{"line":74,"column":106},"end":{"line":89,"column":2}},"29":{"start":{"line":75,"column":4},"end":{"line":88,"column":5}},"30":{"start":{"line":76,"column":37},"end":{"line":76,"column":76}},"31":{"start":{"line":78,"column":8},"end":{"line":82,"column":9}},"32":{"start":{"line":79,"column":12},"end":{"line":81,"column":14}},"33":{"start":{"line":86,"column":8},"end":{"line":86,"column":20}},"34":{"start":{"line":74,"column":13},"end":{"line":74,"column":33}},"35":{"start":{"line":92,"column":29},"end":{"line":105,"column":2}},"36":{"start":{"line":92,"column":102},"end":{"line":105,"column":2}},"37":{"start":{"line":93,"column":4},"end":{"line":104,"column":5}},"38":{"start":{"line":94,"column":17},"end":{"line":94,"column":38}},"39":{"start":{"line":96,"column":40},"end":{"line":96,"column":77}},"40":{"start":{"line":98,"column":8},"end":{"line":100,"column":29}},"41":{"start":{"line":103,"column":8},"end":{"line":103,"column":20}},"42":{"start":{"line":92,"column":13},"end":{"line":92,"column":29}},"43":{"start":{"line":107,"column":28},"end":{"line":120,"column":2}},"44":{"start":{"line":107,"column":101},"end":{"line":120,"column":2}},"45":{"start":{"line":108,"column":4},"end":{"line":119,"column":5}},"46":{"start":{"line":109,"column":17},"end":{"line":109,"column":38}},"47":{"start":{"line":110,"column":29},"end":{"line":110,"column":37}},"48":{"start":{"line":112,"column":39},"end":{"line":112,"column":85}},"49":{"start":{"line":114,"column":8},"end":{"line":115,"column":68}},"50":{"start":{"line":118,"column":8},"end":{"line":118,"column":20}},"51":{"start":{"line":107,"column":13},"end":{"line":107,"column":28}},"52":{"start":{"line":122,"column":28},"end":{"line":140,"column":2}},"53":{"start":{"line":122,"column":101},"end":{"line":140,"column":2}},"54":{"start":{"line":123,"column":4},"end":{"line":139,"column":5}},"55":{"start":{"line":125,"column":17},"end":{"line":125,"column":38}},"56":{"start":{"line":127,"column":83},"end":{"line":127,"column":91}},"57":{"start":{"line":129,"column":38},"end":{"line":131,"column":10}},"58":{"start":{"line":133,"column":8},"end":{"line":135,"column":10}},"59":{"start":{"line":138,"column":8},"end":{"line":138,"column":20}},"60":{"start":{"line":122,"column":13},"end":{"line":122,"column":28}}},"fnMap":{"0":{"name":"(anonymous_16)","decl":{"start":{"line":8,"column":28},"end":{"line":8,"column":35}},"loc":{"start":{"line":8,"column":101},"end":{"line":37,"column":2}}},"1":{"name":"(anonymous_17)","decl":{"start":{"line":8,"column":101},"end":{"line":8,"column":null}},"loc":{"start":{"line":8,"column":101},"end":{"line":37,"column":1}}},"2":{"name":"(anonymous_18)","decl":{"start":{"line":40,"column":29},"end":{"line":40,"column":36}},"loc":{"start":{"line":40,"column":102},"end":{"line":55,"column":2}}},"3":{"name":"(anonymous_19)","decl":{"start":{"line":40,"column":102},"end":{"line":40,"column":null}},"loc":{"start":{"line":40,"column":102},"end":{"line":55,"column":1}}},"4":{"name":"(anonymous_20)","decl":{"start":{"line":57,"column":26},"end":{"line":57,"column":33}},"loc":{"start":{"line":57,"column":99},"end":{"line":72,"column":2}}},"5":{"name":"(anonymous_21)","decl":{"start":{"line":57,"column":99},"end":{"line":57,"column":null}},"loc":{"start":{"line":57,"column":99},"end":{"line":72,"column":1}}},"6":{"name":"(anonymous_22)","decl":{"start":{"line":74,"column":33},"end":{"line":74,"column":40}},"loc":{"start":{"line":74,"column":106},"end":{"line":89,"column":2}}},"7":{"name":"(anonymous_23)","decl":{"start":{"line":74,"column":106},"end":{"line":74,"column":null}},"loc":{"start":{"line":74,"column":106},"end":{"line":89,"column":1}}},"8":{"name":"(anonymous_24)","decl":{"start":{"line":92,"column":29},"end":{"line":92,"column":36}},"loc":{"start":{"line":92,"column":102},"end":{"line":105,"column":2}}},"9":{"name":"(anonymous_25)","decl":{"start":{"line":92,"column":102},"end":{"line":92,"column":null}},"loc":{"start":{"line":92,"column":102},"end":{"line":105,"column":1}}},"10":{"name":"(anonymous_26)","decl":{"start":{"line":107,"column":28},"end":{"line":107,"column":35}},"loc":{"start":{"line":107,"column":101},"end":{"line":120,"column":2}}},"11":{"name":"(anonymous_27)","decl":{"start":{"line":107,"column":101},"end":{"line":107,"column":null}},"loc":{"start":{"line":107,"column":101},"end":{"line":120,"column":1}}},"12":{"name":"(anonymous_28)","decl":{"start":{"line":122,"column":28},"end":{"line":122,"column":35}},"loc":{"start":{"line":122,"column":101},"end":{"line":140,"column":2}}},"13":{"name":"(anonymous_29)","decl":{"start":{"line":122,"column":101},"end":{"line":122,"column":null}},"loc":{"start":{"line":122,"column":101},"end":{"line":140,"column":1}}}},"branchMap":{"0":{"loc":{"start":{"line":44,"column":8},"end":{"line":48,"column":9}},"type":"if","locations":[{"start":{"line":44,"column":8},"end":{"line":48,"column":9}},{"start":{},"end":{}}]},"1":{"loc":{"start":{"line":61,"column":8},"end":{"line":65,"column":9}},"type":"if","locations":[{"start":{"line":61,"column":8},"end":{"line":65,"column":9}},{"start":{},"end":{}}]},"2":{"loc":{"start":{"line":78,"column":8},"end":{"line":82,"column":9}},"type":"if","locations":[{"start":{"line":78,"column":8},"end":{"line":82,"column":9}},{"start":{},"end":{}}]}},"s":{"0":0,"1":0,"2":0,"3":0,"4":0,"5":0,"6":0,"7":0,"8":0,"9":0,"10":0,"11":0,"12":0,"13":0,"14":0,"15":0,"16":0,"17":0,"18":0,"19":0,"20":0,"21":0,"22":0,"23":0,"24":0,"25":0,"26":0,"27":0,"28":0,"29":0,"30":0,"31":0,"32":0,"33":0,"34":0,"35":0,"36":0,"37":0,"38":0,"39":0,"40":0,"41":0,"42":0,"43":0,"44":0,"45":0,"46":0,"47":0,"48":0,"49":0,"50":0,"51":0,"52":0,"53":0,"54":0,"55":0,"56":0,"57":0,"58":0,"59":0,"60":0},"f":{"0":0,"1":0,"2":0,"3":0,"4":0,"5":0,"6":0,"7":0,"8":0,"9":0,"10":0,"11":0,"12":0,"13":0},"b":{"0":[0,0],"1":[0,0],"2":[0,0]}}
,"C:\\Users\\Domin\\Documents\\rrc_polytech\\semester_3\\back_end\\assignments\\capstone_project\\src\\api\\nba\\controllers\\possessionsControllers.ts": {"path":"C:\\Users\\Domin\\Documents\\rrc_polytech\\semester_3\\back_end\\assignments\\capstone_project\\src\\api\\nba\\controllers\\possessionsControllers.ts","statementMap":{"0":{"start":{"line":2,"column":0},"end":{"line":2,"column":57}},"1":{"start":{"line":3,"column":0},"end":{"line":3,"column":58}},"2":{"start":{"line":5,"column":0},"end":{"line":5,"column":68}},"3":{"start":{"line":7,"column":30},"end":{"line":20,"column":2}},"4":{"start":{"line":7,"column":103},"end":{"line":20,"column":2}},"5":{"start":{"line":8,"column":4},"end":{"line":19,"column":5}},"6":{"start":{"line":9,"column":17},"end":{"line":9,"column":38}},"7":{"start":{"line":11,"column":44},"end":{"line":11,"column":91}},"8":{"start":{"line":13,"column":8},"end":{"line":15,"column":38}},"9":{"start":{"line":18,"column":8},"end":{"line":18,"column":20}},"10":{"start":{"line":7,"column":13},"end":{"line":7,"column":30}}},"fnMap":{"0":{"name":"(anonymous_16)","decl":{"start":{"line":7,"column":30},"end":{"line":7,"column":37}},"loc":{"start":{"line":7,"column":103},"end":{"line":20,"column":2}}},"1":{"name":"(anonymous_17)","decl":{"start":{"line":7,"column":103},"end":{"line":7,"column":null}},"loc":{"start":{"line":7,"column":103},"end":{"line":20,"column":1}}}},"branchMap":{},"s":{"0":0,"1":0,"2":0,"3":0,"4":0,"5":0,"6":0,"7":0,"8":0,"9":0,"10":0},"f":{"0":0,"1":0},"b":{}}
,"C:\\Users\\Domin\\Documents\\rrc_polytech\\semester_3\\back_end\\assignments\\capstone_project\\src\\api\\nba\\controllers\\teamController.ts": {"path":"C:\\Users\\Domin\\Documents\\rrc_polytech\\semester_3\\back_end\\assignments\\capstone_project\\src\\api\\nba\\controllers\\teamController.ts","statementMap":{"0":{"start":{"line":2,"column":0},"end":{"line":2,"column":57}},"1":{"start":{"line":3,"column":0},"end":{"line":3,"column":58}},"2":{"start":{"line":5,"column":0},"end":{"line":5,"column":54}},"3":{"start":{"line":8,"column":26},"end":{"line":25,"column":2}},"4":{"start":{"line":8,"column":99},"end":{"line":25,"column":2}},"5":{"start":{"line":9,"column":4},"end":{"line":24,"column":5}},"6":{"start":{"line":11,"column":24},"end":{"line":11,"column":32}},"7":{"start":{"line":13,"column":34},"end":{"line":15,"column":10}},"8":{"start":{"line":18,"column":8},"end":{"line":20,"column":10}},"9":{"start":{"line":23,"column":8},"end":{"line":23,"column":20}},"10":{"start":{"line":8,"column":13},"end":{"line":8,"column":26}},"11":{"start":{"line":27,"column":24},"end":{"line":43,"column":2}},"12":{"start":{"line":27,"column":97},"end":{"line":43,"column":2}},"13":{"start":{"line":28,"column":4},"end":{"line":41,"column":5}},"14":{"start":{"line":29,"column":33},"end":{"line":29,"column":61}},"15":{"start":{"line":31,"column":8},"end":{"line":35,"column":9}},"16":{"start":{"line":32,"column":12},"end":{"line":34,"column":14}},"17":{"start":{"line":39,"column":8},"end":{"line":39,"column":20}},"18":{"start":{"line":27,"column":13},"end":{"line":27,"column":24}},"19":{"start":{"line":45,"column":30},"end":{"line":61,"column":2}},"20":{"start":{"line":45,"column":103},"end":{"line":61,"column":2}},"21":{"start":{"line":46,"column":4},"end":{"line":60,"column":5}},"22":{"start":{"line":48,"column":17},"end":{"line":48,"column":38}},"23":{"start":{"line":50,"column":28},"end":{"line":50,"column":36}},"24":{"start":{"line":52,"column":34},"end":{"line":52,"column":79}},"25":{"start":{"line":54,"column":8},"end":{"line":56,"column":10}},"26":{"start":{"line":59,"column":8},"end":{"line":59,"column":20}},"27":{"start":{"line":45,"column":13},"end":{"line":45,"column":30}},"28":{"start":{"line":63,"column":28},"end":{"line":73,"column":null}},"29":{"start":{"line":63,"column":101},"end":{"line":73,"column":null}},"30":{"start":{"line":64,"column":13},"end":{"line":64,"column":34}},"31":{"start":{"line":66,"column":25},"end":{"line":66,"column":33}},"32":{"start":{"line":68,"column":30},"end":{"line":68,"column":74}},"33":{"start":{"line":70,"column":4},"end":{"line":72,"column":6}},"34":{"start":{"line":63,"column":13},"end":{"line":63,"column":28}},"35":{"start":{"line":75,"column":28},"end":{"line":85,"column":null}},"36":{"start":{"line":75,"column":101},"end":{"line":85,"column":null}},"37":{"start":{"line":76,"column":13},"end":{"line":76,"column":34}},"38":{"start":{"line":78,"column":25},"end":{"line":78,"column":33}},"39":{"start":{"line":80,"column":30},"end":{"line":80,"column":74}},"40":{"start":{"line":82,"column":4},"end":{"line":84,"column":6}},"41":{"start":{"line":75,"column":13},"end":{"line":75,"column":28}}},"fnMap":{"0":{"name":"(anonymous_16)","decl":{"start":{"line":8,"column":26},"end":{"line":8,"column":33}},"loc":{"start":{"line":8,"column":99},"end":{"line":25,"column":2}}},"1":{"name":"(anonymous_17)","decl":{"start":{"line":8,"column":99},"end":{"line":8,"column":null}},"loc":{"start":{"line":8,"column":99},"end":{"line":25,"column":1}}},"2":{"name":"(anonymous_18)","decl":{"start":{"line":27,"column":24},"end":{"line":27,"column":31}},"loc":{"start":{"line":27,"column":97},"end":{"line":43,"column":2}}},"3":{"name":"(anonymous_19)","decl":{"start":{"line":27,"column":97},"end":{"line":27,"column":null}},"loc":{"start":{"line":27,"column":97},"end":{"line":43,"column":1}}},"4":{"name":"(anonymous_20)","decl":{"start":{"line":45,"column":30},"end":{"line":45,"column":37}},"loc":{"start":{"line":45,"column":103},"end":{"line":61,"column":2}}},"5":{"name":"(anonymous_21)","decl":{"start":{"line":45,"column":103},"end":{"line":45,"column":null}},"loc":{"start":{"line":45,"column":103},"end":{"line":61,"column":1}}},"6":{"name":"(anonymous_22)","decl":{"start":{"line":63,"column":28},"end":{"line":63,"column":35}},"loc":{"start":{"line":63,"column":101},"end":{"line":73,"column":null}}},"7":{"name":"(anonymous_23)","decl":{"start":{"line":63,"column":101},"end":{"line":63,"column":null}},"loc":{"start":{"line":63,"column":101},"end":{"line":73,"column":1}}},"8":{"name":"(anonymous_24)","decl":{"start":{"line":75,"column":28},"end":{"line":75,"column":35}},"loc":{"start":{"line":75,"column":101},"end":{"line":85,"column":null}}},"9":{"name":"(anonymous_25)","decl":{"start":{"line":75,"column":101},"end":{"line":75,"column":null}},"loc":{"start":{"line":75,"column":101},"end":{"line":85,"column":1}}}},"branchMap":{"0":{"loc":{"start":{"line":31,"column":8},"end":{"line":35,"column":9}},"type":"if","locations":[{"start":{"line":31,"column":8},"end":{"line":35,"column":9}},{"start":{},"end":{}}]}},"s":{"0":0,"1":0,"2":0,"3":0,"4":0,"5":0,"6":0,"7":0,"8":0,"9":0,"10":0,"11":0,"12":0,"13":0,"14":0,"15":0,"16":0,"17":0,"18":0,"19":0,"20":0,"21":0,"22":0,"23":0,"24":0,"25":0,"26":0,"27":0,"28":0,"29":0,"30":0,"31":0,"32":0,"33":0,"34":0,"35":0,"36":0,"37":0,"38":0,"39":0,"40":0,"41":0},"f":{"0":0,"1":0,"2":0,"3":0,"4":0,"5":0,"6":0,"7":0,"8":0,"9":0},"b":{"0":[0,0]}}
,"C:\\Users\\Domin\\Documents\\rrc_polytech\\semester_3\\back_end\\assignments\\capstone_project\\src\\api\\nba\\models\\responseModel.ts": {"path":"C:\\Users\\Domin\\Documents\\rrc_polytech\\semester_3\\back_end\\assignments\\capstone_project\\src\\api\\nba\\models\\responseModel.ts","statementMap":{"0":{"start":{"line":9,"column":31},"end":{"line":16,"column":2}},"1":{"start":{"line":12,"column":22},"end":{"line":16,"column":2}},"2":{"start":{"line":9,"column":13},"end":{"line":9,"column":31}},"3":{"start":{"line":18,"column":29},"end":{"line":25,"column":2}},"4":{"start":{"line":18,"column":65},"end":{"line":25,"column":2}},"5":{"start":{"line":18,"column":13},"end":{"line":18,"column":29}}},"fnMap":{"0":{"name":"(anonymous_0)","decl":{"start":{"line":9,"column":31},"end":{"line":9,"column":null}},"loc":{"start":{"line":12,"column":22},"end":{"line":16,"column":2}}},"1":{"name":"(anonymous_1)","decl":{"start":{"line":18,"column":29},"end":{"line":18,"column":30}},"loc":{"start":{"line":18,"column":65},"end":{"line":25,"column":2}}}},"branchMap":{},"s":{"0":0,"1":0,"2":0,"3":0,"4":0,"5":0},"f":{"0":0,"1":0},"b":{}}
,"C:\\Users\\Domin\\Documents\\rrc_polytech\\semester_3\\back_end\\assignments\\capstone_project\\src\\api\\nba\\models\\matchSim\\shotModel.ts": {"path":"C:\\Users\\Domin\\Documents\\rrc_polytech\\semester_3\\back_end\\assignments\\capstone_project\\src\\api\\nba\\models\\matchSim\\shotModel.ts","statementMap":{"0":{"start":{"line":1,"column":0},"end":{"line":1,"column":null}},"1":{"start":{"line":2,"column":4},"end":{"line":2,"column":null}},"2":{"start":{"line":3,"column":4},"end":{"line":3,"column":null}},"3":{"start":{"line":4,"column":4},"end":{"line":4,"column":null}}},"fnMap":{"0":{"name":"(anonymous_0)","decl":{"start":{"line":1,"column":0},"end":{"line":1,"column":12}},"loc":{"start":{"line":1,"column":16},"end":{"line":5,"column":1}}}},"branchMap":{"0":{"loc":{"start":{"line":1,"column":12},"end":{"line":1,"column":null}},"type":"binary-expr","locations":[{"start":{"line":1,"column":12},"end":{"line":1,"column":16}},{"start":{"line":1,"column":16},"end":{"line":1,"column":null}}]}},"s":{"0":1,"1":1,"2":1,"3":1},"f":{"0":1},"b":{"0":[1,1]}}
,"C:\\Users\\Domin\\Documents\\rrc_polytech\\semester_3\\back_end\\assignments\\capstone_project\\src\\api\\nba\\models\\people\\playerModel.ts": {"path":"C:\\Users\\Domin\\Documents\\rrc_polytech\\semester_3\\back_end\\assignments\\capstone_project\\src\\api\\nba\\models\\people\\playerModel.ts","statementMap":{"0":{"start":{"line":15,"column":0},"end":{"line":15,"column":null}},"1":{"start":{"line":16,"column":4},"end":{"line":16,"column":null}},"2":{"start":{"line":17,"column":4},"end":{"line":17,"column":null}},"3":{"start":{"line":18,"column":4},"end":{"line":18,"column":null}},"4":{"start":{"line":19,"column":4},"end":{"line":19,"column":null}},"5":{"start":{"line":20,"column":4},"end":{"line":20,"column":null}}},"fnMap":{"0":{"name":"(anonymous_0)","decl":{"start":{"line":15,"column":0},"end":{"line":15,"column":12}},"loc":{"start":{"line":15,"column":20},"end":{"line":21,"column":1}}}},"branchMap":{"0":{"loc":{"start":{"line":15,"column":12},"end":{"line":15,"column":null}},"type":"binary-expr","locations":[{"start":{"line":15,"column":12},"end":{"line":15,"column":20}},{"start":{"line":15,"column":20},"end":{"line":15,"column":null}}]}},"s":{"0":3,"1":3,"2":3,"3":3,"4":3,"5":3},"f":{"0":3},"b":{"0":[3,3]}}
,"C:\\Users\\Domin\\Documents\\rrc_polytech\\semester_3\\back_end\\assignments\\capstone_project\\src\\api\\nba\\repositories\\firestoreRepositories.ts": {"path":"C:\\Users\\Domin\\Documents\\rrc_polytech\\semester_3\\back_end\\assignments\\capstone_project\\src\\api\\nba\\repositories\\firestoreRepositories.ts","statementMap":{"0":{"start":{"line":1,"column":0},"end":{"line":1,"column":55}},"1":{"start":{"line":14,"column":30},"end":{"line":24,"column":2}},"2":{"start":{"line":16,"column":16},"end":{"line":24,"column":2}},"3":{"start":{"line":17,"column":4},"end":{"line":23,"column":5}},"4":{"start":{"line":18,"column":8},"end":{"line":18,"column":51}},"5":{"start":{"line":21,"column":12},"end":{"line":21,"column":68}},"6":{"start":{"line":22,"column":8},"end":{"line":22,"column":63}},"7":{"start":{"line":14,"column":13},"end":{"line":14,"column":30}},"8":{"start":{"line":32,"column":30},"end":{"line":55,"column":2}},"9":{"start":{"line":36,"column":21},"end":{"line":55,"column":2}},"10":{"start":{"line":37,"column":4},"end":{"line":54,"column":5}},"11":{"start":{"line":40,"column":8},"end":{"line":45,"column":9}},"12":{"start":{"line":41,"column":12},"end":{"line":41,"column":59}},"13":{"start":{"line":42,"column":12},"end":{"line":42,"column":35}},"14":{"start":{"line":44,"column":12},"end":{"line":44,"column":67}},"15":{"start":{"line":47,"column":8},"end":{"line":47,"column":25}},"16":{"start":{"line":50,"column":12},"end":{"line":50,"column":68}},"17":{"start":{"line":51,"column":8},"end":{"line":53,"column":10}},"18":{"start":{"line":32,"column":13},"end":{"line":32,"column":30}},"19":{"start":{"line":62,"column":28},"end":{"line":74,"column":2}},"20":{"start":{"line":64,"column":46},"end":{"line":74,"column":2}},"21":{"start":{"line":65,"column":4},"end":{"line":73,"column":5}},"22":{"start":{"line":66,"column":8},"end":{"line":66,"column":57}},"23":{"start":{"line":69,"column":12},"end":{"line":69,"column":68}},"24":{"start":{"line":70,"column":8},"end":{"line":72,"column":10}},"25":{"start":{"line":62,"column":13},"end":{"line":62,"column":28}},"26":{"start":{"line":82,"column":31},"end":{"line":99,"column":2}},"27":{"start":{"line":85,"column":56},"end":{"line":99,"column":2}},"28":{"start":{"line":86,"column":4},"end":{"line":98,"column":5}},"29":{"start":{"line":87,"column":56},"end":{"line":90,"column":18}},"30":{"start":{"line":91,"column":8},"end":{"line":91,"column":40}},"31":{"start":{"line":94,"column":12},"end":{"line":94,"column":68}},"32":{"start":{"line":95,"column":8},"end":{"line":97,"column":10}},"33":{"start":{"line":82,"column":13},"end":{"line":82,"column":31}},"34":{"start":{"line":108,"column":30},"end":{"line":122,"column":2}},"35":{"start":{"line":112,"column":19},"end":{"line":122,"column":2}},"36":{"start":{"line":113,"column":4},"end":{"line":121,"column":5}},"37":{"start":{"line":114,"column":8},"end":{"line":114,"column":65}},"38":{"start":{"line":117,"column":12},"end":{"line":117,"column":68}},"39":{"start":{"line":118,"column":8},"end":{"line":120,"column":10}},"40":{"start":{"line":108,"column":13},"end":{"line":108,"column":30}},"41":{"start":{"line":132,"column":30},"end":{"line":153,"column":2}},"42":{"start":{"line":136,"column":19},"end":{"line":153,"column":2}},"43":{"start":{"line":137,"column":4},"end":{"line":152,"column":5}},"44":{"start":{"line":138,"column":60},"end":{"line":140,"column":20}},"45":{"start":{"line":141,"column":8},"end":{"line":145,"column":9}},"46":{"start":{"line":142,"column":12},"end":{"line":142,"column":39}},"47":{"start":{"line":144,"column":12},"end":{"line":144,"column":34}},"48":{"start":{"line":148,"column":12},"end":{"line":148,"column":68}},"49":{"start":{"line":149,"column":8},"end":{"line":151,"column":10}},"50":{"start":{"line":132,"column":13},"end":{"line":132,"column":30}},"51":{"start":{"line":163,"column":44},"end":{"line":201,"column":2}},"52":{"start":{"line":167,"column":19},"end":{"line":201,"column":2}},"53":{"start":{"line":168,"column":4},"end":{"line":200,"column":5}},"54":{"start":{"line":169,"column":45},"end":{"line":169,"column":74}},"55":{"start":{"line":172,"column":8},"end":{"line":174,"column":11}},"56":{"start":{"line":173,"column":12},"end":{"line":173,"column":61}},"57":{"start":{"line":178,"column":8},"end":{"line":190,"column":9}},"58":{"start":{"line":179,"column":12},"end":{"line":179,"column":52}},"59":{"start":{"line":180,"column":12},"end":{"line":182,"column":15}},"60":{"start":{"line":181,"column":16},"end":{"line":181,"column":44}},"61":{"start":{"line":184,"column":12},"end":{"line":184,"column":41}},"62":{"start":{"line":185,"column":56},"end":{"line":185,"column":66}},"63":{"start":{"line":186,"column":12},"end":{"line":188,"column":15}},"64":{"start":{"line":187,"column":16},"end":{"line":187,"column":38}},"65":{"start":{"line":189,"column":12},"end":{"line":189,"column":33}},"66":{"start":{"line":192,"column":41},"end":{"line":194,"column":26}},"67":{"start":{"line":193,"column":48},"end":{"line":193,"column":79}},"68":{"start":{"line":196,"column":12},"end":{"line":196,"column":68}},"69":{"start":{"line":197,"column":8},"end":{"line":199,"column":10}},"70":{"start":{"line":163,"column":13},"end":{"line":163,"column":44}},"71":{"start":{"line":209,"column":41},"end":{"line":232,"column":2}},"72":{"start":{"line":212,"column":46},"end":{"line":232,"column":2}},"73":{"start":{"line":213,"column":4},"end":{"line":231,"column":5}},"74":{"start":{"line":214,"column":45},"end":{"line":214,"column":74}},"75":{"start":{"line":217,"column":8},"end":{"line":219,"column":11}},"76":{"start":{"line":218,"column":12},"end":{"line":218,"column":61}},"77":{"start":{"line":221,"column":8},"end":{"line":221,"column":33}},"78":{"start":{"line":223,"column":41},"end":{"line":225,"column":26}},"79":{"start":{"line":224,"column":48},"end":{"line":224,"column":79}},"80":{"start":{"line":227,"column":12},"end":{"line":227,"column":68}},"81":{"start":{"line":228,"column":8},"end":{"line":230,"column":10}},"82":{"start":{"line":209,"column":13},"end":{"line":209,"column":41}}},"fnMap":{"0":{"name":"(anonymous_7)","decl":{"start":{"line":14,"column":30},"end":{"line":14,"column":null}},"loc":{"start":{"line":16,"column":16},"end":{"line":24,"column":2}}},"1":{"name":"(anonymous_8)","decl":{"start":{"line":16,"column":16},"end":{"line":16,"column":null}},"loc":{"start":{"line":16,"column":16},"end":{"line":24,"column":1}}},"2":{"name":"(anonymous_9)","decl":{"start":{"line":32,"column":30},"end":{"line":32,"column":null}},"loc":{"start":{"line":36,"column":21},"end":{"line":55,"column":2}}},"3":{"name":"(anonymous_10)","decl":{"start":{"line":36,"column":21},"end":{"line":36,"column":null}},"loc":{"start":{"line":36,"column":21},"end":{"line":55,"column":1}}},"4":{"name":"(anonymous_11)","decl":{"start":{"line":62,"column":28},"end":{"line":62,"column":null}},"loc":{"start":{"line":64,"column":46},"end":{"line":74,"column":2}}},"5":{"name":"(anonymous_12)","decl":{"start":{"line":64,"column":46},"end":{"line":64,"column":null}},"loc":{"start":{"line":64,"column":46},"end":{"line":74,"column":1}}},"6":{"name":"(anonymous_13)","decl":{"start":{"line":82,"column":31},"end":{"line":82,"column":null}},"loc":{"start":{"line":85,"column":56},"end":{"line":99,"column":2}}},"7":{"name":"(anonymous_14)","decl":{"start":{"line":85,"column":56},"end":{"line":85,"column":null}},"loc":{"start":{"line":85,"column":56},"end":{"line":99,"column":1}}},"8":{"name":"(anonymous_15)","decl":{"start":{"line":108,"column":30},"end":{"line":108,"column":null}},"loc":{"start":{"line":112,"column":19},"end":{"line":122,"column":2}}},"9":{"name":"(anonymous_16)","decl":{"start":{"line":112,"column":19},"end":{"line":112,"column":null}},"loc":{"start":{"line":112,"column":19},"end":{"line":122,"column":1}}},"10":{"name":"(anonymous_17)","decl":{"start":{"line":132,"column":30},"end":{"line":132,"column":null}},"loc":{"start":{"line":136,"column":19},"end":{"line":153,"column":2}}},"11":{"name":"(anonymous_18)","decl":{"start":{"line":136,"column":19},"end":{"line":136,"column":null}},"loc":{"start":{"line":136,"column":19},"end":{"line":153,"column":1}}},"12":{"name":"(anonymous_19)","decl":{"start":{"line":163,"column":44},"end":{"line":163,"column":null}},"loc":{"start":{"line":167,"column":19},"end":{"line":201,"column":2}}},"13":{"name":"(anonymous_20)","decl":{"start":{"line":167,"column":19},"end":{"line":167,"column":null}},"loc":{"start":{"line":167,"column":19},"end":{"line":201,"column":1}}},"14":{"name":"(anonymous_21)","decl":{"start":{"line":172,"column":32},"end":{"line":172,"column":33}},"loc":{"start":{"line":172,"column":62},"end":{"line":174,"column":9}}},"15":{"name":"(anonymous_22)","decl":{"start":{"line":180,"column":34},"end":{"line":180,"column":35}},"loc":{"start":{"line":180,"column":42},"end":{"line":182,"column":13}}},"16":{"name":"(anonymous_23)","decl":{"start":{"line":186,"column":34},"end":{"line":186,"column":35}},"loc":{"start":{"line":186,"column":42},"end":{"line":188,"column":13}}},"17":{"name":"(anonymous_24)","decl":{"start":{"line":193,"column":17},"end":{"line":193,"column":18}},"loc":{"start":{"line":193,"column":48},"end":{"line":193,"column":79}}},"18":{"name":"(anonymous_25)","decl":{"start":{"line":209,"column":41},"end":{"line":209,"column":null}},"loc":{"start":{"line":212,"column":46},"end":{"line":232,"column":2}}},"19":{"name":"(anonymous_26)","decl":{"start":{"line":212,"column":46},"end":{"line":212,"column":null}},"loc":{"start":{"line":212,"column":46},"end":{"line":232,"column":1}}},"20":{"name":"(anonymous_27)","decl":{"start":{"line":217,"column":32},"end":{"line":217,"column":33}},"loc":{"start":{"line":217,"column":62},"end":{"line":219,"column":9}}},"21":{"name":"(anonymous_28)","decl":{"start":{"line":224,"column":17},"end":{"line":224,"column":18}},"loc":{"start":{"line":224,"column":48},"end":{"line":224,"column":79}}}},"branchMap":{"0":{"loc":{"start":{"line":21,"column":12},"end":{"line":21,"column":68}},"type":"cond-expr","locations":[{"start":{"line":21,"column":37},"end":{"line":21,"column":50}},{"start":{"line":21,"column":53},"end":{"line":21,"column":68}}]},"1":{"loc":{"start":{"line":40,"column":8},"end":{"line":45,"column":9}},"type":"if","locations":[{"start":{"line":40,"column":8},"end":{"line":45,"column":9}},{"start":{"line":43,"column":15},"end":{"line":45,"column":9}}]},"2":{"loc":{"start":{"line":50,"column":12},"end":{"line":50,"column":68}},"type":"cond-expr","locations":[{"start":{"line":50,"column":37},"end":{"line":50,"column":50}},{"start":{"line":50,"column":53},"end":{"line":50,"column":68}}]},"3":{"loc":{"start":{"line":69,"column":12},"end":{"line":69,"column":68}},"type":"cond-expr","locations":[{"start":{"line":69,"column":37},"end":{"line":69,"column":50}},{"start":{"line":69,"column":53},"end":{"line":69,"column":68}}]},"4":{"loc":{"start":{"line":91,"column":15},"end":{"line":91,"column":39}},"type":"cond-expr","locations":[{"start":{"line":91,"column":29},"end":{"line":91,"column":32}},{"start":{"line":91,"column":35},"end":{"line":91,"column":39}}]},"5":{"loc":{"start":{"line":91,"column":15},"end":{"line":91,"column":26}},"type":"cond-expr","locations":[{"start":{"line":91,"column":18},"end":{"line":91,"column":20}},{"start":{"line":91,"column":15},"end":{"line":91,"column":26}}]},"6":{"loc":{"start":{"line":91,"column":15},"end":{"line":91,"column":20}},"type":"binary-expr","locations":[{"start":{"line":91,"column":15},"end":{"line":91,"column":20}},{"start":{"line":91,"column":15},"end":{"line":91,"column":20}}]},"7":{"loc":{"start":{"line":94,"column":12},"end":{"line":94,"column":68}},"type":"cond-expr","locations":[{"start":{"line":94,"column":37},"end":{"line":94,"column":50}},{"start":{"line":94,"column":53},"end":{"line":94,"column":68}}]},"8":{"loc":{"start":{"line":117,"column":12},"end":{"line":117,"column":68}},"type":"cond-expr","locations":[{"start":{"line":117,"column":37},"end":{"line":117,"column":50}},{"start":{"line":117,"column":53},"end":{"line":117,"column":68}}]},"9":{"loc":{"start":{"line":141,"column":8},"end":{"line":145,"column":9}},"type":"if","locations":[{"start":{"line":141,"column":8},"end":{"line":145,"column":9}},{"start":{"line":143,"column":15},"end":{"line":145,"column":9}}]},"10":{"loc":{"start":{"line":148,"column":12},"end":{"line":148,"column":68}},"type":"cond-expr","locations":[{"start":{"line":148,"column":37},"end":{"line":148,"column":50}},{"start":{"line":148,"column":53},"end":{"line":148,"column":68}}]},"11":{"loc":{"start":{"line":178,"column":8},"end":{"line":190,"column":9}},"type":"if","locations":[{"start":{"line":178,"column":8},"end":{"line":190,"column":9}},{"start":{"line":183,"column":15},"end":{"line":190,"column":9}}]},"12":{"loc":{"start":{"line":196,"column":12},"end":{"line":196,"column":68}},"type":"cond-expr","locations":[{"start":{"line":196,"column":37},"end":{"line":196,"column":50}},{"start":{"line":196,"column":53},"end":{"line":196,"column":68}}]},"13":{"loc":{"start":{"line":227,"column":12},"end":{"line":227,"column":68}},"type":"cond-expr","locations":[{"start":{"line":227,"column":37},"end":{"line":227,"column":50}},{"start":{"line":227,"column":53},"end":{"line":227,"column":68}}]}},"s":{"0":4,"1":4,"2":0,"3":0,"4":0,"5":0,"6":0,"7":4,"8":4,"9":0,"10":0,"11":0,"12":0,"13":0,"14":0,"15":0,"16":0,"17":0,"18":4,"19":4,"20":0,"21":0,"22":0,"23":0,"24":0,"25":4,"26":4,"27":0,"28":0,"29":0,"30":0,"31":0,"32":0,"33":4,"34":4,"35":0,"36":0,"37":0,"38":0,"39":0,"40":4,"41":4,"42":0,"43":0,"44":0,"45":0,"46":0,"47":0,"48":0,"49":0,"50":4,"51":4,"52":0,"53":0,"54":0,"55":0,"56":0,"57":0,"58":0,"59":0,"60":0,"61":0,"62":0,"63":0,"64":0,"65":0,"66":0,"67":0,"68":0,"69":0,"70":4,"71":4,"72":0,"73":0,"74":0,"75":0,"76":0,"77":0,"78":0,"79":0,"80":0,"81":0,"82":4},"f":{"0":0,"1":0,"2":0,"3":0,"4":0,"5":0,"6":0,"7":0,"8":0,"9":0,"10":0,"11":0,"12":0,"13":0,"14":0,"15":0,"16":0,"17":0,"18":0,"19":0,"20":0,"21":0},"b":{"0":[0,0],"1":[0,0],"2":[0,0],"3":[0,0],"4":[0,0],"5":[0,0],"6":[0,0],"7":[0,0],"8":[0,0],"9":[0,0],"10":[0,0],"11":[0,0],"12":[0,0],"13":[0,0]}}
,"C:\\Users\\Domin\\Documents\\rrc_polytech\\semester_3\\back_end\\assignments\\capstone_project\\src\\api\\nba\\routes\\coachRoutes.ts": {"path":"C:\\Users\\Domin\\Documents\\rrc_polytech\\semester_3\\back_end\\assignments\\capstone_project\\src\\api\\nba\\routes\\coachRoutes.ts","statementMap":{"0":{"start":{"line":1,"column":0},"end":{"line":1,"column":42}},"1":{"start":{"line":2,"column":0},"end":{"line":2,"column":66}},"2":{"start":{"line":5,"column":23},"end":{"line":5,"column":39}},"3":{"start":{"line":39,"column":0},"end":{"line":39,"column":46}},"4":{"start":{"line":55,"column":0},"end":{"line":55,"column":44}},"5":{"start":{"line":93,"column":0},"end":{"line":93,"column":48}},"6":{"start":{"line":95,"column":0},"end":{"line":95,"column":22}}},"fnMap":{},"branchMap":{},"s":{"0":0,"1":0,"2":0,"3":0,"4":0,"5":0,"6":0},"f":{},"b":{}}
,"C:\\Users\\Domin\\Documents\\rrc_polytech\\semester_3\\back_end\\assignments\\capstone_project\\src\\api\\nba\\routes\\matchRoutes.ts": {"path":"C:\\Users\\Domin\\Documents\\rrc_polytech\\semester_3\\back_end\\assignments\\capstone_project\\src\\api\\nba\\routes\\matchRoutes.ts","statementMap":{"0":{"start":{"line":1,"column":0},"end":{"line":1,"column":33}},"1":{"start":{"line":2,"column":0},"end":{"line":2,"column":66}},"2":{"start":{"line":4,"column":15},"end":{"line":4,"column":23}},"3":{"start":{"line":37,"column":0},"end":{"line":37,"column":45}},"4":{"start":{"line":54,"column":0},"end":{"line":54,"column":51}},"5":{"start":{"line":71,"column":0},"end":{"line":71,"column":42}},"6":{"start":{"line":94,"column":0},"end":{"line":94,"column":53}},"7":{"start":{"line":118,"column":0},"end":{"line":118,"column":52}},"8":{"start":{"line":153,"column":0},"end":{"line":153,"column":55}},"9":{"start":{"line":155,"column":0},"end":{"line":155,"column":22}}},"fnMap":{},"branchMap":{},"s":{"0":0,"1":0,"2":0,"3":0,"4":0,"5":0,"6":0,"7":0,"8":0,"9":0},"f":{},"b":{}}
,"C:\\Users\\Domin\\Documents\\rrc_polytech\\semester_3\\back_end\\assignments\\capstone_project\\src\\api\\nba\\routes\\playerRoutes.ts": {"path":"C:\\Users\\Domin\\Documents\\rrc_polytech\\semester_3\\back_end\\assignments\\capstone_project\\src\\api\\nba\\routes\\playerRoutes.ts","statementMap":{"0":{"start":{"line":1,"column":0},"end":{"line":1,"column":42}},"1":{"start":{"line":2,"column":0},"end":{"line":2,"column":68}},"2":{"start":{"line":4,"column":23},"end":{"line":4,"column":39}},"3":{"start":{"line":47,"column":0},"end":{"line":47,"column":48}},"4":{"start":{"line":59,"column":0},"end":{"line":59,"column":54}},"5":{"start":{"line":71,"column":0},"end":{"line":71,"column":45}},"6":{"start":{"line":83,"column":0},"end":{"line":83,"column":60}},"7":{"start":{"line":101,"column":0},"end":{"line":101,"column":51}},"8":{"start":{"line":131,"column":0},"end":{"line":131,"column":57}},"9":{"start":{"line":163,"column":0},"end":{"line":163,"column":57}},"10":{"start":{"line":166,"column":0},"end":{"line":166,"column":22}}},"fnMap":{},"branchMap":{},"s":{"0":0,"1":0,"2":0,"3":0,"4":0,"5":0,"6":0,"7":0,"8":0,"9":0,"10":0},"f":{},"b":{}}
,"C:\\Users\\Domin\\Documents\\rrc_polytech\\semester_3\\back_end\\assignments\\capstone_project\\src\\api\\nba\\routes\\possessionsRoutes.ts": {"path":"C:\\Users\\Domin\\Documents\\rrc_polytech\\semester_3\\back_end\\assignments\\capstone_project\\src\\api\\nba\\routes\\possessionsRoutes.ts","statementMap":{"0":{"start":{"line":1,"column":0},"end":{"line":1,"column":33}},"1":{"start":{"line":2,"column":0},"end":{"line":2,"column":80}},"2":{"start":{"line":4,"column":15},"end":{"line":4,"column":23}},"3":{"start":{"line":6,"column":0},"end":{"line":6,"column":58}},"4":{"start":{"line":8,"column":0},"end":{"line":8,"column":22}}},"fnMap":{},"branchMap":{},"s":{"0":0,"1":0,"2":0,"3":0,"4":0},"f":{},"b":{}}
,"C:\\Users\\Domin\\Documents\\rrc_polytech\\semester_3\\back_end\\assignments\\capstone_project\\src\\api\\nba\\routes\\teamRoutes.ts": {"path":"C:\\Users\\Domin\\Documents\\rrc_polytech\\semester_3\\back_end\\assignments\\capstone_project\\src\\api\\nba\\routes\\teamRoutes.ts","statementMap":{"0":{"start":{"line":1,"column":0},"end":{"line":1,"column":42}},"1":{"start":{"line":2,"column":0},"end":{"line":2,"column":64}},"2":{"start":{"line":4,"column":23},"end":{"line":4,"column":39}},"3":{"start":{"line":26,"column":0},"end":{"line":26,"column":44}},"4":{"start":{"line":38,"column":0},"end":{"line":38,"column":41}},"5":{"start":{"line":67,"column":0},"end":{"line":67,"column":55}},"6":{"start":{"line":95,"column":0},"end":{"line":95,"column":55}},"7":{"start":{"line":123,"column":0},"end":{"line":123,"column":58}},"8":{"start":{"line":125,"column":0},"end":{"line":125,"column":22}}},"fnMap":{},"branchMap":{},"s":{"0":0,"1":0,"2":0,"3":0,"4":0,"5":0,"6":0,"7":0,"8":0},"f":{},"b":{}}
,"C:\\Users\\Domin\\Documents\\rrc_polytech\\semester_3\\back_end\\assignments\\capstone_project\\src\\api\\nba\\services\\coachService.ts": {"path":"C:\\Users\\Domin\\Documents\\rrc_polytech\\semester_3\\back_end\\assignments\\capstone_project\\src\\api\\nba\\services\\coachService.ts","statementMap":{"0":{"start":{"line":7,"column":0},"end":{"line":7,"column":null}},"1":{"start":{"line":14,"column":27},"end":{"line":14,"column":36}},"2":{"start":{"line":16,"column":16},"end":{"line":16,"column":26}},"3":{"start":{"line":18,"column":27},"end":{"line":38,"column":null}},"4":{"start":{"line":21,"column":21},"end":{"line":38,"column":null}},"5":{"start":{"line":22,"column":4},"end":{"line":37,"column":5}},"6":{"start":{"line":23,"column":22},"end":{"line":26,"column":null}},"7":{"start":{"line":29,"column":32},"end":{"line":29,"column":81}},"8":{"start":{"line":31,"column":8},"end":{"line":31,"column":70}},"9":{"start":{"line":36,"column":8},"end":{"line":36,"column":20}},"10":{"start":{"line":18,"column":13},"end":{"line":18,"column":27}},"11":{"start":{"line":40,"column":26},"end":{"line":62,"column":2}},"12":{"start":{"line":40,"column":55},"end":{"line":62,"column":2}},"13":{"start":{"line":42,"column":4},"end":{"line":61,"column":5}},"14":{"start":{"line":43,"column":40},"end":{"line":43,"column":70}},"15":{"start":{"line":44,"column":33},"end":{"line":52,"column":10}},"16":{"start":{"line":45,"column":39},"end":{"line":45,"column":49}},"17":{"start":{"line":46,"column":12},"end":{"line":51,"column":23}},"18":{"start":{"line":54,"column":8},"end":{"line":56,"column":9}},"19":{"start":{"line":55,"column":12},"end":{"line":55,"column":48}},"20":{"start":{"line":58,"column":8},"end":{"line":58,"column":23}},"21":{"start":{"line":60,"column":8},"end":{"line":60,"column":20}},"22":{"start":{"line":40,"column":13},"end":{"line":40,"column":26}},"23":{"start":{"line":64,"column":27},"end":{"line":100,"column":2}},"24":{"start":{"line":70,"column":20},"end":{"line":100,"column":2}},"25":{"start":{"line":71,"column":4},"end":{"line":99,"column":5}},"26":{"start":{"line":73,"column":45},"end":{"line":75,"column":null}},"27":{"start":{"line":78,"column":8},"end":{"line":80,"column":9}},"28":{"start":{"line":79,"column":12},"end":{"line":79,"column":66}},"29":{"start":{"line":82,"column":47},"end":{"line":82,"column":57}},"30":{"start":{"line":83,"column":29},"end":{"line":85,"column":null}},"31":{"start":{"line":88,"column":26},"end":{"line":91,"column":null}},"32":{"start":{"line":94,"column":8},"end":{"line":94,"column":71}},"33":{"start":{"line":95,"column":8},"end":{"line":95,"column":45}},"34":{"start":{"line":98,"column":8},"end":{"line":98,"column":20}},"35":{"start":{"line":64,"column":13},"end":{"line":64,"column":27}}},"fnMap":{"0":{"name":"(anonymous_7)","decl":{"start":{"line":18,"column":27},"end":{"line":18,"column":34}},"loc":{"start":{"line":21,"column":21},"end":{"line":38,"column":null}}},"1":{"name":"(anonymous_8)","decl":{"start":{"line":21,"column":21},"end":{"line":21,"column":null}},"loc":{"start":{"line":21,"column":21},"end":{"line":38,"column":1}}},"2":{"name":"(anonymous_9)","decl":{"start":{"line":40,"column":26},"end":{"line":40,"column":53}},"loc":{"start":{"line":40,"column":55},"end":{"line":62,"column":2}}},"3":{"name":"(anonymous_10)","decl":{"start":{"line":40,"column":55},"end":{"line":40,"column":null}},"loc":{"start":{"line":40,"column":55},"end":{"line":62,"column":1}}},"4":{"name":"(anonymous_11)","decl":{"start":{"line":44,"column":51},"end":{"line":44,"column":54}},"loc":{"start":{"line":44,"column":57},"end":{"line":52,"column":9}}},"5":{"name":"(anonymous_12)","decl":{"start":{"line":64,"column":27},"end":{"line":64,"column":null}},"loc":{"start":{"line":70,"column":20},"end":{"line":100,"column":2}}},"6":{"name":"(anonymous_13)","decl":{"start":{"line":70,"column":20},"end":{"line":70,"column":null}},"loc":{"start":{"line":70,"column":20},"end":{"line":100,"column":1}}}},"branchMap":{"0":{"loc":{"start":{"line":54,"column":8},"end":{"line":56,"column":9}},"type":"if","locations":[{"start":{"line":54,"column":8},"end":{"line":56,"column":9}},{"start":{},"end":{}}]},"1":{"loc":{"start":{"line":78,"column":8},"end":{"line":80,"column":9}},"type":"if","locations":[{"start":{"line":78,"column":8},"end":{"line":80,"column":9}},{"start":{},"end":{}}]}},"s":{"0":1,"1":1,"2":1,"3":1,"4":1,"5":1,"6":1,"7":1,"8":1,"9":0,"10":1,"11":1,"12":1,"13":1,"14":1,"15":1,"16":1,"17":1,"18":1,"19":0,"20":1,"21":0,"22":1,"23":1,"24":1,"25":1,"26":1,"27":1,"28":0,"29":1,"30":1,"31":1,"32":1,"33":1,"34":0,"35":1},"f":{"0":1,"1":1,"2":1,"3":1,"4":1,"5":1,"6":1},"b":{"0":[0,1],"1":[0,1]}}
,"C:\\Users\\Domin\\Documents\\rrc_polytech\\semester_3\\back_end\\assignments\\capstone_project\\src\\api\\nba\\services\\matchService.ts": {"path":"C:\\Users\\Domin\\Documents\\rrc_polytech\\semester_3\\back_end\\assignments\\capstone_project\\src\\api\\nba\\services\\matchService.ts","statementMap":{"0":{"start":{"line":9,"column":0},"end":{"line":9,"column":null}},"1":{"start":{"line":16,"column":0},"end":{"line":16,"column":54}},"2":{"start":{"line":17,"column":0},"end":{"line":17,"column":68}},"3":{"start":{"line":19,"column":0},"end":{"line":19,"column":52}},"4":{"start":{"line":22,"column":35},"end":{"line":22,"column":44}},"5":{"start":{"line":23,"column":44},"end":{"line":23,"column":54}},"6":{"start":{"line":25,"column":16},"end":{"line":25,"column":26}},"7":{"start":{"line":27,"column":26},"end":{"line":51,"column":2}},"8":{"start":{"line":30,"column":21},"end":{"line":51,"column":2}},"9":{"start":{"line":31,"column":4},"end":{"line":49,"column":5}},"10":{"start":{"line":33,"column":33},"end":{"line":33,"column":82}},"11":{"start":{"line":34,"column":33},"end":{"line":34,"column":82}},"12":{"start":{"line":36,"column":41},"end":{"line":41,"column":10}},"13":{"start":{"line":43,"column":32},"end":{"line":43,"column":89}},"14":{"start":{"line":45,"column":8},"end":{"line":45,"column":70}},"15":{"start":{"line":48,"column":8},"end":{"line":48,"column":20}},"16":{"start":{"line":27,"column":13},"end":{"line":27,"column":26}},"17":{"start":{"line":53,"column":26},"end":{"line":74,"column":2}},"18":{"start":{"line":53,"column":55},"end":{"line":74,"column":2}},"19":{"start":{"line":54,"column":4},"end":{"line":72,"column":5}},"20":{"start":{"line":55,"column":40},"end":{"line":55,"column":78}},"21":{"start":{"line":56,"column":33},"end":{"line":63,"column":10}},"22":{"start":{"line":57,"column":39},"end":{"line":57,"column":49}},"23":{"start":{"line":58,"column":12},"end":{"line":62,"column":23}},"24":{"start":{"line":65,"column":8},"end":{"line":67,"column":9}},"25":{"start":{"line":66,"column":12},"end":{"line":66,"column":48}},"26":{"start":{"line":69,"column":8},"end":{"line":69,"column":23}},"27":{"start":{"line":71,"column":8},"end":{"line":71,"column":20}},"28":{"start":{"line":53,"column":13},"end":{"line":53,"column":26}},"29":{"start":{"line":76,"column":24},"end":{"line":98,"column":2}},"30":{"start":{"line":76,"column":61},"end":{"line":98,"column":2}},"31":{"start":{"line":77,"column":4},"end":{"line":96,"column":5}},"32":{"start":{"line":78,"column":40},"end":{"line":78,"column":87}},"33":{"start":{"line":79,"column":39},"end":{"line":87,"column":10}},"34":{"start":{"line":80,"column":39},"end":{"line":80,"column":49}},"35":{"start":{"line":81,"column":12},"end":{"line":86,"column":31}},"36":{"start":{"line":89,"column":8},"end":{"line":91,"column":9}},"37":{"start":{"line":90,"column":12},"end":{"line":90,"column":46}},"38":{"start":{"line":93,"column":8},"end":{"line":93,"column":21}},"39":{"start":{"line":95,"column":8},"end":{"line":95,"column":20}},"40":{"start":{"line":76,"column":13},"end":{"line":76,"column":24}},"41":{"start":{"line":100,"column":24},"end":{"line":125,"column":2}},"42":{"start":{"line":100,"column":66},"end":{"line":125,"column":2}},"43":{"start":{"line":102,"column":4},"end":{"line":123,"column":5}},"44":{"start":{"line":103,"column":45},"end":{"line":105,"column":null}},"45":{"start":{"line":108,"column":8},"end":{"line":110,"column":9}},"46":{"start":{"line":109,"column":12},"end":{"line":109,"column":66}},"47":{"start":{"line":112,"column":47},"end":{"line":112,"column":57}},"48":{"start":{"line":113,"column":29},"end":{"line":115,"column":null}},"49":{"start":{"line":118,"column":8},"end":{"line":118,"column":38}},"50":{"start":{"line":122,"column":8},"end":{"line":122,"column":20}},"51":{"start":{"line":100,"column":13},"end":{"line":100,"column":24}},"52":{"start":{"line":127,"column":25},"end":{"line":145,"column":2}},"53":{"start":{"line":127,"column":67},"end":{"line":145,"column":2}},"54":{"start":{"line":128,"column":4},"end":{"line":143,"column":5}},"55":{"start":{"line":129,"column":35},"end":{"line":129,"column":58}},"56":{"start":{"line":131,"column":8},"end":{"line":131,"column":78}},"57":{"start":{"line":133,"column":8},"end":{"line":133,"column":37}},"58":{"start":{"line":134,"column":8},"end":{"line":134,"column":34}},"59":{"start":{"line":136,"column":8},"end":{"line":136,"column":78}},"60":{"start":{"line":138,"column":8},"end":{"line":138,"column":44}},"61":{"start":{"line":142,"column":8},"end":{"line":142,"column":null}},"62":{"start":{"line":127,"column":13},"end":{"line":127,"column":25}},"63":{"start":{"line":147,"column":28},"end":{"line":173,"column":2}},"64":{"start":{"line":147,"column":73},"end":{"line":173,"column":2}},"65":{"start":{"line":149,"column":37},"end":{"line":149,"column":39}},"66":{"start":{"line":152,"column":25},"end":{"line":152,"column":70}},"67":{"start":{"line":153,"column":25},"end":{"line":153,"column":70}},"68":{"start":{"line":154,"column":28},"end":{"line":154,"column":93}},"69":{"start":{"line":156,"column":22},"end":{"line":156,"column":34}},"70":{"start":{"line":158,"column":4},"end":{"line":167,"column":5}},"71":{"start":{"line":158,"column":17},"end":{"line":158,"column":18}},"72":{"start":{"line":160,"column":31},"end":{"line":161,"column":41}},"73":{"start":{"line":163,"column":8},"end":{"line":163,"column":69}},"74":{"start":{"line":165,"column":8},"end":{"line":166,"column":42}},"75":{"start":{"line":169,"column":27},"end":{"line":169,"column":81}},"76":{"start":{"line":171,"column":4},"end":{"line":171,"column":26}},"77":{"start":{"line":175,"column":27},"end":{"line":301,"column":1}},"78":{"start":{"line":181,"column":21},"end":{"line":181,"column":30}},"79":{"start":{"line":186,"column":37},"end":{"line":191,"column":25}},"80":{"start":{"line":192,"column":37},"end":{"line":197,"column":25}},"81":{"start":{"line":198,"column":44},"end":{"line":203,"column":36}},"82":{"start":{"line":205,"column":29},"end":{"line":205,"column":119}},"83":{"start":{"line":205,"column":89},"end":{"line":205,"column":115}},"84":{"start":{"line":207,"column":20},"end":{"line":207,"column":44}},"85":{"start":{"line":209,"column":4},"end":{"line":216,"column":5}},"86":{"start":{"line":210,"column":8},"end":{"line":210,"column":39}},"87":{"start":{"line":211,"column":8},"end":{"line":215,"column":9}},"88":{"start":{"line":212,"column":12},"end":{"line":212,"column":29}},"89":{"start":{"line":213,"column":12},"end":{"line":213,"column":71}},"90":{"start":{"line":214,"column":12},"end":{"line":214,"column":18}},"91":{"start":{"line":220,"column":21},"end":{"line":220,"column":54}},"92":{"start":{"line":222,"column":4},"end":{"line":236,"column":5}},"93":{"start":{"line":224,"column":12},"end":{"line":224,"column":null}},"94":{"start":{"line":225,"column":12},"end":{"line":225,"column":90}},"95":{"start":{"line":226,"column":12},"end":{"line":226,"column":26}},"96":{"start":{"line":227,"column":12},"end":{"line":227,"column":18}},"97":{"start":{"line":229,"column":12},"end":{"line":229,"column":null}},"98":{"start":{"line":230,"column":12},"end":{"line":230,"column":76}},"99":{"start":{"line":231,"column":12},"end":{"line":231,"column":18}},"100":{"start":{"line":233,"column":12},"end":{"line":233,"column":null}},"101":{"start":{"line":234,"column":12},"end":{"line":234,"column":76}},"102":{"start":{"line":235,"column":12},"end":{"line":235,"column":18}},"103":{"start":{"line":240,"column":4},"end":{"line":251,"column":5}},"104":{"start":{"line":241,"column":21},"end":{"line":241,"column":52}},"105":{"start":{"line":242,"column":27},"end":{"line":242,"column":67}},"106":{"start":{"line":243,"column":8},"end":{"line":250,"column":9}},"107":{"start":{"line":244,"column":12},"end":{"line":244,"column":29}},"108":{"start":{"line":245,"column":12},"end":{"line":245,"column":90}},"109":{"start":{"line":246,"column":12},"end":{"line":246,"column":26}},"110":{"start":{"line":248,"column":12},"end":{"line":248,"column":87}},"111":{"start":{"line":249,"column":12},"end":{"line":249,"column":29}},"112":{"start":{"line":255,"column":4},"end":{"line":298,"column":5}},"113":{"start":{"line":256,"column":8},"end":{"line":273,"column":10}},"114":{"start":{"line":274,"column":8},"end":{"line":274,"column":29}},"115":{"start":{"line":278,"column":8},"end":{"line":295,"column":10}},"116":{"start":{"line":297,"column":8},"end":{"line":297,"column":29}},"117":{"start":{"line":303,"column":27},"end":{"line":346,"column":2}},"118":{"start":{"line":303,"column":104},"end":{"line":346,"column":2}},"119":{"start":{"line":305,"column":4},"end":{"line":345,"column":5}},"120":{"start":{"line":306,"column":36},"end":{"line":306,"column":59}},"121":{"start":{"line":308,"column":8},"end":{"line":310,"column":9}},"122":{"start":{"line":309,"column":12},"end":{"line":309,"column":66}},"123":{"start":{"line":312,"column":8},"end":{"line":339,"column":9}},"124":{"start":{"line":314,"column":36},"end":{"line":314,"column":70}},"125":{"start":{"line":316,"column":31},"end":{"line":318,"column":null}},"126":{"start":{"line":322,"column":12},"end":{"line":322,"column":45}},"127":{"start":{"line":324,"column":12},"end":{"line":324,"column":92}},"128":{"start":{"line":326,"column":12},"end":{"line":326,"column":62}},"129":{"start":{"line":328,"column":12},"end":{"line":328,"column":50}},"130":{"start":{"line":331,"column":44},"end":{"line":331,"column":67}},"131":{"start":{"line":333,"column":12},"end":{"line":333,"column":49}},"132":{"start":{"line":335,"column":12},"end":{"line":335,"column":87}},"133":{"start":{"line":337,"column":12},"end":{"line":337,"column":53}},"134":{"start":{"line":344,"column":8},"end":{"line":344,"column":20}},"135":{"start":{"line":303,"column":13},"end":{"line":303,"column":27}},"136":{"start":{"line":348,"column":23},"end":{"line":382,"column":2}},"137":{"start":{"line":348,"column":70},"end":{"line":382,"column":2}},"138":{"start":{"line":349,"column":20},"end":{"line":349,"column":21}},"139":{"start":{"line":350,"column":20},"end":{"line":350,"column":21}},"140":{"start":{"line":352,"column":37},"end":{"line":352,"column":108}},"141":{"start":{"line":353,"column":4},"end":{"line":360,"column":5}},"142":{"start":{"line":354,"column":8},"end":{"line":359,"column":9}},"143":{"start":{"line":355,"column":12},"end":{"line":355,"column":40}},"144":{"start":{"line":358,"column":12},"end":{"line":358,"column":40}},"145":{"start":{"line":363,"column":32},"end":{"line":365,"column":22}},"146":{"start":{"line":366,"column":26},"end":{"line":377,"column":null}},"147":{"start":{"line":380,"column":4},"end":{"line":380,"column":28}}},"fnMap":{"0":{"name":"(anonymous_16)","decl":{"start":{"line":27,"column":26},"end":{"line":27,"column":33}},"loc":{"start":{"line":30,"column":21},"end":{"line":51,"column":2}}},"1":{"name":"(anonymous_17)","decl":{"start":{"line":30,"column":21},"end":{"line":30,"column":null}},"loc":{"start":{"line":30,"column":21},"end":{"line":51,"column":1}}},"2":{"name":"(anonymous_18)","decl":{"start":{"line":53,"column":26},"end":{"line":53,"column":53}},"loc":{"start":{"line":53,"column":55},"end":{"line":74,"column":2}}},"3":{"name":"(anonymous_19)","decl":{"start":{"line":53,"column":55},"end":{"line":53,"column":null}},"loc":{"start":{"line":53,"column":55},"end":{"line":74,"column":1}}},"4":{"name":"(anonymous_20)","decl":{"start":{"line":56,"column":51},"end":{"line":56,"column":54}},"loc":{"start":{"line":56,"column":57},"end":{"line":63,"column":9}}},"5":{"name":"(anonymous_21)","decl":{"start":{"line":76,"column":24},"end":{"line":76,"column":59}},"loc":{"start":{"line":76,"column":61},"end":{"line":98,"column":2}}},"6":{"name":"(anonymous_22)","decl":{"start":{"line":76,"column":61},"end":{"line":76,"column":null}},"loc":{"start":{"line":76,"column":61},"end":{"line":98,"column":1}}},"7":{"name":"(anonymous_23)","decl":{"start":{"line":79,"column":57},"end":{"line":79,"column":60}},"loc":{"start":{"line":79,"column":63},"end":{"line":87,"column":9}}},"8":{"name":"(anonymous_24)","decl":{"start":{"line":100,"column":24},"end":{"line":100,"column":31}},"loc":{"start":{"line":100,"column":66},"end":{"line":125,"column":2}}},"9":{"name":"(anonymous_25)","decl":{"start":{"line":100,"column":66},"end":{"line":100,"column":null}},"loc":{"start":{"line":100,"column":66},"end":{"line":125,"column":1}}},"10":{"name":"(anonymous_26)","decl":{"start":{"line":127,"column":25},"end":{"line":127,"column":32}},"loc":{"start":{"line":127,"column":67},"end":{"line":145,"column":2}}},"11":{"name":"(anonymous_27)","decl":{"start":{"line":127,"column":67},"end":{"line":127,"column":null}},"loc":{"start":{"line":127,"column":67},"end":{"line":145,"column":1}}},"12":{"name":"(anonymous_28)","decl":{"start":{"line":147,"column":28},"end":{"line":147,"column":35}},"loc":{"start":{"line":147,"column":73},"end":{"line":173,"column":2}}},"13":{"name":"(anonymous_29)","decl":{"start":{"line":147,"column":73},"end":{"line":147,"column":null}},"loc":{"start":{"line":147,"column":73},"end":{"line":173,"column":1}}},"14":{"name":"(anonymous_30)","decl":{"start":{"line":175,"column":27},"end":{"line":175,"column":28}},"loc":{"start":{"line":175,"column":72},"end":{"line":301,"column":1}}},"15":{"name":"(anonymous_31)","decl":{"start":{"line":205,"column":58},"end":{"line":205,"column":59}},"loc":{"start":{"line":205,"column":89},"end":{"line":205,"column":115}}},"16":{"name":"(anonymous_32)","decl":{"start":{"line":303,"column":27},"end":{"line":303,"column":34}},"loc":{"start":{"line":303,"column":104},"end":{"line":346,"column":2}}},"17":{"name":"(anonymous_33)","decl":{"start":{"line":303,"column":104},"end":{"line":303,"column":null}},"loc":{"start":{"line":303,"column":104},"end":{"line":346,"column":1}}},"18":{"name":"(anonymous_34)","decl":{"start":{"line":348,"column":23},"end":{"line":348,"column":30}},"loc":{"start":{"line":348,"column":70},"end":{"line":382,"column":2}}},"19":{"name":"(anonymous_35)","decl":{"start":{"line":348,"column":70},"end":{"line":348,"column":null}},"loc":{"start":{"line":348,"column":70},"end":{"line":382,"column":1}}}},"branchMap":{"0":{"loc":{"start":{"line":65,"column":8},"end":{"line":67,"column":9}},"type":"if","locations":[{"start":{"line":65,"column":8},"end":{"line":67,"column":9}},{"start":{},"end":{}}]},"1":{"loc":{"start":{"line":89,"column":8},"end":{"line":91,"column":9}},"type":"if","locations":[{"start":{"line":89,"column":8},"end":{"line":91,"column":9}},{"start":{},"end":{}}]},"2":{"loc":{"start":{"line":108,"column":8},"end":{"line":110,"column":9}},"type":"if","locations":[{"start":{"line":108,"column":8},"end":{"line":110,"column":9}},{"start":{},"end":{}}]},"3":{"loc":{"start":{"line":154,"column":28},"end":{"line":154,"column":93}},"type":"cond-expr","locations":[{"start":{"line":154,"column":50},"end":{"line":154,"column":70}},{"start":{"line":154,"column":73},"end":{"line":154,"column":93}}]},"4":{"loc":{"start":{"line":160,"column":31},"end":{"line":161,"column":41}},"type":"cond-expr","locations":[{"start":{"line":161,"column":14},"end":{"line":161,"column":26}},{"start":{"line":161,"column":29},"end":{"line":161,"column":41}}]},"5":{"loc":{"start":{"line":165,"column":22},"end":{"line":166,"column":41}},"type":"cond-expr","locations":[{"start":{"line":166,"column":14},"end":{"line":166,"column":26}},{"start":{"line":166,"column":29},"end":{"line":166,"column":41}}]},"6":{"loc":{"start":{"line":211,"column":8},"end":{"line":215,"column":9}},"type":"if","locations":[{"start":{"line":211,"column":8},"end":{"line":215,"column":9}},{"start":{},"end":{}}]},"7":{"loc":{"start":{"line":222,"column":4},"end":{"line":236,"column":5}},"type":"switch","locations":[{"start":{"line":223,"column":8},"end":{"line":227,"column":18}},{"start":{"line":228,"column":8},"end":{"line":231,"column":18}},{"start":{"line":232,"column":8},"end":{"line":235,"column":18}}]},"8":{"loc":{"start":{"line":240,"column":4},"end":{"line":251,"column":5}},"type":"if","locations":[{"start":{"line":240,"column":4},"end":{"line":251,"column":5}},{"start":{},"end":{}}]},"9":{"loc":{"start":{"line":242,"column":27},"end":{"line":242,"column":67}},"type":"cond-expr","locations":[{"start":{"line":242,"column":55},"end":{"line":242,"column":59}},{"start":{"line":242,"column":62},"end":{"line":242,"column":67}}]},"10":{"loc":{"start":{"line":243,"column":8},"end":{"line":250,"column":9}},"type":"if","locations":[{"start":{"line":243,"column":8},"end":{"line":250,"column":9}},{"start":{"line":247,"column":15},"end":{"line":250,"column":9}}]},"11":{"loc":{"start":{"line":255,"column":4},"end":{"line":298,"column":5}},"type":"if","locations":[{"start":{"line":255,"column":4},"end":{"line":298,"column":5}},{"start":{"line":277,"column":9},"end":{"line":298,"column":5}}]},"12":{"loc":{"start":{"line":308,"column":8},"end":{"line":310,"column":9}},"type":"if","locations":[{"start":{"line":308,"column":8},"end":{"line":310,"column":9}},{"start":{},"end":{}}]},"13":{"loc":{"start":{"line":312,"column":8},"end":{"line":339,"column":9}},"type":"if","locations":[{"start":{"line":312,"column":8},"end":{"line":339,"column":9}},{"start":{"line":330,"column":13},"end":{"line":339,"column":9}}]},"14":{"loc":{"start":{"line":354,"column":8},"end":{"line":359,"column":9}},"type":"if","locations":[{"start":{"line":354,"column":8},"end":{"line":359,"column":9}},{"start":{"line":357,"column":13},"end":{"line":359,"column":9}}]},"15":{"loc":{"start":{"line":363,"column":32},"end":{"line":365,"column":22}},"type":"cond-expr","locations":[{"start":{"line":364,"column":10},"end":{"line":364,"column":24}},{"start":{"line":365,"column":8},"end":{"line":365,"column":22}}]}},"s":{"0":1,"1":1,"2":1,"3":1,"4":1,"5":1,"6":1,"7":1,"8":1,"9":1,"10":1,"11":1,"12":1,"13":1,"14":1,"15":0,"16":1,"17":1,"18":1,"19":1,"20":1,"21":1,"22":1,"23":1,"24":1,"25":0,"26":1,"27":0,"28":1,"29":1,"30":1,"31":1,"32":1,"33":1,"34":1,"35":1,"36":1,"37":0,"38":1,"39":0,"40":1,"41":1,"42":2,"43":2,"44":2,"45":2,"46":0,"47":2,"48":2,"49":2,"50":0,"51":1,"52":1,"53":0,"54":0,"55":0,"56":0,"57":0,"58":0,"59":0,"60":0,"61":0,"62":1,"63":1,"64":0,"65":0,"66":0,"67":0,"68":0,"69":0,"70":0,"71":0,"72":0,"73":0,"74":0,"75":0,"76":0,"77":1,"78":0,"79":0,"80":0,"81":0,"82":0,"83":0,"84":0,"85":0,"86":0,"87":0,"88":0,"89":0,"90":0,"91":0,"92":0,"93":0,"94":0,"95":0,"96":0,"97":0,"98":0,"99":0,"100":0,"101":0,"102":0,"103":0,"104":0,"105":0,"106":0,"107":0,"108":0,"109":0,"110":0,"111":0,"112":0,"113":0,"114":0,"115":0,"116":0,"117":1,"118":1,"119":1,"120":1,"121":1,"122":0,"123":1,"124":0,"125":0,"126":0,"127":0,"128":0,"129":0,"130":1,"131":1,"132":1,"133":1,"134":0,"135":1,"136":1,"137":0,"138":0,"139":0,"140":0,"141":0,"142":0,"143":0,"144":0,"145":0,"146":0,"147":0},"f":{"0":1,"1":1,"2":1,"3":1,"4":1,"5":1,"6":1,"7":1,"8":2,"9":2,"10":0,"11":0,"12":0,"13":0,"14":0,"15":0,"16":1,"17":1,"18":0,"19":0},"b":{"0":[0,1],"1":[0,1],"2":[0,2],"3":[0,0],"4":[0,0],"5":[0,0],"6":[0,0],"7":[0,0,0],"8":[0,0],"9":[0,0],"10":[0,0],"11":[0,0],"12":[0,1],"13":[0,1],"14":[0,0],"15":[0,0]}}
,"C:\\Users\\Domin\\Documents\\rrc_polytech\\semester_3\\back_end\\assignments\\capstone_project\\src\\api\\nba\\services\\playerService.ts": {"path":"C:\\Users\\Domin\\Documents\\rrc_polytech\\semester_3\\back_end\\assignments\\capstone_project\\src\\api\\nba\\services\\playerService.ts","statementMap":{"0":{"start":{"line":7,"column":0},"end":{"line":7,"column":null}},"1":{"start":{"line":15,"column":33},"end":{"line":15,"column":42}},"2":{"start":{"line":17,"column":16},"end":{"line":17,"column":26}},"3":{"start":{"line":26,"column":28},"end":{"line":52,"column":2}},"4":{"start":{"line":34,"column":22},"end":{"line":52,"column":2}},"5":{"start":{"line":35,"column":4},"end":{"line":50,"column":5}},"6":{"start":{"line":37,"column":23},"end":{"line":41,"column":null}},"7":{"start":{"line":44,"column":33},"end":{"line":44,"column":90}},"8":{"start":{"line":46,"column":8},"end":{"line":46,"column":73}},"9":{"start":{"line":49,"column":8},"end":{"line":49,"column":20}},"10":{"start":{"line":26,"column":13},"end":{"line":26,"column":28}},"11":{"start":{"line":61,"column":29},"end":{"line":82,"column":2}},"12":{"start":{"line":61,"column":59},"end":{"line":82,"column":2}},"13":{"start":{"line":62,"column":4},"end":{"line":81,"column":5}},"14":{"start":{"line":63,"column":40},"end":{"line":63,"column":76}},"15":{"start":{"line":64,"column":34},"end":{"line":72,"column":10}},"16":{"start":{"line":65,"column":39},"end":{"line":65,"column":49}},"17":{"start":{"line":66,"column":12},"end":{"line":71,"column":24}},"18":{"start":{"line":74,"column":8},"end":{"line":76,"column":9}},"19":{"start":{"line":75,"column":12},"end":{"line":75,"column":48}},"20":{"start":{"line":78,"column":8},"end":{"line":78,"column":23}},"21":{"start":{"line":80,"column":8},"end":{"line":80,"column":20}},"22":{"start":{"line":61,"column":13},"end":{"line":61,"column":29}},"23":{"start":{"line":84,"column":26},"end":{"line":105,"column":2}},"24":{"start":{"line":84,"column":56},"end":{"line":105,"column":2}},"25":{"start":{"line":85,"column":4},"end":{"line":104,"column":5}},"26":{"start":{"line":86,"column":40},"end":{"line":87,"column":56}},"27":{"start":{"line":88,"column":34},"end":{"line":94,"column":10}},"28":{"start":{"line":89,"column":39},"end":{"line":89,"column":49}},"29":{"start":{"line":90,"column":12},"end":{"line":93,"column":24}},"30":{"start":{"line":96,"column":8},"end":{"line":98,"column":9}},"31":{"start":{"line":97,"column":12},"end":{"line":97,"column":48}},"32":{"start":{"line":100,"column":8},"end":{"line":100,"column":23}},"33":{"start":{"line":103,"column":8},"end":{"line":103,"column":20}},"34":{"start":{"line":84,"column":13},"end":{"line":84,"column":26}},"35":{"start":{"line":107,"column":33},"end":{"line":130,"column":2}},"36":{"start":{"line":107,"column":63},"end":{"line":130,"column":2}},"37":{"start":{"line":109,"column":4},"end":{"line":129,"column":5}},"38":{"start":{"line":110,"column":40},"end":{"line":111,"column":57}},"39":{"start":{"line":112,"column":41},"end":{"line":118,"column":10}},"40":{"start":{"line":113,"column":39},"end":{"line":113,"column":49}},"41":{"start":{"line":114,"column":12},"end":{"line":117,"column":24}},"42":{"start":{"line":121,"column":8},"end":{"line":123,"column":9}},"43":{"start":{"line":122,"column":11},"end":{"line":122,"column":47}},"44":{"start":{"line":125,"column":8},"end":{"line":125,"column":30}},"45":{"start":{"line":128,"column":8},"end":{"line":128,"column":20}},"46":{"start":{"line":107,"column":13},"end":{"line":107,"column":33}},"47":{"start":{"line":140,"column":29},"end":{"line":165,"column":2}},"48":{"start":{"line":140,"column":73},"end":{"line":165,"column":2}},"49":{"start":{"line":142,"column":4},"end":{"line":163,"column":5}},"50":{"start":{"line":143,"column":45},"end":{"line":145,"column":null}},"51":{"start":{"line":148,"column":8},"end":{"line":150,"column":9}},"52":{"start":{"line":149,"column":12},"end":{"line":149,"column":68}},"53":{"start":{"line":152,"column":47},"end":{"line":152,"column":57}},"54":{"start":{"line":153,"column":31},"end":{"line":155,"column":null}},"55":{"start":{"line":158,"column":8},"end":{"line":158,"column":39}},"56":{"start":{"line":162,"column":8},"end":{"line":162,"column":20}},"57":{"start":{"line":140,"column":13},"end":{"line":140,"column":29}},"58":{"start":{"line":168,"column":28},"end":{"line":192,"column":2}},"59":{"start":{"line":168,"column":91},"end":{"line":192,"column":2}},"60":{"start":{"line":170,"column":4},"end":{"line":191,"column":5}},"61":{"start":{"line":171,"column":38},"end":{"line":171,"column":67}},"62":{"start":{"line":173,"column":8},"end":{"line":175,"column":9}},"63":{"start":{"line":174,"column":12},"end":{"line":174,"column":68}},"64":{"start":{"line":177,"column":28},"end":{"line":180,"column":null}},"65":{"start":{"line":183,"column":8},"end":{"line":183,"column":40}},"66":{"start":{"line":185,"column":8},"end":{"line":185,"column":81}},"67":{"start":{"line":187,"column":8},"end":{"line":187,"column":47}},"68":{"start":{"line":190,"column":8},"end":{"line":190,"column":20}},"69":{"start":{"line":168,"column":13},"end":{"line":168,"column":28}},"70":{"start":{"line":194,"column":28},"end":{"line":227,"column":2}},"71":{"start":{"line":205,"column":21},"end":{"line":227,"column":2}},"72":{"start":{"line":206,"column":4},"end":{"line":226,"column":5}},"73":{"start":{"line":207,"column":31},"end":{"line":207,"column":60}},"74":{"start":{"line":209,"column":8},"end":{"line":211,"column":9}},"75":{"start":{"line":210,"column":12},"end":{"line":210,"column":68}},"76":{"start":{"line":213,"column":27},"end":{"line":216,"column":null}},"77":{"start":{"line":219,"column":8},"end":{"line":219,"column":37}},"78":{"start":{"line":221,"column":8},"end":{"line":221,"column":80}},"79":{"start":{"line":222,"column":8},"end":{"line":222,"column":46}},"80":{"start":{"line":225,"column":8},"end":{"line":225,"column":20}},"81":{"start":{"line":194,"column":13},"end":{"line":194,"column":28}}},"fnMap":{"0":{"name":"(anonymous_7)","decl":{"start":{"line":26,"column":28},"end":{"line":26,"column":35}},"loc":{"start":{"line":34,"column":22},"end":{"line":52,"column":2}}},"1":{"name":"(anonymous_8)","decl":{"start":{"line":34,"column":22},"end":{"line":34,"column":null}},"loc":{"start":{"line":34,"column":22},"end":{"line":52,"column":1}}},"2":{"name":"(anonymous_9)","decl":{"start":{"line":61,"column":29},"end":{"line":61,"column":57}},"loc":{"start":{"line":61,"column":59},"end":{"line":82,"column":2}}},"3":{"name":"(anonymous_10)","decl":{"start":{"line":61,"column":59},"end":{"line":61,"column":null}},"loc":{"start":{"line":61,"column":59},"end":{"line":82,"column":1}}},"4":{"name":"(anonymous_11)","decl":{"start":{"line":64,"column":52},"end":{"line":64,"column":55}},"loc":{"start":{"line":64,"column":58},"end":{"line":72,"column":9}}},"5":{"name":"(anonymous_12)","decl":{"start":{"line":84,"column":26},"end":{"line":84,"column":54}},"loc":{"start":{"line":84,"column":56},"end":{"line":105,"column":2}}},"6":{"name":"(anonymous_13)","decl":{"start":{"line":84,"column":56},"end":{"line":84,"column":null}},"loc":{"start":{"line":84,"column":56},"end":{"line":105,"column":1}}},"7":{"name":"(anonymous_14)","decl":{"start":{"line":88,"column":52},"end":{"line":88,"column":55}},"loc":{"start":{"line":88,"column":58},"end":{"line":94,"column":9}}},"8":{"name":"(anonymous_15)","decl":{"start":{"line":107,"column":33},"end":{"line":107,"column":61}},"loc":{"start":{"line":107,"column":63},"end":{"line":130,"column":2}}},"9":{"name":"(anonymous_16)","decl":{"start":{"line":107,"column":63},"end":{"line":107,"column":null}},"loc":{"start":{"line":107,"column":63},"end":{"line":130,"column":1}}},"10":{"name":"(anonymous_17)","decl":{"start":{"line":112,"column":59},"end":{"line":112,"column":62}},"loc":{"start":{"line":112,"column":65},"end":{"line":118,"column":9}}},"11":{"name":"(anonymous_18)","decl":{"start":{"line":140,"column":29},"end":{"line":140,"column":36}},"loc":{"start":{"line":140,"column":73},"end":{"line":165,"column":2}}},"12":{"name":"(anonymous_19)","decl":{"start":{"line":140,"column":73},"end":{"line":140,"column":null}},"loc":{"start":{"line":140,"column":73},"end":{"line":165,"column":1}}},"13":{"name":"(anonymous_20)","decl":{"start":{"line":168,"column":28},"end":{"line":168,"column":35}},"loc":{"start":{"line":168,"column":91},"end":{"line":192,"column":2}}},"14":{"name":"(anonymous_21)","decl":{"start":{"line":168,"column":91},"end":{"line":168,"column":null}},"loc":{"start":{"line":168,"column":91},"end":{"line":192,"column":1}}},"15":{"name":"(anonymous_22)","decl":{"start":{"line":194,"column":28},"end":{"line":194,"column":null}},"loc":{"start":{"line":205,"column":21},"end":{"line":227,"column":2}}},"16":{"name":"(anonymous_23)","decl":{"start":{"line":205,"column":21},"end":{"line":205,"column":null}},"loc":{"start":{"line":205,"column":21},"end":{"line":227,"column":1}}}},"branchMap":{"0":{"loc":{"start":{"line":74,"column":8},"end":{"line":76,"column":9}},"type":"if","locations":[{"start":{"line":74,"column":8},"end":{"line":76,"column":9}},{"start":{},"end":{}}]},"1":{"loc":{"start":{"line":96,"column":8},"end":{"line":98,"column":9}},"type":"if","locations":[{"start":{"line":96,"column":8},"end":{"line":98,"column":9}},{"start":{},"end":{}}]},"2":{"loc":{"start":{"line":121,"column":8},"end":{"line":123,"column":9}},"type":"if","locations":[{"start":{"line":121,"column":8},"end":{"line":123,"column":9}},{"start":{},"end":{}}]},"3":{"loc":{"start":{"line":148,"column":8},"end":{"line":150,"column":9}},"type":"if","locations":[{"start":{"line":148,"column":8},"end":{"line":150,"column":9}},{"start":{},"end":{}}]},"4":{"loc":{"start":{"line":173,"column":8},"end":{"line":175,"column":9}},"type":"if","locations":[{"start":{"line":173,"column":8},"end":{"line":175,"column":9}},{"start":{},"end":{}}]},"5":{"loc":{"start":{"line":209,"column":8},"end":{"line":211,"column":9}},"type":"if","locations":[{"start":{"line":209,"column":8},"end":{"line":211,"column":9}},{"start":{},"end":{}}]}},"s":{"0":3,"1":3,"2":3,"3":3,"4":1,"5":1,"6":1,"7":1,"8":1,"9":0,"10":3,"11":3,"12":1,"13":1,"14":1,"15":1,"16":1,"17":1,"18":1,"19":0,"20":1,"21":0,"22":3,"23":3,"24":0,"25":0,"26":0,"27":0,"28":0,"29":0,"30":0,"31":0,"32":0,"33":0,"34":3,"35":3,"36":0,"37":0,"38":0,"39":0,"40":0,"41":0,"42":0,"43":0,"44":0,"45":0,"46":3,"47":3,"48":2,"49":2,"50":2,"51":2,"52":0,"53":2,"54":2,"55":2,"56":0,"57":3,"58":3,"59":0,"60":0,"61":0,"62":0,"63":0,"64":0,"65":0,"66":0,"67":0,"68":0,"69":3,"70":3,"71":1,"72":1,"73":1,"74":1,"75":0,"76":1,"77":1,"78":1,"79":1,"80":0,"81":3},"f":{"0":1,"1":1,"2":1,"3":1,"4":1,"5":0,"6":0,"7":0,"8":0,"9":0,"10":0,"11":2,"12":2,"13":0,"14":0,"15":1,"16":1},"b":{"0":[0,1],"1":[0,0],"2":[0,0],"3":[0,2],"4":[0,0],"5":[0,1]}}
,"C:\\Users\\Domin\\Documents\\rrc_polytech\\semester_3\\back_end\\assignments\\capstone_project\\src\\api\\nba\\services\\possessionsService.ts": {"path":"C:\\Users\\Domin\\Documents\\rrc_polytech\\semester_3\\back_end\\assignments\\capstone_project\\src\\api\\nba\\services\\possessionsService.ts","statementMap":{"0":{"start":{"line":6,"column":0},"end":{"line":6,"column":null}},"1":{"start":{"line":11,"column":27},"end":{"line":11,"column":40}},"2":{"start":{"line":13,"column":33},"end":{"line":30,"column":2}},"3":{"start":{"line":15,"column":26},"end":{"line":30,"column":2}},"4":{"start":{"line":16,"column":4},"end":{"line":28,"column":5}},"5":{"start":{"line":18,"column":48},"end":{"line":20,"column":10}},"6":{"start":{"line":22,"column":31},"end":{"line":22,"column":87}},"7":{"start":{"line":24,"column":8},"end":{"line":24,"column":76}},"8":{"start":{"line":27,"column":8},"end":{"line":27,"column":20}},"9":{"start":{"line":13,"column":13},"end":{"line":13,"column":33}},"10":{"start":{"line":32,"column":34},"end":{"line":57,"column":2}},"11":{"start":{"line":32,"column":77},"end":{"line":57,"column":2}},"12":{"start":{"line":34,"column":4},"end":{"line":55,"column":5}},"13":{"start":{"line":35,"column":45},"end":{"line":37,"column":null}},"14":{"start":{"line":40,"column":8},"end":{"line":42,"column":9}},"15":{"start":{"line":41,"column":12},"end":{"line":41,"column":62}},"16":{"start":{"line":44,"column":47},"end":{"line":44,"column":57}},"17":{"start":{"line":45,"column":36},"end":{"line":47,"column":null}},"18":{"start":{"line":50,"column":8},"end":{"line":50,"column":39}},"19":{"start":{"line":54,"column":8},"end":{"line":54,"column":20}},"20":{"start":{"line":32,"column":13},"end":{"line":32,"column":34}}},"fnMap":{"0":{"name":"(anonymous_7)","decl":{"start":{"line":13,"column":33},"end":{"line":13,"column":null}},"loc":{"start":{"line":15,"column":26},"end":{"line":30,"column":2}}},"1":{"name":"(anonymous_8)","decl":{"start":{"line":15,"column":26},"end":{"line":15,"column":null}},"loc":{"start":{"line":15,"column":26},"end":{"line":30,"column":1}}},"2":{"name":"(anonymous_9)","decl":{"start":{"line":32,"column":34},"end":{"line":32,"column":41}},"loc":{"start":{"line":32,"column":77},"end":{"line":57,"column":2}}},"3":{"name":"(anonymous_10)","decl":{"start":{"line":32,"column":77},"end":{"line":32,"column":null}},"loc":{"start":{"line":32,"column":77},"end":{"line":57,"column":1}}}},"branchMap":{"0":{"loc":{"start":{"line":40,"column":8},"end":{"line":42,"column":9}},"type":"if","locations":[{"start":{"line":40,"column":8},"end":{"line":42,"column":9}},{"start":{},"end":{}}]}},"s":{"0":1,"1":1,"2":1,"3":0,"4":0,"5":0,"6":0,"7":0,"8":0,"9":1,"10":1,"11":0,"12":0,"13":0,"14":0,"15":0,"16":0,"17":0,"18":0,"19":0,"20":1},"f":{"0":0,"1":0,"2":0,"3":0},"b":{"0":[0,0]}}
,"C:\\Users\\Domin\\Documents\\rrc_polytech\\semester_3\\back_end\\assignments\\capstone_project\\src\\api\\nba\\services\\teamService.ts": {"path":"C:\\Users\\Domin\\Documents\\rrc_polytech\\semester_3\\back_end\\assignments\\capstone_project\\src\\api\\nba\\services\\teamService.ts","statementMap":{"0":{"start":{"line":1,"column":0},"end":{"line":1,"column":64}},"1":{"start":{"line":8,"column":0},"end":{"line":8,"column":null}},"2":{"start":{"line":14,"column":0},"end":{"line":14,"column":49}},"3":{"start":{"line":16,"column":27},"end":{"line":16,"column":34}},"4":{"start":{"line":18,"column":16},"end":{"line":18,"column":26}},"5":{"start":{"line":20,"column":26},"end":{"line":45,"column":2}},"6":{"start":{"line":22,"column":20},"end":{"line":45,"column":2}},"7":{"start":{"line":23,"column":4},"end":{"line":43,"column":5}},"8":{"start":{"line":25,"column":21},"end":{"line":34,"column":null}},"9":{"start":{"line":37,"column":31},"end":{"line":37,"column":78}},"10":{"start":{"line":39,"column":8},"end":{"line":39,"column":67}},"11":{"start":{"line":42,"column":8},"end":{"line":42,"column":20}},"12":{"start":{"line":20,"column":13},"end":{"line":20,"column":26}},"13":{"start":{"line":47,"column":24},"end":{"line":69,"column":2}},"14":{"start":{"line":47,"column":52},"end":{"line":69,"column":2}},"15":{"start":{"line":49,"column":4},"end":{"line":68,"column":5}},"16":{"start":{"line":50,"column":40},"end":{"line":50,"column":70}},"17":{"start":{"line":51,"column":30},"end":{"line":59,"column":10}},"18":{"start":{"line":52,"column":39},"end":{"line":52,"column":49}},"19":{"start":{"line":53,"column":12},"end":{"line":58,"column":22}},"20":{"start":{"line":61,"column":8},"end":{"line":63,"column":9}},"21":{"start":{"line":62,"column":12},"end":{"line":62,"column":46}},"22":{"start":{"line":65,"column":8},"end":{"line":65,"column":21}},"23":{"start":{"line":67,"column":8},"end":{"line":67,"column":20}},"24":{"start":{"line":47,"column":13},"end":{"line":47,"column":24}},"25":{"start":{"line":71,"column":27},"end":{"line":96,"column":2}},"26":{"start":{"line":71,"column":67},"end":{"line":96,"column":2}},"27":{"start":{"line":73,"column":4},"end":{"line":94,"column":5}},"28":{"start":{"line":74,"column":45},"end":{"line":76,"column":null}},"29":{"start":{"line":79,"column":8},"end":{"line":81,"column":9}},"30":{"start":{"line":80,"column":12},"end":{"line":80,"column":64}},"31":{"start":{"line":83,"column":47},"end":{"line":83,"column":57}},"32":{"start":{"line":84,"column":27},"end":{"line":86,"column":null}},"33":{"start":{"line":89,"column":8},"end":{"line":89,"column":37}},"34":{"start":{"line":93,"column":8},"end":{"line":93,"column":20}},"35":{"start":{"line":71,"column":13},"end":{"line":71,"column":27}},"36":{"start":{"line":98,"column":30},"end":{"line":129,"column":2}},"37":{"start":{"line":98,"column":87},"end":{"line":129,"column":2}},"38":{"start":{"line":100,"column":4},"end":{"line":128,"column":5}},"39":{"start":{"line":101,"column":45},"end":{"line":103,"column":null}},"40":{"start":{"line":106,"column":8},"end":{"line":108,"column":9}},"41":{"start":{"line":107,"column":12},"end":{"line":107,"column":64}},"42":{"start":{"line":110,"column":47},"end":{"line":110,"column":57}},"43":{"start":{"line":111,"column":27},"end":{"line":113,"column":null}},"44":{"start":{"line":116,"column":25},"end":{"line":118,"column":null}},"45":{"start":{"line":121,"column":8},"end":{"line":121,"column":35}},"46":{"start":{"line":123,"column":8},"end":{"line":123,"column":68}},"47":{"start":{"line":124,"column":8},"end":{"line":124,"column":44}},"48":{"start":{"line":127,"column":8},"end":{"line":127,"column":20}},"49":{"start":{"line":98,"column":13},"end":{"line":98,"column":30}},"50":{"start":{"line":131,"column":28},"end":{"line":191,"column":2}},"51":{"start":{"line":131,"column":86},"end":{"line":191,"column":2}},"52":{"start":{"line":133,"column":4},"end":{"line":190,"column":5}},"53":{"start":{"line":135,"column":45},"end":{"line":137,"column":null}},"54":{"start":{"line":140,"column":8},"end":{"line":142,"column":9}},"55":{"start":{"line":141,"column":12},"end":{"line":141,"column":64}},"56":{"start":{"line":144,"column":47},"end":{"line":144,"column":57}},"57":{"start":{"line":145,"column":27},"end":{"line":147,"column":null}},"58":{"start":{"line":152,"column":38},"end":{"line":152,"column":81}},"59":{"start":{"line":154,"column":25},"end":{"line":156,"column":null}},"60":{"start":{"line":160,"column":8},"end":{"line":180,"column":9}},"61":{"start":{"line":162,"column":16},"end":{"line":162,"column":55}},"62":{"start":{"line":163,"column":16},"end":{"line":163,"column":22}},"63":{"start":{"line":166,"column":16},"end":{"line":166,"column":58}},"64":{"start":{"line":167,"column":16},"end":{"line":167,"column":22}},"65":{"start":{"line":170,"column":16},"end":{"line":170,"column":57}},"66":{"start":{"line":171,"column":16},"end":{"line":171,"column":22}},"67":{"start":{"line":174,"column":16},"end":{"line":174,"column":57}},"68":{"start":{"line":175,"column":16},"end":{"line":175,"column":22}},"69":{"start":{"line":178,"column":16},"end":{"line":178,"column":51}},"70":{"start":{"line":179,"column":16},"end":{"line":179,"column":22}},"71":{"start":{"line":182,"column":8},"end":{"line":182,"column":76}},"72":{"start":{"line":185,"column":8},"end":{"line":185,"column":68}},"73":{"start":{"line":186,"column":8},"end":{"line":186,"column":44}},"74":{"start":{"line":189,"column":8},"end":{"line":189,"column":20}},"75":{"start":{"line":131,"column":13},"end":{"line":131,"column":28}},"76":{"start":{"line":193,"column":28},"end":{"line":253,"column":null}},"77":{"start":{"line":193,"column":86},"end":{"line":253,"column":null}},"78":{"start":{"line":194,"column":4},"end":{"line":251,"column":5}},"79":{"start":{"line":196,"column":45},"end":{"line":198,"column":null}},"80":{"start":{"line":201,"column":8},"end":{"line":203,"column":9}},"81":{"start":{"line":202,"column":12},"end":{"line":202,"column":64}},"82":{"start":{"line":205,"column":47},"end":{"line":205,"column":57}},"83":{"start":{"line":206,"column":27},"end":{"line":208,"column":null}},"84":{"start":{"line":213,"column":38},"end":{"line":213,"column":81}},"85":{"start":{"line":215,"column":25},"end":{"line":217,"column":null}},"86":{"start":{"line":220,"column":8},"end":{"line":240,"column":9}},"87":{"start":{"line":222,"column":16},"end":{"line":222,"column":46}},"88":{"start":{"line":223,"column":16},"end":{"line":223,"column":22}},"89":{"start":{"line":226,"column":16},"end":{"line":226,"column":49}},"90":{"start":{"line":227,"column":16},"end":{"line":227,"column":22}},"91":{"start":{"line":230,"column":16},"end":{"line":230,"column":48}},"92":{"start":{"line":231,"column":16},"end":{"line":231,"column":22}},"93":{"start":{"line":234,"column":16},"end":{"line":234,"column":48}},"94":{"start":{"line":235,"column":16},"end":{"line":235,"column":22}},"95":{"start":{"line":238,"column":16},"end":{"line":238,"column":42}},"96":{"start":{"line":239,"column":16},"end":{"line":239,"column":22}},"97":{"start":{"line":242,"column":8},"end":{"line":242,"column":68}},"98":{"start":{"line":244,"column":8},"end":{"line":244,"column":74}},"99":{"start":{"line":246,"column":8},"end":{"line":246,"column":44}},"100":{"start":{"line":250,"column":8},"end":{"line":250,"column":20}},"101":{"start":{"line":193,"column":13},"end":{"line":193,"column":28}}},"fnMap":{"0":{"name":"(anonymous_16)","decl":{"start":{"line":20,"column":26},"end":{"line":20,"column":33}},"loc":{"start":{"line":22,"column":20},"end":{"line":45,"column":2}}},"1":{"name":"(anonymous_17)","decl":{"start":{"line":22,"column":20},"end":{"line":22,"column":null}},"loc":{"start":{"line":22,"column":20},"end":{"line":45,"column":1}}},"2":{"name":"(anonymous_18)","decl":{"start":{"line":47,"column":24},"end":{"line":47,"column":50}},"loc":{"start":{"line":47,"column":52},"end":{"line":69,"column":2}}},"3":{"name":"(anonymous_19)","decl":{"start":{"line":47,"column":52},"end":{"line":47,"column":null}},"loc":{"start":{"line":47,"column":52},"end":{"line":69,"column":1}}},"4":{"name":"(anonymous_20)","decl":{"start":{"line":51,"column":48},"end":{"line":51,"column":51}},"loc":{"start":{"line":51,"column":54},"end":{"line":59,"column":9}}},"5":{"name":"(anonymous_21)","decl":{"start":{"line":71,"column":27},"end":{"line":71,"column":34}},"loc":{"start":{"line":71,"column":67},"end":{"line":96,"column":2}}},"6":{"name":"(anonymous_22)","decl":{"start":{"line":71,"column":67},"end":{"line":71,"column":null}},"loc":{"start":{"line":71,"column":67},"end":{"line":96,"column":1}}},"7":{"name":"(anonymous_23)","decl":{"start":{"line":98,"column":30},"end":{"line":98,"column":37}},"loc":{"start":{"line":98,"column":87},"end":{"line":129,"column":2}}},"8":{"name":"(anonymous_24)","decl":{"start":{"line":98,"column":87},"end":{"line":98,"column":null}},"loc":{"start":{"line":98,"column":87},"end":{"line":129,"column":1}}},"9":{"name":"(anonymous_25)","decl":{"start":{"line":131,"column":28},"end":{"line":131,"column":35}},"loc":{"start":{"line":131,"column":86},"end":{"line":191,"column":2}}},"10":{"name":"(anonymous_26)","decl":{"start":{"line":131,"column":86},"end":{"line":131,"column":null}},"loc":{"start":{"line":131,"column":86},"end":{"line":191,"column":1}}},"11":{"name":"(anonymous_27)","decl":{"start":{"line":193,"column":28},"end":{"line":193,"column":35}},"loc":{"start":{"line":193,"column":86},"end":{"line":253,"column":null}}},"12":{"name":"(anonymous_28)","decl":{"start":{"line":193,"column":86},"end":{"line":193,"column":null}},"loc":{"start":{"line":193,"column":86},"end":{"line":253,"column":1}}}},"branchMap":{"0":{"loc":{"start":{"line":61,"column":8},"end":{"line":63,"column":9}},"type":"if","locations":[{"start":{"line":61,"column":8},"end":{"line":63,"column":9}},{"start":{},"end":{}}]},"1":{"loc":{"start":{"line":79,"column":8},"end":{"line":81,"column":9}},"type":"if","locations":[{"start":{"line":79,"column":8},"end":{"line":81,"column":9}},{"start":{},"end":{}}]},"2":{"loc":{"start":{"line":106,"column":8},"end":{"line":108,"column":9}},"type":"if","locations":[{"start":{"line":106,"column":8},"end":{"line":108,"column":9}},{"start":{},"end":{}}]},"3":{"loc":{"start":{"line":140,"column":8},"end":{"line":142,"column":9}},"type":"if","locations":[{"start":{"line":140,"column":8},"end":{"line":142,"column":9}},{"start":{},"end":{}}]},"4":{"loc":{"start":{"line":160,"column":8},"end":{"line":180,"column":9}},"type":"switch","locations":[{"start":{"line":161,"column":12},"end":{"line":163,"column":22}},{"start":{"line":165,"column":12},"end":{"line":167,"column":22}},{"start":{"line":169,"column":12},"end":{"line":171,"column":22}},{"start":{"line":173,"column":12},"end":{"line":175,"column":22}},{"start":{"line":177,"column":12},"end":{"line":179,"column":22}}]},"5":{"loc":{"start":{"line":201,"column":8},"end":{"line":203,"column":9}},"type":"if","locations":[{"start":{"line":201,"column":8},"end":{"line":203,"column":9}},{"start":{},"end":{}}]},"6":{"loc":{"start":{"line":220,"column":8},"end":{"line":240,"column":9}},"type":"switch","locations":[{"start":{"line":221,"column":12},"end":{"line":223,"column":22}},{"start":{"line":225,"column":12},"end":{"line":227,"column":22}},{"start":{"line":229,"column":12},"end":{"line":231,"column":22}},{"start":{"line":233,"column":12},"end":{"line":235,"column":22}},{"start":{"line":237,"column":12},"end":{"line":239,"column":22}}]}},"s":{"0":2,"1":2,"2":2,"3":2,"4":2,"5":2,"6":1,"7":1,"8":1,"9":1,"10":1,"11":0,"12":2,"13":2,"14":1,"15":1,"16":1,"17":1,"18":1,"19":1,"20":1,"21":0,"22":1,"23":0,"24":2,"25":2,"26":1,"27":1,"28":1,"29":1,"30":0,"31":1,"32":1,"33":1,"34":0,"35":2,"36":2,"37":1,"38":1,"39":1,"40":1,"41":0,"42":1,"43":1,"44":1,"45":1,"46":1,"47":1,"48":0,"49":2,"50":2,"51":0,"52":0,"53":0,"54":0,"55":0,"56":0,"57":0,"58":0,"59":0,"60":0,"61":0,"62":0,"63":0,"64":0,"65":0,"66":0,"67":0,"68":0,"69":0,"70":0,"71":0,"72":0,"73":0,"74":0,"75":2,"76":2,"77":0,"78":0,"79":0,"80":0,"81":0,"82":0,"83":0,"84":0,"85":0,"86":0,"87":0,"88":0,"89":0,"90":0,"91":0,"92":0,"93":0,"94":0,"95":0,"96":0,"97":0,"98":0,"99":0,"100":0,"101":2},"f":{"0":1,"1":1,"2":1,"3":1,"4":1,"5":1,"6":1,"7":1,"8":1,"9":0,"10":0,"11":0,"12":0},"b":{"0":[0,1],"1":[0,1],"2":[0,1],"3":[0,0],"4":[0,0,0,0,0],"5":[0,0],"6":[0,0,0,0,0]}}
}
