{"C:\\Users\\Domin\\Documents\\rrc_polytech\\semester_3\\back_end\\assignments\\capstone_project\\src\\app.ts": {"path":"C:\\Users\\Domin\\Documents\\rrc_polytech\\semester_3\\back_end\\assignments\\capstone_project\\src\\app.ts","statementMap":{"0":{"start":{"line":1,"column":0},"end":{"line":1,"column":43}},"1":{"start":{"line":2,"column":0},"end":{"line":2,"column":28}},"2":{"start":{"line":3,"column":0},"end":{"line":3,"column":61}},"3":{"start":{"line":4,"column":0},"end":{"line":4,"column":60}},"4":{"start":{"line":5,"column":0},"end":{"line":5,"column":58}},"5":{"start":{"line":6,"column":0},"end":{"line":6,"column":60}},"6":{"start":{"line":7,"column":0},"end":{"line":7,"column":72}},"7":{"start":{"line":8,"column":0},"end":{"line":8,"column":80}},"8":{"start":{"line":9,"column":0},"end":{"line":9,"column":70}},"9":{"start":{"line":10,"column":0},"end":{"line":10,"column":45}},"10":{"start":{"line":11,"column":0},"end":{"line":11,"column":66}},"11":{"start":{"line":12,"column":0},"end":{"line":12,"column":60}},"12":{"start":{"line":14,"column":21},"end":{"line":14,"column":30}},"13":{"start":{"line":17,"column":0},"end":{"line":17,"column":24}},"14":{"start":{"line":18,"column":0},"end":{"line":18,"column":28}},"15":{"start":{"line":21,"column":0},"end":{"line":21,"column":41}},"16":{"start":{"line":22,"column":0},"end":{"line":22,"column":39}},"17":{"start":{"line":23,"column":0},"end":{"line":23,"column":38}},"18":{"start":{"line":24,"column":0},"end":{"line":24,"column":41}},"19":{"start":{"line":25,"column":0},"end":{"line":25,"column":51}},"20":{"start":{"line":26,"column":0},"end":{"line":26,"column":53}},"21":{"start":{"line":27,"column":0},"end":{"line":27,"column":49}},"22":{"start":{"line":28,"column":0},"end":{"line":28,"column":39}},"23":{"start":{"line":30,"column":0},"end":{"line":30,"column":18}},"24":{"start":{"line":32,"column":0},"end":{"line":32,"column":22}},"25":{"start":{"line":34,"column":0},"end":{"line":34,"column":19}}},"fnMap":{},"branchMap":{},"s":{"0":6,"1":6,"2":6,"3":6,"4":6,"5":6,"6":6,"7":6,"8":6,"9":6,"10":6,"11":6,"12":6,"13":6,"14":6,"15":6,"16":6,"17":6,"18":6,"19":6,"20":6,"21":6,"22":6,"23":6,"24":6,"25":6},"f":{},"b":{}}
,"C:\\Users\\Domin\\Documents\\rrc_polytech\\semester_3\\back_end\\assignments\\capstone_project\\src\\api\\nba\\constants\\httpConstants.ts": {"path":"C:\\Users\\Domin\\Documents\\rrc_polytech\\semester_3\\back_end\\assignments\\capstone_project\\src\\api\\nba\\constants\\httpConstants.ts","statementMap":{"0":{"start":{"line":4,"column":13},"end":{"line":23,"column":11}}},"fnMap":{},"branchMap":{},"s":{"0":12},"f":{},"b":{}}
,"C:\\Users\\Domin\\Documents\\rrc_polytech\\semester_3\\back_end\\assignments\\capstone_project\\src\\api\\nba\\controllers\\adminController.ts": {"path":"C:\\Users\\Domin\\Documents\\rrc_polytech\\semester_3\\back_end\\assignments\\capstone_project\\src\\api\\nba\\controllers\\adminController.ts","statementMap":{"0":{"start":{"line":5,"column":0},"end":{"line":5,"column":57}},"1":{"start":{"line":6,"column":0},"end":{"line":6,"column":58}},"2":{"start":{"line":7,"column":0},"end":{"line":7,"column":57}},"3":{"start":{"line":15,"column":29},"end":{"line":31,"column":2}},"4":{"start":{"line":19,"column":19},"end":{"line":31,"column":2}},"5":{"start":{"line":20,"column":4},"end":{"line":30,"column":5}},"6":{"start":{"line":21,"column":31},"end":{"line":21,"column":39}},"7":{"start":{"line":23,"column":8},"end":{"line":23,"column":51}},"8":{"start":{"line":25,"column":8},"end":{"line":27,"column":10}},"9":{"start":{"line":29,"column":8},"end":{"line":29,"column":20}},"10":{"start":{"line":15,"column":13},"end":{"line":15,"column":29}}},"fnMap":{"0":{"name":"(anonymous_7)","decl":{"start":{"line":15,"column":29},"end":{"line":15,"column":null}},"loc":{"start":{"line":19,"column":19},"end":{"line":31,"column":2}}},"1":{"name":"(anonymous_8)","decl":{"start":{"line":19,"column":19},"end":{"line":19,"column":null}},"loc":{"start":{"line":19,"column":19},"end":{"line":31,"column":1}}}},"branchMap":{},"s":{"0":6,"1":6,"2":6,"3":6,"4":0,"5":0,"6":0,"7":0,"8":0,"9":0,"10":6},"f":{"0":0,"1":0},"b":{}}
,"C:\\Users\\Domin\\Documents\\rrc_polytech\\semester_3\\back_end\\assignments\\capstone_project\\src\\api\\nba\\controllers\\coachController.ts": {"path":"C:\\Users\\Domin\\Documents\\rrc_polytech\\semester_3\\back_end\\assignments\\capstone_project\\src\\api\\nba\\controllers\\coachController.ts","statementMap":{"0":{"start":{"line":3,"column":0},"end":{"line":3,"column":57}},"1":{"start":{"line":4,"column":0},"end":{"line":4,"column":58}},"2":{"start":{"line":6,"column":0},"end":{"line":6,"column":56}},"3":{"start":{"line":16,"column":27},"end":{"line":34,"column":2}},"4":{"start":{"line":16,"column":100},"end":{"line":34,"column":2}},"5":{"start":{"line":17,"column":4},"end":{"line":33,"column":5}},"6":{"start":{"line":19,"column":38},"end":{"line":19,"column":46}},"7":{"start":{"line":21,"column":36},"end":{"line":24,"column":10}},"8":{"start":{"line":27,"column":8},"end":{"line":29,"column":10}},"9":{"start":{"line":32,"column":8},"end":{"line":32,"column":20}},"10":{"start":{"line":16,"column":13},"end":{"line":16,"column":27}},"11":{"start":{"line":44,"column":26},"end":{"line":58,"column":2}},"12":{"start":{"line":44,"column":99},"end":{"line":58,"column":2}},"13":{"start":{"line":45,"column":4},"end":{"line":57,"column":5}},"14":{"start":{"line":46,"column":35},"end":{"line":46,"column":66}},"15":{"start":{"line":48,"column":8},"end":{"line":52,"column":9}},"16":{"start":{"line":49,"column":12},"end":{"line":51,"column":14}},"17":{"start":{"line":55,"column":8},"end":{"line":55,"column":20}},"18":{"start":{"line":44,"column":13},"end":{"line":44,"column":26}},"19":{"start":{"line":68,"column":28},"end":{"line":82,"column":null}},"20":{"start":{"line":68,"column":101},"end":{"line":82,"column":null}},"21":{"start":{"line":69,"column":4},"end":{"line":80,"column":5}},"22":{"start":{"line":70,"column":19},"end":{"line":70,"column":40}},"23":{"start":{"line":72,"column":37},"end":{"line":72,"column":72}},"24":{"start":{"line":74,"column":8},"end":{"line":76,"column":10}},"25":{"start":{"line":79,"column":8},"end":{"line":79,"column":20}},"26":{"start":{"line":68,"column":13},"end":{"line":68,"column":28}},"27":{"start":{"line":92,"column":27},"end":{"line":108,"column":2}},"28":{"start":{"line":92,"column":100},"end":{"line":108,"column":2}},"29":{"start":{"line":93,"column":4},"end":{"line":107,"column":5}},"30":{"start":{"line":95,"column":17},"end":{"line":95,"column":38}},"31":{"start":{"line":97,"column":38},"end":{"line":97,"column":46}},"32":{"start":{"line":99,"column":36},"end":{"line":99,"column":93}},"33":{"start":{"line":101,"column":8},"end":{"line":103,"column":10}},"34":{"start":{"line":106,"column":8},"end":{"line":106,"column":20}},"35":{"start":{"line":92,"column":13},"end":{"line":92,"column":27}}},"fnMap":{"0":{"name":"(anonymous_16)","decl":{"start":{"line":16,"column":27},"end":{"line":16,"column":34}},"loc":{"start":{"line":16,"column":100},"end":{"line":34,"column":2}}},"1":{"name":"(anonymous_17)","decl":{"start":{"line":16,"column":100},"end":{"line":16,"column":null}},"loc":{"start":{"line":16,"column":100},"end":{"line":34,"column":1}}},"2":{"name":"(anonymous_18)","decl":{"start":{"line":44,"column":26},"end":{"line":44,"column":33}},"loc":{"start":{"line":44,"column":99},"end":{"line":58,"column":2}}},"3":{"name":"(anonymous_19)","decl":{"start":{"line":44,"column":99},"end":{"line":44,"column":null}},"loc":{"start":{"line":44,"column":99},"end":{"line":58,"column":1}}},"4":{"name":"(anonymous_20)","decl":{"start":{"line":68,"column":28},"end":{"line":68,"column":35}},"loc":{"start":{"line":68,"column":101},"end":{"line":82,"column":null}}},"5":{"name":"(anonymous_21)","decl":{"start":{"line":68,"column":101},"end":{"line":68,"column":null}},"loc":{"start":{"line":68,"column":101},"end":{"line":82,"column":1}}},"6":{"name":"(anonymous_22)","decl":{"start":{"line":92,"column":27},"end":{"line":92,"column":34}},"loc":{"start":{"line":92,"column":100},"end":{"line":108,"column":2}}},"7":{"name":"(anonymous_23)","decl":{"start":{"line":92,"column":100},"end":{"line":92,"column":null}},"loc":{"start":{"line":92,"column":100},"end":{"line":108,"column":1}}}},"branchMap":{"0":{"loc":{"start":{"line":48,"column":8},"end":{"line":52,"column":9}},"type":"if","locations":[{"start":{"line":48,"column":8},"end":{"line":52,"column":9}},{"start":{},"end":{}}]}},"s":{"0":6,"1":6,"2":6,"3":6,"4":1,"5":1,"6":1,"7":1,"8":1,"9":0,"10":6,"11":6,"12":1,"13":1,"14":1,"15":1,"16":1,"17":0,"18":6,"19":6,"20":1,"21":1,"22":1,"23":1,"24":1,"25":0,"26":6,"27":6,"28":1,"29":1,"30":1,"31":1,"32":1,"33":1,"34":0,"35":6},"f":{"0":1,"1":1,"2":1,"3":1,"4":1,"5":1,"6":1,"7":1},"b":{"0":[1,0]}}
,"C:\\Users\\Domin\\Documents\\rrc_polytech\\semester_3\\back_end\\assignments\\capstone_project\\src\\api\\nba\\controllers\\conferenceController.ts": {"path":"C:\\Users\\Domin\\Documents\\rrc_polytech\\semester_3\\back_end\\assignments\\capstone_project\\src\\api\\nba\\controllers\\conferenceController.ts","statementMap":{"0":{"start":{"line":3,"column":0},"end":{"line":3,"column":57}},"1":{"start":{"line":4,"column":0},"end":{"line":4,"column":58}},"2":{"start":{"line":5,"column":0},"end":{"line":5,"column":67}},"3":{"start":{"line":14,"column":33},"end":{"line":26,"column":2}},"4":{"start":{"line":14,"column":106},"end":{"line":26,"column":2}},"5":{"start":{"line":15,"column":4},"end":{"line":25,"column":5}},"6":{"start":{"line":16,"column":8},"end":{"line":16,"column":52}},"7":{"start":{"line":18,"column":8},"end":{"line":20,"column":10}},"8":{"start":{"line":24,"column":8},"end":{"line":24,"column":20}},"9":{"start":{"line":14,"column":13},"end":{"line":14,"column":33}}},"fnMap":{"0":{"name":"(anonymous_16)","decl":{"start":{"line":14,"column":33},"end":{"line":14,"column":40}},"loc":{"start":{"line":14,"column":106},"end":{"line":26,"column":2}}},"1":{"name":"(anonymous_17)","decl":{"start":{"line":14,"column":106},"end":{"line":14,"column":null}},"loc":{"start":{"line":14,"column":106},"end":{"line":26,"column":1}}}},"branchMap":{},"s":{"0":6,"1":6,"2":6,"3":6,"4":1,"5":1,"6":1,"7":1,"8":0,"9":6},"f":{"0":1,"1":1},"b":{}}
,"C:\\Users\\Domin\\Documents\\rrc_polytech\\semester_3\\back_end\\assignments\\capstone_project\\src\\api\\nba\\controllers\\leagueStandingsController.ts": {"path":"C:\\Users\\Domin\\Documents\\rrc_polytech\\semester_3\\back_end\\assignments\\capstone_project\\src\\api\\nba\\controllers\\leagueStandingsController.ts","statementMap":{"0":{"start":{"line":3,"column":0},"end":{"line":3,"column":57}},"1":{"start":{"line":4,"column":0},"end":{"line":4,"column":58}},"2":{"start":{"line":6,"column":0},"end":{"line":6,"column":77}},"3":{"start":{"line":15,"column":34},"end":{"line":26,"column":2}},"4":{"start":{"line":15,"column":107},"end":{"line":26,"column":2}},"5":{"start":{"line":16,"column":4},"end":{"line":25,"column":5}},"6":{"start":{"line":17,"column":46},"end":{"line":17,"column":95}},"7":{"start":{"line":19,"column":8},"end":{"line":21,"column":10}},"8":{"start":{"line":24,"column":8},"end":{"line":24,"column":20}},"9":{"start":{"line":15,"column":13},"end":{"line":15,"column":34}},"10":{"start":{"line":35,"column":28},"end":{"line":46,"column":2}},"11":{"start":{"line":35,"column":101},"end":{"line":46,"column":2}},"12":{"start":{"line":36,"column":4},"end":{"line":45,"column":5}},"13":{"start":{"line":37,"column":45},"end":{"line":37,"column":88}},"14":{"start":{"line":39,"column":8},"end":{"line":41,"column":10}},"15":{"start":{"line":44,"column":8},"end":{"line":44,"column":20}},"16":{"start":{"line":35,"column":13},"end":{"line":35,"column":28}},"17":{"start":{"line":56,"column":36},"end":{"line":69,"column":2}},"18":{"start":{"line":56,"column":109},"end":{"line":69,"column":2}},"19":{"start":{"line":57,"column":4},"end":{"line":68,"column":5}},"20":{"start":{"line":58,"column":31},"end":{"line":58,"column":48}},"21":{"start":{"line":60,"column":43},"end":{"line":60,"column":100}},"22":{"start":{"line":62,"column":8},"end":{"line":64,"column":10}},"23":{"start":{"line":67,"column":8},"end":{"line":67,"column":20}},"24":{"start":{"line":56,"column":13},"end":{"line":56,"column":36}},"25":{"start":{"line":79,"column":31},"end":{"line":92,"column":2}},"26":{"start":{"line":79,"column":104},"end":{"line":92,"column":2}},"27":{"start":{"line":80,"column":4},"end":{"line":91,"column":5}},"28":{"start":{"line":81,"column":31},"end":{"line":81,"column":48}},"29":{"start":{"line":83,"column":50},"end":{"line":83,"column":102}},"30":{"start":{"line":85,"column":8},"end":{"line":87,"column":10}},"31":{"start":{"line":90,"column":8},"end":{"line":90,"column":20}},"32":{"start":{"line":79,"column":13},"end":{"line":79,"column":31}}},"fnMap":{"0":{"name":"(anonymous_16)","decl":{"start":{"line":15,"column":34},"end":{"line":15,"column":41}},"loc":{"start":{"line":15,"column":107},"end":{"line":26,"column":2}}},"1":{"name":"(anonymous_17)","decl":{"start":{"line":15,"column":107},"end":{"line":15,"column":null}},"loc":{"start":{"line":15,"column":107},"end":{"line":26,"column":1}}},"2":{"name":"(anonymous_18)","decl":{"start":{"line":35,"column":28},"end":{"line":35,"column":35}},"loc":{"start":{"line":35,"column":101},"end":{"line":46,"column":2}}},"3":{"name":"(anonymous_19)","decl":{"start":{"line":35,"column":101},"end":{"line":35,"column":null}},"loc":{"start":{"line":35,"column":101},"end":{"line":46,"column":1}}},"4":{"name":"(anonymous_20)","decl":{"start":{"line":56,"column":36},"end":{"line":56,"column":43}},"loc":{"start":{"line":56,"column":109},"end":{"line":69,"column":2}}},"5":{"name":"(anonymous_21)","decl":{"start":{"line":56,"column":109},"end":{"line":56,"column":null}},"loc":{"start":{"line":56,"column":109},"end":{"line":69,"column":1}}},"6":{"name":"(anonymous_22)","decl":{"start":{"line":79,"column":31},"end":{"line":79,"column":38}},"loc":{"start":{"line":79,"column":104},"end":{"line":92,"column":2}}},"7":{"name":"(anonymous_23)","decl":{"start":{"line":79,"column":104},"end":{"line":79,"column":null}},"loc":{"start":{"line":79,"column":104},"end":{"line":92,"column":1}}}},"branchMap":{},"s":{"0":6,"1":6,"2":6,"3":6,"4":1,"5":1,"6":1,"7":1,"8":0,"9":6,"10":6,"11":1,"12":1,"13":1,"14":1,"15":0,"16":6,"17":6,"18":1,"19":1,"20":1,"21":1,"22":1,"23":0,"24":6,"25":6,"26":1,"27":1,"28":1,"29":1,"30":1,"31":0,"32":6},"f":{"0":1,"1":1,"2":1,"3":1,"4":1,"5":1,"6":1,"7":1},"b":{}}
,"C:\\Users\\Domin\\Documents\\rrc_polytech\\semester_3\\back_end\\assignments\\capstone_project\\src\\api\\nba\\controllers\\matchController.ts": {"path":"C:\\Users\\Domin\\Documents\\rrc_polytech\\semester_3\\back_end\\assignments\\capstone_project\\src\\api\\nba\\controllers\\matchController.ts","statementMap":{"0":{"start":{"line":3,"column":0},"end":{"line":3,"column":57}},"1":{"start":{"line":4,"column":0},"end":{"line":4,"column":58}},"2":{"start":{"line":6,"column":0},"end":{"line":6,"column":57}},"3":{"start":{"line":16,"column":26},"end":{"line":33,"column":2}},"4":{"start":{"line":16,"column":99},"end":{"line":33,"column":2}},"5":{"start":{"line":17,"column":4},"end":{"line":32,"column":5}},"6":{"start":{"line":19,"column":39},"end":{"line":19,"column":47}},"7":{"start":{"line":21,"column":36},"end":{"line":23,"column":10}},"8":{"start":{"line":25,"column":8},"end":{"line":27,"column":10}},"9":{"start":{"line":31,"column":8},"end":{"line":31,"column":20}},"10":{"start":{"line":16,"column":13},"end":{"line":16,"column":26}},"11":{"start":{"line":42,"column":26},"end":{"line":57,"column":2}},"12":{"start":{"line":42,"column":99},"end":{"line":57,"column":2}},"13":{"start":{"line":43,"column":4},"end":{"line":56,"column":5}},"14":{"start":{"line":44,"column":35},"end":{"line":44,"column":66}},"15":{"start":{"line":46,"column":8},"end":{"line":50,"column":9}},"16":{"start":{"line":47,"column":12},"end":{"line":49,"column":14}},"17":{"start":{"line":54,"column":8},"end":{"line":54,"column":20}},"18":{"start":{"line":42,"column":13},"end":{"line":42,"column":26}},"19":{"start":{"line":66,"column":24},"end":{"line":81,"column":2}},"20":{"start":{"line":66,"column":97},"end":{"line":81,"column":2}},"21":{"start":{"line":67,"column":4},"end":{"line":80,"column":5}},"22":{"start":{"line":68,"column":43},"end":{"line":68,"column":72}},"23":{"start":{"line":70,"column":8},"end":{"line":74,"column":9}},"24":{"start":{"line":71,"column":12},"end":{"line":73,"column":14}},"25":{"start":{"line":78,"column":8},"end":{"line":78,"column":20}},"26":{"start":{"line":66,"column":13},"end":{"line":66,"column":24}},"27":{"start":{"line":91,"column":24},"end":{"line":105,"column":2}},"28":{"start":{"line":91,"column":97},"end":{"line":105,"column":2}},"29":{"start":{"line":92,"column":4},"end":{"line":103,"column":5}},"30":{"start":{"line":93,"column":17},"end":{"line":93,"column":38}},"31":{"start":{"line":95,"column":37},"end":{"line":95,"column":68}},"32":{"start":{"line":97,"column":8},"end":{"line":99,"column":28}},"33":{"start":{"line":102,"column":8},"end":{"line":102,"column":20}},"34":{"start":{"line":91,"column":13},"end":{"line":91,"column":24}},"35":{"start":{"line":115,"column":25},"end":{"line":128,"column":null}},"36":{"start":{"line":115,"column":98},"end":{"line":128,"column":null}},"37":{"start":{"line":116,"column":4},"end":{"line":127,"column":5}},"38":{"start":{"line":117,"column":17},"end":{"line":117,"column":38}},"39":{"start":{"line":119,"column":37},"end":{"line":119,"column":69}},"40":{"start":{"line":121,"column":8},"end":{"line":123,"column":28}},"41":{"start":{"line":126,"column":8},"end":{"line":126,"column":20}},"42":{"start":{"line":115,"column":13},"end":{"line":115,"column":25}},"43":{"start":{"line":138,"column":27},"end":{"line":156,"column":2}},"44":{"start":{"line":138,"column":100},"end":{"line":156,"column":2}},"45":{"start":{"line":139,"column":4},"end":{"line":155,"column":5}},"46":{"start":{"line":140,"column":17},"end":{"line":140,"column":38}},"47":{"start":{"line":141,"column":29},"end":{"line":141,"column":37}},"48":{"start":{"line":143,"column":37},"end":{"line":143,"column":81}},"49":{"start":{"line":145,"column":8},"end":{"line":151,"column":9}},"50":{"start":{"line":146,"column":12},"end":{"line":146,"column":75}},"51":{"start":{"line":149,"column":12},"end":{"line":150,"column":67}},"52":{"start":{"line":154,"column":8},"end":{"line":154,"column":20}},"53":{"start":{"line":138,"column":13},"end":{"line":138,"column":27}}},"fnMap":{"0":{"name":"(anonymous_16)","decl":{"start":{"line":16,"column":26},"end":{"line":16,"column":33}},"loc":{"start":{"line":16,"column":99},"end":{"line":33,"column":2}}},"1":{"name":"(anonymous_17)","decl":{"start":{"line":16,"column":99},"end":{"line":16,"column":null}},"loc":{"start":{"line":16,"column":99},"end":{"line":33,"column":1}}},"2":{"name":"(anonymous_18)","decl":{"start":{"line":42,"column":26},"end":{"line":42,"column":33}},"loc":{"start":{"line":42,"column":99},"end":{"line":57,"column":2}}},"3":{"name":"(anonymous_19)","decl":{"start":{"line":42,"column":99},"end":{"line":42,"column":null}},"loc":{"start":{"line":42,"column":99},"end":{"line":57,"column":1}}},"4":{"name":"(anonymous_20)","decl":{"start":{"line":66,"column":24},"end":{"line":66,"column":31}},"loc":{"start":{"line":66,"column":97},"end":{"line":81,"column":2}}},"5":{"name":"(anonymous_21)","decl":{"start":{"line":66,"column":97},"end":{"line":66,"column":null}},"loc":{"start":{"line":66,"column":97},"end":{"line":81,"column":1}}},"6":{"name":"(anonymous_22)","decl":{"start":{"line":91,"column":24},"end":{"line":91,"column":31}},"loc":{"start":{"line":91,"column":97},"end":{"line":105,"column":2}}},"7":{"name":"(anonymous_23)","decl":{"start":{"line":91,"column":97},"end":{"line":91,"column":null}},"loc":{"start":{"line":91,"column":97},"end":{"line":105,"column":1}}},"8":{"name":"(anonymous_24)","decl":{"start":{"line":115,"column":25},"end":{"line":115,"column":32}},"loc":{"start":{"line":115,"column":98},"end":{"line":128,"column":null}}},"9":{"name":"(anonymous_25)","decl":{"start":{"line":115,"column":98},"end":{"line":115,"column":null}},"loc":{"start":{"line":115,"column":98},"end":{"line":128,"column":1}}},"10":{"name":"(anonymous_26)","decl":{"start":{"line":138,"column":27},"end":{"line":138,"column":34}},"loc":{"start":{"line":138,"column":100},"end":{"line":156,"column":2}}},"11":{"name":"(anonymous_27)","decl":{"start":{"line":138,"column":100},"end":{"line":138,"column":null}},"loc":{"start":{"line":138,"column":100},"end":{"line":156,"column":1}}}},"branchMap":{"0":{"loc":{"start":{"line":46,"column":8},"end":{"line":50,"column":9}},"type":"if","locations":[{"start":{"line":46,"column":8},"end":{"line":50,"column":9}},{"start":{},"end":{}}]},"1":{"loc":{"start":{"line":70,"column":8},"end":{"line":74,"column":9}},"type":"if","locations":[{"start":{"line":70,"column":8},"end":{"line":74,"column":9}},{"start":{},"end":{}}]},"2":{"loc":{"start":{"line":145,"column":8},"end":{"line":151,"column":9}},"type":"if","locations":[{"start":{"line":145,"column":8},"end":{"line":151,"column":9}},{"start":{"line":148,"column":13},"end":{"line":151,"column":9}}]}},"s":{"0":6,"1":6,"2":6,"3":6,"4":1,"5":1,"6":1,"7":1,"8":1,"9":0,"10":6,"11":6,"12":2,"13":2,"14":2,"15":2,"16":2,"17":0,"18":6,"19":6,"20":0,"21":0,"22":0,"23":0,"24":0,"25":0,"26":6,"27":6,"28":1,"29":1,"30":1,"31":1,"32":1,"33":0,"34":6,"35":6,"36":1,"37":1,"38":1,"39":1,"40":1,"41":0,"42":6,"43":6,"44":1,"45":1,"46":1,"47":1,"48":1,"49":1,"50":1,"51":0,"52":0,"53":6},"f":{"0":1,"1":1,"2":2,"3":2,"4":0,"5":0,"6":1,"7":1,"8":1,"9":1,"10":1,"11":1},"b":{"0":[2,0],"1":[0,0],"2":[1,0]}}
,"C:\\Users\\Domin\\Documents\\rrc_polytech\\semester_3\\back_end\\assignments\\capstone_project\\src\\api\\nba\\controllers\\playerController.ts": {"path":"C:\\Users\\Domin\\Documents\\rrc_polytech\\semester_3\\back_end\\assignments\\capstone_project\\src\\api\\nba\\controllers\\playerController.ts","statementMap":{"0":{"start":{"line":3,"column":0},"end":{"line":3,"column":57}},"1":{"start":{"line":4,"column":0},"end":{"line":4,"column":58}},"2":{"start":{"line":6,"column":0},"end":{"line":6,"column":58}},"3":{"start":{"line":16,"column":28},"end":{"line":45,"column":2}},"4":{"start":{"line":16,"column":101},"end":{"line":45,"column":2}},"5":{"start":{"line":17,"column":4},"end":{"line":44,"column":5}},"6":{"start":{"line":25,"column":24},"end":{"line":25,"column":32}},"7":{"start":{"line":27,"column":38},"end":{"line":35,"column":10}},"8":{"start":{"line":38,"column":8},"end":{"line":40,"column":10}},"9":{"start":{"line":43,"column":8},"end":{"line":43,"column":20}},"10":{"start":{"line":16,"column":13},"end":{"line":16,"column":28}},"11":{"start":{"line":54,"column":29},"end":{"line":69,"column":2}},"12":{"start":{"line":54,"column":102},"end":{"line":69,"column":2}},"13":{"start":{"line":55,"column":4},"end":{"line":68,"column":5}},"14":{"start":{"line":56,"column":37},"end":{"line":56,"column":72}},"15":{"start":{"line":58,"column":8},"end":{"line":62,"column":9}},"16":{"start":{"line":59,"column":12},"end":{"line":61,"column":14}},"17":{"start":{"line":66,"column":8},"end":{"line":66,"column":20}},"18":{"start":{"line":54,"column":13},"end":{"line":54,"column":29}},"19":{"start":{"line":78,"column":26},"end":{"line":93,"column":2}},"20":{"start":{"line":78,"column":99},"end":{"line":93,"column":2}},"21":{"start":{"line":79,"column":4},"end":{"line":92,"column":5}},"22":{"start":{"line":80,"column":37},"end":{"line":80,"column":69}},"23":{"start":{"line":82,"column":8},"end":{"line":86,"column":9}},"24":{"start":{"line":83,"column":12},"end":{"line":85,"column":14}},"25":{"start":{"line":90,"column":8},"end":{"line":90,"column":20}},"26":{"start":{"line":78,"column":13},"end":{"line":78,"column":26}},"27":{"start":{"line":102,"column":33},"end":{"line":117,"column":2}},"28":{"start":{"line":102,"column":106},"end":{"line":117,"column":2}},"29":{"start":{"line":103,"column":4},"end":{"line":116,"column":5}},"30":{"start":{"line":104,"column":37},"end":{"line":104,"column":76}},"31":{"start":{"line":106,"column":8},"end":{"line":110,"column":9}},"32":{"start":{"line":107,"column":12},"end":{"line":109,"column":14}},"33":{"start":{"line":114,"column":8},"end":{"line":114,"column":20}},"34":{"start":{"line":102,"column":13},"end":{"line":102,"column":33}},"35":{"start":{"line":127,"column":29},"end":{"line":140,"column":2}},"36":{"start":{"line":127,"column":102},"end":{"line":140,"column":2}},"37":{"start":{"line":128,"column":4},"end":{"line":139,"column":5}},"38":{"start":{"line":129,"column":17},"end":{"line":129,"column":38}},"39":{"start":{"line":131,"column":40},"end":{"line":131,"column":77}},"40":{"start":{"line":133,"column":8},"end":{"line":135,"column":29}},"41":{"start":{"line":138,"column":8},"end":{"line":138,"column":20}},"42":{"start":{"line":127,"column":13},"end":{"line":127,"column":29}},"43":{"start":{"line":150,"column":28},"end":{"line":163,"column":2}},"44":{"start":{"line":150,"column":101},"end":{"line":163,"column":2}},"45":{"start":{"line":151,"column":4},"end":{"line":162,"column":5}},"46":{"start":{"line":152,"column":17},"end":{"line":152,"column":38}},"47":{"start":{"line":153,"column":29},"end":{"line":153,"column":37}},"48":{"start":{"line":155,"column":39},"end":{"line":155,"column":85}},"49":{"start":{"line":157,"column":8},"end":{"line":158,"column":68}},"50":{"start":{"line":161,"column":8},"end":{"line":161,"column":20}},"51":{"start":{"line":150,"column":13},"end":{"line":150,"column":28}},"52":{"start":{"line":173,"column":28},"end":{"line":191,"column":2}},"53":{"start":{"line":173,"column":101},"end":{"line":191,"column":2}},"54":{"start":{"line":174,"column":4},"end":{"line":190,"column":5}},"55":{"start":{"line":176,"column":17},"end":{"line":176,"column":38}},"56":{"start":{"line":178,"column":83},"end":{"line":178,"column":91}},"57":{"start":{"line":180,"column":38},"end":{"line":182,"column":10}},"58":{"start":{"line":184,"column":8},"end":{"line":186,"column":10}},"59":{"start":{"line":189,"column":8},"end":{"line":189,"column":20}},"60":{"start":{"line":173,"column":13},"end":{"line":173,"column":28}}},"fnMap":{"0":{"name":"(anonymous_16)","decl":{"start":{"line":16,"column":28},"end":{"line":16,"column":35}},"loc":{"start":{"line":16,"column":101},"end":{"line":45,"column":2}}},"1":{"name":"(anonymous_17)","decl":{"start":{"line":16,"column":101},"end":{"line":16,"column":null}},"loc":{"start":{"line":16,"column":101},"end":{"line":45,"column":1}}},"2":{"name":"(anonymous_18)","decl":{"start":{"line":54,"column":29},"end":{"line":54,"column":36}},"loc":{"start":{"line":54,"column":102},"end":{"line":69,"column":2}}},"3":{"name":"(anonymous_19)","decl":{"start":{"line":54,"column":102},"end":{"line":54,"column":null}},"loc":{"start":{"line":54,"column":102},"end":{"line":69,"column":1}}},"4":{"name":"(anonymous_20)","decl":{"start":{"line":78,"column":26},"end":{"line":78,"column":33}},"loc":{"start":{"line":78,"column":99},"end":{"line":93,"column":2}}},"5":{"name":"(anonymous_21)","decl":{"start":{"line":78,"column":99},"end":{"line":78,"column":null}},"loc":{"start":{"line":78,"column":99},"end":{"line":93,"column":1}}},"6":{"name":"(anonymous_22)","decl":{"start":{"line":102,"column":33},"end":{"line":102,"column":40}},"loc":{"start":{"line":102,"column":106},"end":{"line":117,"column":2}}},"7":{"name":"(anonymous_23)","decl":{"start":{"line":102,"column":106},"end":{"line":102,"column":null}},"loc":{"start":{"line":102,"column":106},"end":{"line":117,"column":1}}},"8":{"name":"(anonymous_24)","decl":{"start":{"line":127,"column":29},"end":{"line":127,"column":36}},"loc":{"start":{"line":127,"column":102},"end":{"line":140,"column":2}}},"9":{"name":"(anonymous_25)","decl":{"start":{"line":127,"column":102},"end":{"line":127,"column":null}},"loc":{"start":{"line":127,"column":102},"end":{"line":140,"column":1}}},"10":{"name":"(anonymous_26)","decl":{"start":{"line":150,"column":28},"end":{"line":150,"column":35}},"loc":{"start":{"line":150,"column":101},"end":{"line":163,"column":2}}},"11":{"name":"(anonymous_27)","decl":{"start":{"line":150,"column":101},"end":{"line":150,"column":null}},"loc":{"start":{"line":150,"column":101},"end":{"line":163,"column":1}}},"12":{"name":"(anonymous_28)","decl":{"start":{"line":173,"column":28},"end":{"line":173,"column":35}},"loc":{"start":{"line":173,"column":101},"end":{"line":191,"column":2}}},"13":{"name":"(anonymous_29)","decl":{"start":{"line":173,"column":101},"end":{"line":173,"column":null}},"loc":{"start":{"line":173,"column":101},"end":{"line":191,"column":1}}}},"branchMap":{"0":{"loc":{"start":{"line":58,"column":8},"end":{"line":62,"column":9}},"type":"if","locations":[{"start":{"line":58,"column":8},"end":{"line":62,"column":9}},{"start":{},"end":{}}]},"1":{"loc":{"start":{"line":82,"column":8},"end":{"line":86,"column":9}},"type":"if","locations":[{"start":{"line":82,"column":8},"end":{"line":86,"column":9}},{"start":{},"end":{}}]},"2":{"loc":{"start":{"line":106,"column":8},"end":{"line":110,"column":9}},"type":"if","locations":[{"start":{"line":106,"column":8},"end":{"line":110,"column":9}},{"start":{},"end":{}}]}},"s":{"0":6,"1":6,"2":6,"3":6,"4":1,"5":1,"6":1,"7":1,"8":1,"9":0,"10":6,"11":6,"12":1,"13":1,"14":1,"15":1,"16":1,"17":0,"18":6,"19":6,"20":1,"21":1,"22":1,"23":1,"24":1,"25":0,"26":6,"27":6,"28":1,"29":1,"30":1,"31":1,"32":1,"33":0,"34":6,"35":6,"36":1,"37":1,"38":1,"39":1,"40":1,"41":0,"42":6,"43":6,"44":1,"45":1,"46":1,"47":1,"48":1,"49":1,"50":0,"51":6,"52":6,"53":1,"54":1,"55":1,"56":1,"57":1,"58":1,"59":0,"60":6},"f":{"0":1,"1":1,"2":1,"3":1,"4":1,"5":1,"6":1,"7":1,"8":1,"9":1,"10":1,"11":1,"12":1,"13":1},"b":{"0":[1,0],"1":[1,0],"2":[1,0]}}
,"C:\\Users\\Domin\\Documents\\rrc_polytech\\semester_3\\back_end\\assignments\\capstone_project\\src\\api\\nba\\controllers\\possessionsController.ts": {"path":"C:\\Users\\Domin\\Documents\\rrc_polytech\\semester_3\\back_end\\assignments\\capstone_project\\src\\api\\nba\\controllers\\possessionsController.ts","statementMap":{"0":{"start":{"line":3,"column":0},"end":{"line":3,"column":57}},"1":{"start":{"line":4,"column":0},"end":{"line":4,"column":58}},"2":{"start":{"line":6,"column":0},"end":{"line":6,"column":68}},"3":{"start":{"line":16,"column":30},"end":{"line":29,"column":2}},"4":{"start":{"line":16,"column":103},"end":{"line":29,"column":2}},"5":{"start":{"line":17,"column":4},"end":{"line":28,"column":5}},"6":{"start":{"line":18,"column":17},"end":{"line":18,"column":38}},"7":{"start":{"line":20,"column":44},"end":{"line":20,"column":87}},"8":{"start":{"line":22,"column":8},"end":{"line":24,"column":38}},"9":{"start":{"line":27,"column":8},"end":{"line":27,"column":20}},"10":{"start":{"line":16,"column":13},"end":{"line":16,"column":30}}},"fnMap":{"0":{"name":"(anonymous_16)","decl":{"start":{"line":16,"column":30},"end":{"line":16,"column":37}},"loc":{"start":{"line":16,"column":103},"end":{"line":29,"column":2}}},"1":{"name":"(anonymous_17)","decl":{"start":{"line":16,"column":103},"end":{"line":16,"column":null}},"loc":{"start":{"line":16,"column":103},"end":{"line":29,"column":1}}}},"branchMap":{},"s":{"0":6,"1":6,"2":6,"3":6,"4":1,"5":1,"6":1,"7":1,"8":1,"9":0,"10":6},"f":{"0":1,"1":1},"b":{}}
,"C:\\Users\\Domin\\Documents\\rrc_polytech\\semester_3\\back_end\\assignments\\capstone_project\\src\\api\\nba\\controllers\\teamController.ts": {"path":"C:\\Users\\Domin\\Documents\\rrc_polytech\\semester_3\\back_end\\assignments\\capstone_project\\src\\api\\nba\\controllers\\teamController.ts","statementMap":{"0":{"start":{"line":3,"column":0},"end":{"line":3,"column":57}},"1":{"start":{"line":4,"column":0},"end":{"line":4,"column":58}},"2":{"start":{"line":6,"column":0},"end":{"line":6,"column":54}},"3":{"start":{"line":16,"column":26},"end":{"line":34,"column":2}},"4":{"start":{"line":16,"column":99},"end":{"line":34,"column":2}},"5":{"start":{"line":17,"column":4},"end":{"line":33,"column":5}},"6":{"start":{"line":19,"column":37},"end":{"line":19,"column":45}},"7":{"start":{"line":21,"column":34},"end":{"line":24,"column":10}},"8":{"start":{"line":27,"column":8},"end":{"line":29,"column":10}},"9":{"start":{"line":32,"column":8},"end":{"line":32,"column":20}},"10":{"start":{"line":16,"column":13},"end":{"line":16,"column":26}},"11":{"start":{"line":43,"column":24},"end":{"line":59,"column":2}},"12":{"start":{"line":43,"column":97},"end":{"line":59,"column":2}},"13":{"start":{"line":44,"column":4},"end":{"line":57,"column":5}},"14":{"start":{"line":45,"column":33},"end":{"line":45,"column":61}},"15":{"start":{"line":47,"column":8},"end":{"line":51,"column":9}},"16":{"start":{"line":48,"column":12},"end":{"line":50,"column":14}},"17":{"start":{"line":55,"column":8},"end":{"line":55,"column":20}},"18":{"start":{"line":43,"column":13},"end":{"line":43,"column":24}},"19":{"start":{"line":69,"column":27},"end":{"line":84,"column":2}},"20":{"start":{"line":69,"column":100},"end":{"line":84,"column":2}},"21":{"start":{"line":70,"column":4},"end":{"line":83,"column":5}},"22":{"start":{"line":72,"column":17},"end":{"line":72,"column":38}},"23":{"start":{"line":74,"column":35},"end":{"line":74,"column":68}},"24":{"start":{"line":76,"column":8},"end":{"line":78,"column":10}},"25":{"start":{"line":81,"column":8},"end":{"line":81,"column":20}},"26":{"start":{"line":69,"column":13},"end":{"line":69,"column":27}},"27":{"start":{"line":94,"column":30},"end":{"line":110,"column":2}},"28":{"start":{"line":94,"column":103},"end":{"line":110,"column":2}},"29":{"start":{"line":95,"column":4},"end":{"line":109,"column":5}},"30":{"start":{"line":97,"column":17},"end":{"line":97,"column":38}},"31":{"start":{"line":99,"column":28},"end":{"line":99,"column":36}},"32":{"start":{"line":101,"column":34},"end":{"line":101,"column":79}},"33":{"start":{"line":103,"column":8},"end":{"line":105,"column":10}},"34":{"start":{"line":108,"column":8},"end":{"line":108,"column":20}},"35":{"start":{"line":94,"column":13},"end":{"line":94,"column":30}},"36":{"start":{"line":120,"column":28},"end":{"line":135,"column":null}},"37":{"start":{"line":120,"column":101},"end":{"line":135,"column":null}},"38":{"start":{"line":121,"column":4},"end":{"line":134,"column":5}},"39":{"start":{"line":122,"column":17},"end":{"line":122,"column":38}},"40":{"start":{"line":124,"column":29},"end":{"line":124,"column":37}},"41":{"start":{"line":126,"column":34},"end":{"line":126,"column":78}},"42":{"start":{"line":128,"column":8},"end":{"line":130,"column":10}},"43":{"start":{"line":133,"column":8},"end":{"line":133,"column":20}},"44":{"start":{"line":120,"column":13},"end":{"line":120,"column":28}},"45":{"start":{"line":145,"column":27},"end":{"line":160,"column":null}},"46":{"start":{"line":145,"column":100},"end":{"line":160,"column":null}},"47":{"start":{"line":146,"column":4},"end":{"line":159,"column":5}},"48":{"start":{"line":147,"column":17},"end":{"line":147,"column":38}},"49":{"start":{"line":149,"column":28},"end":{"line":149,"column":36}},"50":{"start":{"line":151,"column":34},"end":{"line":151,"column":77}},"51":{"start":{"line":153,"column":8},"end":{"line":155,"column":10}},"52":{"start":{"line":158,"column":8},"end":{"line":158,"column":20}},"53":{"start":{"line":145,"column":13},"end":{"line":145,"column":27}},"54":{"start":{"line":170,"column":28},"end":{"line":185,"column":null}},"55":{"start":{"line":170,"column":101},"end":{"line":185,"column":null}},"56":{"start":{"line":171,"column":4},"end":{"line":184,"column":5}},"57":{"start":{"line":172,"column":17},"end":{"line":172,"column":38}},"58":{"start":{"line":174,"column":29},"end":{"line":174,"column":37}},"59":{"start":{"line":176,"column":34},"end":{"line":176,"column":78}},"60":{"start":{"line":178,"column":8},"end":{"line":180,"column":10}},"61":{"start":{"line":183,"column":8},"end":{"line":183,"column":20}},"62":{"start":{"line":170,"column":13},"end":{"line":170,"column":28}}},"fnMap":{"0":{"name":"(anonymous_16)","decl":{"start":{"line":16,"column":26},"end":{"line":16,"column":33}},"loc":{"start":{"line":16,"column":99},"end":{"line":34,"column":2}}},"1":{"name":"(anonymous_17)","decl":{"start":{"line":16,"column":99},"end":{"line":16,"column":null}},"loc":{"start":{"line":16,"column":99},"end":{"line":34,"column":1}}},"2":{"name":"(anonymous_18)","decl":{"start":{"line":43,"column":24},"end":{"line":43,"column":31}},"loc":{"start":{"line":43,"column":97},"end":{"line":59,"column":2}}},"3":{"name":"(anonymous_19)","decl":{"start":{"line":43,"column":97},"end":{"line":43,"column":null}},"loc":{"start":{"line":43,"column":97},"end":{"line":59,"column":1}}},"4":{"name":"(anonymous_20)","decl":{"start":{"line":69,"column":27},"end":{"line":69,"column":34}},"loc":{"start":{"line":69,"column":100},"end":{"line":84,"column":2}}},"5":{"name":"(anonymous_21)","decl":{"start":{"line":69,"column":100},"end":{"line":69,"column":null}},"loc":{"start":{"line":69,"column":100},"end":{"line":84,"column":1}}},"6":{"name":"(anonymous_22)","decl":{"start":{"line":94,"column":30},"end":{"line":94,"column":37}},"loc":{"start":{"line":94,"column":103},"end":{"line":110,"column":2}}},"7":{"name":"(anonymous_23)","decl":{"start":{"line":94,"column":103},"end":{"line":94,"column":null}},"loc":{"start":{"line":94,"column":103},"end":{"line":110,"column":1}}},"8":{"name":"(anonymous_24)","decl":{"start":{"line":120,"column":28},"end":{"line":120,"column":35}},"loc":{"start":{"line":120,"column":101},"end":{"line":135,"column":null}}},"9":{"name":"(anonymous_25)","decl":{"start":{"line":120,"column":101},"end":{"line":120,"column":null}},"loc":{"start":{"line":120,"column":101},"end":{"line":135,"column":1}}},"10":{"name":"(anonymous_26)","decl":{"start":{"line":145,"column":27},"end":{"line":145,"column":34}},"loc":{"start":{"line":145,"column":100},"end":{"line":160,"column":null}}},"11":{"name":"(anonymous_27)","decl":{"start":{"line":145,"column":100},"end":{"line":145,"column":null}},"loc":{"start":{"line":145,"column":100},"end":{"line":160,"column":1}}},"12":{"name":"(anonymous_28)","decl":{"start":{"line":170,"column":28},"end":{"line":170,"column":35}},"loc":{"start":{"line":170,"column":101},"end":{"line":185,"column":null}}},"13":{"name":"(anonymous_29)","decl":{"start":{"line":170,"column":101},"end":{"line":170,"column":null}},"loc":{"start":{"line":170,"column":101},"end":{"line":185,"column":1}}}},"branchMap":{"0":{"loc":{"start":{"line":47,"column":8},"end":{"line":51,"column":9}},"type":"if","locations":[{"start":{"line":47,"column":8},"end":{"line":51,"column":9}},{"start":{},"end":{}}]}},"s":{"0":6,"1":6,"2":6,"3":6,"4":0,"5":0,"6":0,"7":0,"8":0,"9":0,"10":6,"11":6,"12":0,"13":0,"14":0,"15":0,"16":0,"17":0,"18":6,"19":6,"20":0,"21":0,"22":0,"23":0,"24":0,"25":0,"26":6,"27":6,"28":0,"29":0,"30":0,"31":0,"32":0,"33":0,"34":0,"35":6,"36":6,"37":0,"38":0,"39":0,"40":0,"41":0,"42":0,"43":0,"44":6,"45":6,"46":0,"47":0,"48":0,"49":0,"50":0,"51":0,"52":0,"53":6,"54":6,"55":0,"56":0,"57":0,"58":0,"59":0,"60":0,"61":0,"62":6},"f":{"0":0,"1":0,"2":0,"3":0,"4":0,"5":0,"6":0,"7":0,"8":0,"9":0,"10":0,"11":0,"12":0,"13":0},"b":{"0":[0,0]}}
,"C:\\Users\\Domin\\Documents\\rrc_polytech\\semester_3\\back_end\\assignments\\capstone_project\\src\\api\\nba\\errors\\errors.ts": {"path":"C:\\Users\\Domin\\Documents\\rrc_polytech\\semester_3\\back_end\\assignments\\capstone_project\\src\\api\\nba\\errors\\errors.ts","statementMap":{"0":{"start":{"line":1,"column":0},"end":{"line":1,"column":57}},"1":{"start":{"line":25,"column":8},"end":{"line":25,"column":23}},"2":{"start":{"line":21,"column":15},"end":{"line":21,"column":30}},"3":{"start":{"line":22,"column":15},"end":{"line":22,"column":27}},"4":{"start":{"line":23,"column":15},"end":{"line":23,"column":33}},"5":{"start":{"line":26,"column":8},"end":{"line":26,"column":42}},"6":{"start":{"line":27,"column":8},"end":{"line":27,"column":58}},"7":{"start":{"line":28,"column":8},"end":{"line":28,"column":56}},"8":{"start":{"line":13,"column":0},"end":{"line":13,"column":13}},"9":{"start":{"line":42,"column":8},"end":{"line":42,"column":41}},"10":{"start":{"line":36,"column":0},"end":{"line":36,"column":13}},"11":{"start":{"line":56,"column":8},"end":{"line":56,"column":41}},"12":{"start":{"line":50,"column":0},"end":{"line":50,"column":13}}},"fnMap":{"0":{"name":"(anonymous_0)","decl":{"start":{"line":20,"column":4},"end":{"line":20,"column":null}},"loc":{"start":{"line":23,"column":33},"end":{"line":29,"column":5}}},"1":{"name":"(anonymous_1)","decl":{"start":{"line":37,"column":4},"end":{"line":37,"column":null}},"loc":{"start":{"line":40,"column":53},"end":{"line":43,"column":5}}},"2":{"name":"(anonymous_2)","decl":{"start":{"line":51,"column":4},"end":{"line":51,"column":null}},"loc":{"start":{"line":54,"column":50},"end":{"line":57,"column":5}}}},"branchMap":{"0":{"loc":{"start":{"line":39,"column":8},"end":{"line":39,"column":45}},"type":"default-arg","locations":[{"start":{"line":39,"column":23},"end":{"line":39,"column":45}}]},"1":{"loc":{"start":{"line":40,"column":8},"end":{"line":40,"column":53}},"type":"default-arg","locations":[{"start":{"line":40,"column":29},"end":{"line":40,"column":53}}]},"2":{"loc":{"start":{"line":53,"column":8},"end":{"line":53,"column":44}},"type":"default-arg","locations":[{"start":{"line":53,"column":23},"end":{"line":53,"column":44}}]},"3":{"loc":{"start":{"line":54,"column":8},"end":{"line":54,"column":50}},"type":"default-arg","locations":[{"start":{"line":54,"column":29},"end":{"line":54,"column":50}}]}},"s":{"0":6,"1":22,"2":22,"3":22,"4":22,"5":22,"6":22,"7":22,"8":6,"9":22,"10":6,"11":0,"12":6},"f":{"0":22,"1":22,"2":0},"b":{"0":[0],"1":[22],"2":[0],"3":[0]}}
,"C:\\Users\\Domin\\Documents\\rrc_polytech\\semester_3\\back_end\\assignments\\capstone_project\\src\\api\\nba\\middleware\\authenticate.ts": {"path":"C:\\Users\\Domin\\Documents\\rrc_polytech\\semester_3\\back_end\\assignments\\capstone_project\\src\\api\\nba\\middleware\\authenticate.ts","statementMap":{"0":{"start":{"line":4,"column":0},"end":{"line":4,"column":55}},"1":{"start":{"line":5,"column":0},"end":{"line":5,"column":68}},"2":{"start":{"line":8,"column":0},"end":{"line":8,"column":57}},"3":{"start":{"line":25,"column":21},"end":{"line":69,"column":2}},"4":{"start":{"line":29,"column":19},"end":{"line":69,"column":2}},"5":{"start":{"line":30,"column":4},"end":{"line":68,"column":5}},"6":{"start":{"line":31,"column":27},"end":{"line":31,"column":52}},"7":{"start":{"line":32,"column":42},"end":{"line":34,"column":23}},"8":{"start":{"line":36,"column":8},"end":{"line":41,"column":9}},"9":{"start":{"line":37,"column":12},"end":{"line":40,"column":14}},"10":{"start":{"line":43,"column":45},"end":{"line":44,"column":null}},"11":{"start":{"line":46,"column":8},"end":{"line":46,"column":42}},"12":{"start":{"line":47,"column":8},"end":{"line":47,"column":44}},"13":{"start":{"line":48,"column":8},"end":{"line":48,"column":15}},"14":{"start":{"line":50,"column":8},"end":{"line":67,"column":9}},"15":{"start":{"line":52,"column":12},"end":{"line":52,"column":24}},"16":{"start":{"line":53,"column":15},"end":{"line":67,"column":9}},"17":{"start":{"line":54,"column":12},"end":{"line":59,"column":14}},"18":{"start":{"line":61,"column":12},"end":{"line":66,"column":14}},"19":{"start":{"line":71,"column":0},"end":{"line":71,"column":28}}},"fnMap":{"0":{"name":"(anonymous_7)","decl":{"start":{"line":25,"column":21},"end":{"line":25,"column":null}},"loc":{"start":{"line":29,"column":19},"end":{"line":69,"column":2}}},"1":{"name":"(anonymous_8)","decl":{"start":{"line":29,"column":19},"end":{"line":29,"column":null}},"loc":{"start":{"line":29,"column":19},"end":{"line":69,"column":1}}}},"branchMap":{"0":{"loc":{"start":{"line":32,"column":42},"end":{"line":34,"column":23}},"type":"cond-expr","locations":[{"start":{"line":33,"column":14},"end":{"line":33,"column":38}},{"start":{"line":34,"column":14},"end":{"line":34,"column":23}}]},"1":{"loc":{"start":{"line":32,"column":42},"end":{"line":32,"column":75}},"type":"cond-expr","locations":[{"start":{"line":32,"column":52},"end":{"line":32,"column":54}},{"start":{"line":32,"column":42},"end":{"line":32,"column":75}}]},"2":{"loc":{"start":{"line":32,"column":42},"end":{"line":32,"column":54}},"type":"binary-expr","locations":[{"start":{"line":32,"column":42},"end":{"line":32,"column":54}},{"start":{"line":32,"column":42},"end":{"line":32,"column":54}}]},"3":{"loc":{"start":{"line":36,"column":8},"end":{"line":41,"column":9}},"type":"if","locations":[{"start":{"line":36,"column":8},"end":{"line":41,"column":9}},{"start":{},"end":{}}]},"4":{"loc":{"start":{"line":50,"column":8},"end":{"line":67,"column":9}},"type":"if","locations":[{"start":{"line":50,"column":8},"end":{"line":67,"column":9}},{"start":{"line":53,"column":15},"end":{"line":67,"column":9}}]},"5":{"loc":{"start":{"line":53,"column":15},"end":{"line":67,"column":9}},"type":"if","locations":[{"start":{"line":53,"column":15},"end":{"line":67,"column":9}},{"start":{"line":60,"column":15},"end":{"line":67,"column":9}}]}},"s":{"0":6,"1":6,"2":6,"3":6,"4":22,"5":22,"6":22,"7":22,"8":22,"9":22,"10":0,"11":0,"12":0,"13":0,"14":22,"15":22,"16":0,"17":0,"18":0,"19":6},"f":{"0":22,"1":22},"b":{"0":[0,22],"1":[22,0],"2":[22,22],"3":[22,0],"4":[22,0],"5":[0,0]}}
,"C:\\Users\\Domin\\Documents\\rrc_polytech\\semester_3\\back_end\\assignments\\capstone_project\\src\\api\\nba\\middleware\\authorize.ts": {"path":"C:\\Users\\Domin\\Documents\\rrc_polytech\\semester_3\\back_end\\assignments\\capstone_project\\src\\api\\nba\\middleware\\authorize.ts","statementMap":{"0":{"start":{"line":7,"column":0},"end":{"line":7,"column":54}},"1":{"start":{"line":21,"column":21},"end":{"line":55,"column":1}},"2":{"start":{"line":22,"column":4},"end":{"line":54,"column":6}},"3":{"start":{"line":23,"column":8},"end":{"line":53,"column":9}},"4":{"start":{"line":24,"column":34},"end":{"line":24,"column":44}},"5":{"start":{"line":25,"column":27},"end":{"line":25,"column":37}},"6":{"start":{"line":28,"column":12},"end":{"line":30,"column":13}},"7":{"start":{"line":29,"column":16},"end":{"line":29,"column":30}},"8":{"start":{"line":33,"column":12},"end":{"line":38,"column":13}},"9":{"start":{"line":34,"column":16},"end":{"line":37,"column":18}},"10":{"start":{"line":41,"column":12},"end":{"line":43,"column":13}},"11":{"start":{"line":42,"column":16},"end":{"line":42,"column":30}},"12":{"start":{"line":46,"column":12},"end":{"line":49,"column":14}},"13":{"start":{"line":52,"column":12},"end":{"line":52,"column":24}},"14":{"start":{"line":57,"column":0},"end":{"line":57,"column":28}}},"fnMap":{"0":{"name":"(anonymous_0)","decl":{"start":{"line":21,"column":21},"end":{"line":21,"column":22}},"loc":{"start":{"line":21,"column":72},"end":{"line":55,"column":1}}},"1":{"name":"(anonymous_1)","decl":{"start":{"line":22,"column":11},"end":{"line":22,"column":12}},"loc":{"start":{"line":22,"column":63},"end":{"line":54,"column":5}}}},"branchMap":{"0":{"loc":{"start":{"line":28,"column":12},"end":{"line":30,"column":13}},"type":"if","locations":[{"start":{"line":28,"column":12},"end":{"line":30,"column":13}},{"start":{},"end":{}}]},"1":{"loc":{"start":{"line":28,"column":16},"end":{"line":28,"column":54}},"type":"binary-expr","locations":[{"start":{"line":28,"column":16},"end":{"line":28,"column":34}},{"start":{"line":28,"column":38},"end":{"line":28,"column":40}},{"start":{"line":28,"column":44},"end":{"line":28,"column":54}}]},"2":{"loc":{"start":{"line":33,"column":12},"end":{"line":38,"column":13}},"type":"if","locations":[{"start":{"line":33,"column":12},"end":{"line":38,"column":13}},{"start":{},"end":{}}]},"3":{"loc":{"start":{"line":41,"column":12},"end":{"line":43,"column":13}},"type":"if","locations":[{"start":{"line":41,"column":12},"end":{"line":43,"column":13}},{"start":{},"end":{}}]}},"s":{"0":6,"1":6,"2":162,"3":0,"4":0,"5":0,"6":0,"7":0,"8":0,"9":0,"10":0,"11":0,"12":0,"13":0,"14":6},"f":{"0":162,"1":0},"b":{"0":[0,0],"1":[0,0,0],"2":[0,0],"3":[0,0]}}
,"C:\\Users\\Domin\\Documents\\rrc_polytech\\semester_3\\back_end\\assignments\\capstone_project\\src\\api\\nba\\middleware\\errorHandler.ts": {"path":"C:\\Users\\Domin\\Documents\\rrc_polytech\\semester_3\\back_end\\assignments\\capstone_project\\src\\api\\nba\\middleware\\errorHandler.ts","statementMap":{"0":{"start":{"line":2,"column":0},"end":{"line":2,"column":44}},"1":{"start":{"line":3,"column":0},"end":{"line":3,"column":57}},"2":{"start":{"line":4,"column":0},"end":{"line":4,"column":56}},"3":{"start":{"line":22,"column":21},"end":{"line":53,"column":1}},"4":{"start":{"line":28,"column":4},"end":{"line":34,"column":5}},"5":{"start":{"line":29,"column":8},"end":{"line":29,"column":65}},"6":{"start":{"line":30,"column":8},"end":{"line":32,"column":10}},"7":{"start":{"line":33,"column":8},"end":{"line":33,"column":15}},"8":{"start":{"line":37,"column":4},"end":{"line":37,"column":43}},"9":{"start":{"line":40,"column":4},"end":{"line":42,"column":5}},"10":{"start":{"line":41,"column":8},"end":{"line":41,"column":45}},"11":{"start":{"line":44,"column":4},"end":{"line":52,"column":5}},"12":{"start":{"line":46,"column":8},"end":{"line":46,"column":78}},"13":{"start":{"line":49,"column":8},"end":{"line":51,"column":10}},"14":{"start":{"line":55,"column":0},"end":{"line":55,"column":28}}},"fnMap":{"0":{"name":"(anonymous_0)","decl":{"start":{"line":22,"column":21},"end":{"line":22,"column":null}},"loc":{"start":{"line":27,"column":10},"end":{"line":53,"column":1}}}},"branchMap":{"0":{"loc":{"start":{"line":28,"column":4},"end":{"line":34,"column":5}},"type":"if","locations":[{"start":{"line":28,"column":4},"end":{"line":34,"column":5}},{"start":{},"end":{}}]},"1":{"loc":{"start":{"line":40,"column":4},"end":{"line":42,"column":5}},"type":"if","locations":[{"start":{"line":40,"column":4},"end":{"line":42,"column":5}},{"start":{},"end":{}}]},"2":{"loc":{"start":{"line":44,"column":4},"end":{"line":52,"column":5}},"type":"if","locations":[{"start":{"line":44,"column":4},"end":{"line":52,"column":5}},{"start":{"line":47,"column":11},"end":{"line":52,"column":5}}]}},"s":{"0":6,"1":6,"2":6,"3":6,"4":22,"5":0,"6":0,"7":0,"8":22,"9":22,"10":22,"11":22,"12":22,"13":0,"14":6},"f":{"0":22},"b":{"0":[0,22],"1":[22,0],"2":[22,0]}}
,"C:\\Users\\Domin\\Documents\\rrc_polytech\\semester_3\\back_end\\assignments\\capstone_project\\src\\api\\nba\\middleware\\logger.ts": {"path":"C:\\Users\\Domin\\Documents\\rrc_polytech\\semester_3\\back_end\\assignments\\capstone_project\\src\\api\\nba\\middleware\\logger.ts","statementMap":{"0":{"start":{"line":1,"column":0},"end":{"line":1,"column":47}},"1":{"start":{"line":2,"column":0},"end":{"line":2,"column":20}},"2":{"start":{"line":3,"column":0},"end":{"line":3,"column":24}},"3":{"start":{"line":6,"column":16},"end":{"line":6,"column":53}},"4":{"start":{"line":7,"column":0},"end":{"line":9,"column":1}},"5":{"start":{"line":8,"column":4},"end":{"line":8,"column":47}},"6":{"start":{"line":12,"column":24},"end":{"line":14,"column":2}},"7":{"start":{"line":17,"column":38},"end":{"line":20,"column":2}},"8":{"start":{"line":19,"column":8},"end":{"line":19,"column":67}},"9":{"start":{"line":23,"column":21},"end":{"line":23,"column":68}},"10":{"start":{"line":34,"column":9},"end":{"line":34,"column":21}},"11":{"start":{"line":26,"column":20},"end":{"line":29,"column":2}},"12":{"start":{"line":28,"column":24},"end":{"line":28,"column":44}},"13":{"start":{"line":34,"column":23},"end":{"line":34,"column":34}},"14":{"start":{"line":32,"column":22},"end":{"line":32,"column":35}},"15":{"start":{"line":34,"column":36},"end":{"line":34,"column":49}}},"fnMap":{"0":{"name":"(anonymous_1)","decl":{"start":{"line":18,"column":11},"end":{"line":18,"column":12}},"loc":{"start":{"line":19,"column":8},"end":{"line":19,"column":67}}},"1":{"name":"(anonymous_2)","decl":{"start":{"line":28,"column":10},"end":{"line":28,"column":11}},"loc":{"start":{"line":28,"column":24},"end":{"line":28,"column":44}}}},"branchMap":{"0":{"loc":{"start":{"line":7,"column":0},"end":{"line":9,"column":1}},"type":"if","locations":[{"start":{"line":7,"column":0},"end":{"line":9,"column":1}},{"start":{},"end":{}}]}},"s":{"0":0,"1":0,"2":0,"3":0,"4":0,"5":0,"6":0,"7":0,"8":0,"9":0,"10":0,"11":0,"12":0,"13":0,"14":0,"15":0},"f":{"0":0,"1":0},"b":{"0":[0,0]}}
,"C:\\Users\\Domin\\Documents\\rrc_polytech\\semester_3\\back_end\\assignments\\capstone_project\\src\\api\\nba\\middleware\\validate.ts": {"path":"C:\\Users\\Domin\\Documents\\rrc_polytech\\semester_3\\back_end\\assignments\\capstone_project\\src\\api\\nba\\middleware\\validate.ts","statementMap":{"0":{"start":{"line":5,"column":0},"end":{"line":5,"column":57}},"1":{"start":{"line":27,"column":31},"end":{"line":118,"column":1}},"2":{"start":{"line":32,"column":24},"end":{"line":36,"column":null}},"3":{"start":{"line":39,"column":4},"end":{"line":117,"column":6}},"4":{"start":{"line":40,"column":8},"end":{"line":116,"column":9}},"5":{"start":{"line":41,"column":37},"end":{"line":41,"column":39}},"6":{"start":{"line":53,"column":33},"end":{"line":74,"column":13}},"7":{"start":{"line":59,"column":41},"end":{"line":62,"column":18}},"8":{"start":{"line":64,"column":16},"end":{"line":72,"column":17}},"9":{"start":{"line":65,"column":20},"end":{"line":69,"column":22}},"10":{"start":{"line":67,"column":40},"end":{"line":67,"column":72}},"11":{"start":{"line":70,"column":23},"end":{"line":72,"column":17}},"12":{"start":{"line":71,"column":20},"end":{"line":71,"column":33}},"13":{"start":{"line":73,"column":16},"end":{"line":73,"column":28}},"14":{"start":{"line":77,"column":12},"end":{"line":84,"column":13}},"15":{"start":{"line":78,"column":16},"end":{"line":83,"column":18}},"16":{"start":{"line":86,"column":12},"end":{"line":93,"column":13}},"17":{"start":{"line":87,"column":16},"end":{"line":92,"column":18}},"18":{"start":{"line":95,"column":12},"end":{"line":102,"column":13}},"19":{"start":{"line":96,"column":16},"end":{"line":101,"column":18}},"20":{"start":{"line":105,"column":12},"end":{"line":109,"column":13}},"21":{"start":{"line":106,"column":16},"end":{"line":108,"column":19}},"22":{"start":{"line":111,"column":12},"end":{"line":111,"column":19}},"23":{"start":{"line":113,"column":12},"end":{"line":115,"column":15}},"24":{"start":{"line":27,"column":13},"end":{"line":27,"column":31}}},"fnMap":{"0":{"name":"(anonymous_0)","decl":{"start":{"line":27,"column":31},"end":{"line":27,"column":null}},"loc":{"start":{"line":30,"column":24},"end":{"line":118,"column":1}}},"1":{"name":"(anonymous_1)","decl":{"start":{"line":39,"column":11},"end":{"line":39,"column":12}},"loc":{"start":{"line":39,"column":63},"end":{"line":117,"column":5}}},"2":{"name":"(anonymous_2)","decl":{"start":{"line":53,"column":33},"end":{"line":53,"column":null}},"loc":{"start":{"line":58,"column":16},"end":{"line":74,"column":13}}},"3":{"name":"(anonymous_3)","decl":{"start":{"line":67,"column":28},"end":{"line":67,"column":29}},"loc":{"start":{"line":67,"column":40},"end":{"line":67,"column":72}}}},"branchMap":{"0":{"loc":{"start":{"line":29,"column":4},"end":{"line":29,"column":35}},"type":"default-arg","locations":[{"start":{"line":29,"column":33},"end":{"line":29,"column":35}}]},"1":{"loc":{"start":{"line":64,"column":16},"end":{"line":72,"column":17}},"type":"if","locations":[{"start":{"line":64,"column":16},"end":{"line":72,"column":17}},{"start":{"line":70,"column":23},"end":{"line":72,"column":17}}]},"2":{"loc":{"start":{"line":70,"column":23},"end":{"line":72,"column":17}},"type":"if","locations":[{"start":{"line":70,"column":23},"end":{"line":72,"column":17}},{"start":{},"end":{}}]},"3":{"loc":{"start":{"line":77,"column":12},"end":{"line":84,"column":13}},"type":"if","locations":[{"start":{"line":77,"column":12},"end":{"line":84,"column":13}},{"start":{},"end":{}}]},"4":{"loc":{"start":{"line":86,"column":12},"end":{"line":93,"column":13}},"type":"if","locations":[{"start":{"line":86,"column":12},"end":{"line":93,"column":13}},{"start":{},"end":{}}]},"5":{"loc":{"start":{"line":95,"column":12},"end":{"line":102,"column":13}},"type":"if","locations":[{"start":{"line":95,"column":12},"end":{"line":102,"column":13}},{"start":{},"end":{}}]},"6":{"loc":{"start":{"line":105,"column":12},"end":{"line":109,"column":13}},"type":"if","locations":[{"start":{"line":105,"column":12},"end":{"line":109,"column":13}},{"start":{},"end":{}}]}},"s":{"0":6,"1":6,"2":120,"3":120,"4":0,"5":0,"6":0,"7":0,"8":0,"9":0,"10":0,"11":0,"12":0,"13":0,"14":0,"15":0,"16":0,"17":0,"18":0,"19":0,"20":0,"21":0,"22":0,"23":0,"24":6},"f":{"0":120,"1":0,"2":0,"3":0},"b":{"0":[120],"1":[0,0],"2":[0,0],"3":[0,0],"4":[0,0],"5":[0,0],"6":[0,0]}}
,"C:\\Users\\Domin\\Documents\\rrc_polytech\\semester_3\\back_end\\assignments\\capstone_project\\src\\api\\nba\\models\\responseModel.ts": {"path":"C:\\Users\\Domin\\Documents\\rrc_polytech\\semester_3\\back_end\\assignments\\capstone_project\\src\\api\\nba\\models\\responseModel.ts","statementMap":{"0":{"start":{"line":9,"column":31},"end":{"line":16,"column":2}},"1":{"start":{"line":12,"column":22},"end":{"line":16,"column":2}},"2":{"start":{"line":9,"column":13},"end":{"line":9,"column":31}},"3":{"start":{"line":18,"column":29},"end":{"line":25,"column":2}},"4":{"start":{"line":18,"column":65},"end":{"line":25,"column":2}},"5":{"start":{"line":18,"column":13},"end":{"line":18,"column":29}}},"fnMap":{"0":{"name":"(anonymous_0)","decl":{"start":{"line":9,"column":31},"end":{"line":9,"column":null}},"loc":{"start":{"line":12,"column":22},"end":{"line":16,"column":2}}},"1":{"name":"(anonymous_1)","decl":{"start":{"line":18,"column":29},"end":{"line":18,"column":30}},"loc":{"start":{"line":18,"column":65},"end":{"line":25,"column":2}}}},"branchMap":{},"s":{"0":12,"1":23,"2":12,"3":12,"4":22,"5":12},"f":{"0":23,"1":22},"b":{}}
,"C:\\Users\\Domin\\Documents\\rrc_polytech\\semester_3\\back_end\\assignments\\capstone_project\\src\\api\\nba\\models\\matchSim\\shotModel.ts": {"path":"C:\\Users\\Domin\\Documents\\rrc_polytech\\semester_3\\back_end\\assignments\\capstone_project\\src\\api\\nba\\models\\matchSim\\shotModel.ts","statementMap":{"0":{"start":{"line":5,"column":0},"end":{"line":5,"column":null}},"1":{"start":{"line":6,"column":4},"end":{"line":6,"column":null}},"2":{"start":{"line":7,"column":4},"end":{"line":7,"column":null}},"3":{"start":{"line":8,"column":4},"end":{"line":8,"column":null}}},"fnMap":{"0":{"name":"(anonymous_0)","decl":{"start":{"line":5,"column":0},"end":{"line":5,"column":12}},"loc":{"start":{"line":5,"column":16},"end":{"line":9,"column":1}}}},"branchMap":{"0":{"loc":{"start":{"line":5,"column":12},"end":{"line":5,"column":null}},"type":"binary-expr","locations":[{"start":{"line":5,"column":12},"end":{"line":5,"column":16}},{"start":{"line":5,"column":16},"end":{"line":5,"column":null}}]}},"s":{"0":7,"1":7,"2":7,"3":7},"f":{"0":7},"b":{"0":[7,7]}}
,"C:\\Users\\Domin\\Documents\\rrc_polytech\\semester_3\\back_end\\assignments\\capstone_project\\src\\api\\nba\\models\\people\\playerModel.ts": {"path":"C:\\Users\\Domin\\Documents\\rrc_polytech\\semester_3\\back_end\\assignments\\capstone_project\\src\\api\\nba\\models\\people\\playerModel.ts","statementMap":{"0":{"start":{"line":23,"column":0},"end":{"line":23,"column":null}},"1":{"start":{"line":24,"column":4},"end":{"line":24,"column":null}},"2":{"start":{"line":25,"column":4},"end":{"line":25,"column":null}},"3":{"start":{"line":26,"column":4},"end":{"line":26,"column":null}},"4":{"start":{"line":27,"column":4},"end":{"line":27,"column":null}},"5":{"start":{"line":28,"column":4},"end":{"line":28,"column":null}}},"fnMap":{"0":{"name":"(anonymous_0)","decl":{"start":{"line":23,"column":0},"end":{"line":23,"column":12}},"loc":{"start":{"line":23,"column":20},"end":{"line":29,"column":1}}}},"branchMap":{"0":{"loc":{"start":{"line":23,"column":12},"end":{"line":23,"column":null}},"type":"binary-expr","locations":[{"start":{"line":23,"column":12},"end":{"line":23,"column":20}},{"start":{"line":23,"column":20},"end":{"line":23,"column":null}}]}},"s":{"0":17,"1":17,"2":17,"3":17,"4":17,"5":17},"f":{"0":17},"b":{"0":[17,17]}}
,"C:\\Users\\Domin\\Documents\\rrc_polytech\\semester_3\\back_end\\assignments\\capstone_project\\src\\api\\nba\\models\\standingsSim\\conferenceModel.ts": {"path":"C:\\Users\\Domin\\Documents\\rrc_polytech\\semester_3\\back_end\\assignments\\capstone_project\\src\\api\\nba\\models\\standingsSim\\conferenceModel.ts","statementMap":{"0":{"start":{"line":16,"column":0},"end":{"line":16,"column":null}},"1":{"start":{"line":17,"column":4},"end":{"line":17,"column":null}},"2":{"start":{"line":18,"column":4},"end":{"line":18,"column":null}}},"fnMap":{"0":{"name":"(anonymous_0)","decl":{"start":{"line":16,"column":0},"end":{"line":16,"column":12}},"loc":{"start":{"line":16,"column":26},"end":{"line":19,"column":1}}}},"branchMap":{"0":{"loc":{"start":{"line":16,"column":12},"end":{"line":16,"column":null}},"type":"binary-expr","locations":[{"start":{"line":16,"column":12},"end":{"line":16,"column":26}},{"start":{"line":16,"column":26},"end":{"line":16,"column":null}}]}},"s":{"0":16,"1":16,"2":16},"f":{"0":16},"b":{"0":[16,16]}}
,"C:\\Users\\Domin\\Documents\\rrc_polytech\\semester_3\\back_end\\assignments\\capstone_project\\src\\api\\nba\\repositories\\firestoreRepositories.ts": {"path":"C:\\Users\\Domin\\Documents\\rrc_polytech\\semester_3\\back_end\\assignments\\capstone_project\\src\\api\\nba\\repositories\\firestoreRepositories.ts","statementMap":{"0":{"start":{"line":1,"column":0},"end":{"line":1,"column":55}},"1":{"start":{"line":14,"column":30},"end":{"line":24,"column":2}},"2":{"start":{"line":16,"column":16},"end":{"line":24,"column":2}},"3":{"start":{"line":17,"column":4},"end":{"line":23,"column":5}},"4":{"start":{"line":18,"column":8},"end":{"line":18,"column":51}},"5":{"start":{"line":21,"column":12},"end":{"line":21,"column":68}},"6":{"start":{"line":22,"column":8},"end":{"line":22,"column":63}},"7":{"start":{"line":14,"column":13},"end":{"line":14,"column":30}},"8":{"start":{"line":32,"column":30},"end":{"line":55,"column":2}},"9":{"start":{"line":36,"column":21},"end":{"line":55,"column":2}},"10":{"start":{"line":37,"column":4},"end":{"line":54,"column":5}},"11":{"start":{"line":40,"column":8},"end":{"line":45,"column":9}},"12":{"start":{"line":41,"column":12},"end":{"line":41,"column":59}},"13":{"start":{"line":42,"column":12},"end":{"line":42,"column":35}},"14":{"start":{"line":44,"column":12},"end":{"line":44,"column":67}},"15":{"start":{"line":47,"column":8},"end":{"line":47,"column":25}},"16":{"start":{"line":50,"column":12},"end":{"line":50,"column":68}},"17":{"start":{"line":51,"column":8},"end":{"line":53,"column":10}},"18":{"start":{"line":32,"column":13},"end":{"line":32,"column":30}},"19":{"start":{"line":62,"column":28},"end":{"line":74,"column":2}},"20":{"start":{"line":64,"column":46},"end":{"line":74,"column":2}},"21":{"start":{"line":65,"column":4},"end":{"line":73,"column":5}},"22":{"start":{"line":66,"column":8},"end":{"line":66,"column":57}},"23":{"start":{"line":69,"column":12},"end":{"line":69,"column":68}},"24":{"start":{"line":70,"column":8},"end":{"line":72,"column":10}},"25":{"start":{"line":62,"column":13},"end":{"line":62,"column":28}},"26":{"start":{"line":82,"column":31},"end":{"line":99,"column":2}},"27":{"start":{"line":85,"column":56},"end":{"line":99,"column":2}},"28":{"start":{"line":86,"column":4},"end":{"line":98,"column":5}},"29":{"start":{"line":87,"column":56},"end":{"line":90,"column":18}},"30":{"start":{"line":91,"column":8},"end":{"line":91,"column":40}},"31":{"start":{"line":94,"column":12},"end":{"line":94,"column":68}},"32":{"start":{"line":95,"column":8},"end":{"line":97,"column":10}},"33":{"start":{"line":82,"column":13},"end":{"line":82,"column":31}},"34":{"start":{"line":108,"column":30},"end":{"line":122,"column":2}},"35":{"start":{"line":112,"column":19},"end":{"line":122,"column":2}},"36":{"start":{"line":113,"column":4},"end":{"line":121,"column":5}},"37":{"start":{"line":114,"column":8},"end":{"line":114,"column":65}},"38":{"start":{"line":117,"column":12},"end":{"line":117,"column":68}},"39":{"start":{"line":118,"column":8},"end":{"line":120,"column":10}},"40":{"start":{"line":108,"column":13},"end":{"line":108,"column":30}},"41":{"start":{"line":132,"column":30},"end":{"line":153,"column":2}},"42":{"start":{"line":136,"column":19},"end":{"line":153,"column":2}},"43":{"start":{"line":137,"column":4},"end":{"line":152,"column":5}},"44":{"start":{"line":138,"column":60},"end":{"line":140,"column":20}},"45":{"start":{"line":141,"column":8},"end":{"line":145,"column":9}},"46":{"start":{"line":142,"column":12},"end":{"line":142,"column":39}},"47":{"start":{"line":144,"column":12},"end":{"line":144,"column":34}},"48":{"start":{"line":148,"column":12},"end":{"line":148,"column":68}},"49":{"start":{"line":149,"column":8},"end":{"line":151,"column":10}},"50":{"start":{"line":132,"column":13},"end":{"line":132,"column":30}},"51":{"start":{"line":163,"column":44},"end":{"line":201,"column":2}},"52":{"start":{"line":167,"column":19},"end":{"line":201,"column":2}},"53":{"start":{"line":168,"column":4},"end":{"line":200,"column":5}},"54":{"start":{"line":169,"column":45},"end":{"line":169,"column":74}},"55":{"start":{"line":172,"column":8},"end":{"line":174,"column":11}},"56":{"start":{"line":173,"column":12},"end":{"line":173,"column":61}},"57":{"start":{"line":178,"column":8},"end":{"line":190,"column":9}},"58":{"start":{"line":179,"column":12},"end":{"line":179,"column":52}},"59":{"start":{"line":180,"column":12},"end":{"line":182,"column":15}},"60":{"start":{"line":181,"column":16},"end":{"line":181,"column":44}},"61":{"start":{"line":184,"column":12},"end":{"line":184,"column":41}},"62":{"start":{"line":185,"column":56},"end":{"line":185,"column":66}},"63":{"start":{"line":186,"column":12},"end":{"line":188,"column":15}},"64":{"start":{"line":187,"column":16},"end":{"line":187,"column":38}},"65":{"start":{"line":189,"column":12},"end":{"line":189,"column":33}},"66":{"start":{"line":192,"column":41},"end":{"line":194,"column":26}},"67":{"start":{"line":193,"column":48},"end":{"line":193,"column":79}},"68":{"start":{"line":196,"column":12},"end":{"line":196,"column":68}},"69":{"start":{"line":197,"column":8},"end":{"line":199,"column":10}},"70":{"start":{"line":163,"column":13},"end":{"line":163,"column":44}},"71":{"start":{"line":209,"column":41},"end":{"line":232,"column":2}},"72":{"start":{"line":212,"column":46},"end":{"line":232,"column":2}},"73":{"start":{"line":213,"column":4},"end":{"line":231,"column":5}},"74":{"start":{"line":214,"column":45},"end":{"line":214,"column":74}},"75":{"start":{"line":217,"column":8},"end":{"line":219,"column":11}},"76":{"start":{"line":218,"column":12},"end":{"line":218,"column":61}},"77":{"start":{"line":221,"column":8},"end":{"line":221,"column":33}},"78":{"start":{"line":223,"column":41},"end":{"line":225,"column":26}},"79":{"start":{"line":224,"column":48},"end":{"line":224,"column":79}},"80":{"start":{"line":227,"column":12},"end":{"line":227,"column":68}},"81":{"start":{"line":228,"column":8},"end":{"line":230,"column":10}},"82":{"start":{"line":209,"column":13},"end":{"line":209,"column":41}}},"fnMap":{"0":{"name":"(anonymous_7)","decl":{"start":{"line":14,"column":30},"end":{"line":14,"column":null}},"loc":{"start":{"line":16,"column":16},"end":{"line":24,"column":2}}},"1":{"name":"(anonymous_8)","decl":{"start":{"line":16,"column":16},"end":{"line":16,"column":null}},"loc":{"start":{"line":16,"column":16},"end":{"line":24,"column":1}}},"2":{"name":"(anonymous_9)","decl":{"start":{"line":32,"column":30},"end":{"line":32,"column":null}},"loc":{"start":{"line":36,"column":21},"end":{"line":55,"column":2}}},"3":{"name":"(anonymous_10)","decl":{"start":{"line":36,"column":21},"end":{"line":36,"column":null}},"loc":{"start":{"line":36,"column":21},"end":{"line":55,"column":1}}},"4":{"name":"(anonymous_11)","decl":{"start":{"line":62,"column":28},"end":{"line":62,"column":null}},"loc":{"start":{"line":64,"column":46},"end":{"line":74,"column":2}}},"5":{"name":"(anonymous_12)","decl":{"start":{"line":64,"column":46},"end":{"line":64,"column":null}},"loc":{"start":{"line":64,"column":46},"end":{"line":74,"column":1}}},"6":{"name":"(anonymous_13)","decl":{"start":{"line":82,"column":31},"end":{"line":82,"column":null}},"loc":{"start":{"line":85,"column":56},"end":{"line":99,"column":2}}},"7":{"name":"(anonymous_14)","decl":{"start":{"line":85,"column":56},"end":{"line":85,"column":null}},"loc":{"start":{"line":85,"column":56},"end":{"line":99,"column":1}}},"8":{"name":"(anonymous_15)","decl":{"start":{"line":108,"column":30},"end":{"line":108,"column":null}},"loc":{"start":{"line":112,"column":19},"end":{"line":122,"column":2}}},"9":{"name":"(anonymous_16)","decl":{"start":{"line":112,"column":19},"end":{"line":112,"column":null}},"loc":{"start":{"line":112,"column":19},"end":{"line":122,"column":1}}},"10":{"name":"(anonymous_17)","decl":{"start":{"line":132,"column":30},"end":{"line":132,"column":null}},"loc":{"start":{"line":136,"column":19},"end":{"line":153,"column":2}}},"11":{"name":"(anonymous_18)","decl":{"start":{"line":136,"column":19},"end":{"line":136,"column":null}},"loc":{"start":{"line":136,"column":19},"end":{"line":153,"column":1}}},"12":{"name":"(anonymous_19)","decl":{"start":{"line":163,"column":44},"end":{"line":163,"column":null}},"loc":{"start":{"line":167,"column":19},"end":{"line":201,"column":2}}},"13":{"name":"(anonymous_20)","decl":{"start":{"line":167,"column":19},"end":{"line":167,"column":null}},"loc":{"start":{"line":167,"column":19},"end":{"line":201,"column":1}}},"14":{"name":"(anonymous_21)","decl":{"start":{"line":172,"column":32},"end":{"line":172,"column":33}},"loc":{"start":{"line":172,"column":62},"end":{"line":174,"column":9}}},"15":{"name":"(anonymous_22)","decl":{"start":{"line":180,"column":34},"end":{"line":180,"column":35}},"loc":{"start":{"line":180,"column":42},"end":{"line":182,"column":13}}},"16":{"name":"(anonymous_23)","decl":{"start":{"line":186,"column":34},"end":{"line":186,"column":35}},"loc":{"start":{"line":186,"column":42},"end":{"line":188,"column":13}}},"17":{"name":"(anonymous_24)","decl":{"start":{"line":193,"column":17},"end":{"line":193,"column":18}},"loc":{"start":{"line":193,"column":48},"end":{"line":193,"column":79}}},"18":{"name":"(anonymous_25)","decl":{"start":{"line":209,"column":41},"end":{"line":209,"column":null}},"loc":{"start":{"line":212,"column":46},"end":{"line":232,"column":2}}},"19":{"name":"(anonymous_26)","decl":{"start":{"line":212,"column":46},"end":{"line":212,"column":null}},"loc":{"start":{"line":212,"column":46},"end":{"line":232,"column":1}}},"20":{"name":"(anonymous_27)","decl":{"start":{"line":217,"column":32},"end":{"line":217,"column":33}},"loc":{"start":{"line":217,"column":62},"end":{"line":219,"column":9}}},"21":{"name":"(anonymous_28)","decl":{"start":{"line":224,"column":17},"end":{"line":224,"column":18}},"loc":{"start":{"line":224,"column":48},"end":{"line":224,"column":79}}}},"branchMap":{"0":{"loc":{"start":{"line":21,"column":12},"end":{"line":21,"column":68}},"type":"cond-expr","locations":[{"start":{"line":21,"column":37},"end":{"line":21,"column":50}},{"start":{"line":21,"column":53},"end":{"line":21,"column":68}}]},"1":{"loc":{"start":{"line":40,"column":8},"end":{"line":45,"column":9}},"type":"if","locations":[{"start":{"line":40,"column":8},"end":{"line":45,"column":9}},{"start":{"line":43,"column":15},"end":{"line":45,"column":9}}]},"2":{"loc":{"start":{"line":50,"column":12},"end":{"line":50,"column":68}},"type":"cond-expr","locations":[{"start":{"line":50,"column":37},"end":{"line":50,"column":50}},{"start":{"line":50,"column":53},"end":{"line":50,"column":68}}]},"3":{"loc":{"start":{"line":69,"column":12},"end":{"line":69,"column":68}},"type":"cond-expr","locations":[{"start":{"line":69,"column":37},"end":{"line":69,"column":50}},{"start":{"line":69,"column":53},"end":{"line":69,"column":68}}]},"4":{"loc":{"start":{"line":91,"column":15},"end":{"line":91,"column":39}},"type":"cond-expr","locations":[{"start":{"line":91,"column":29},"end":{"line":91,"column":32}},{"start":{"line":91,"column":35},"end":{"line":91,"column":39}}]},"5":{"loc":{"start":{"line":91,"column":15},"end":{"line":91,"column":26}},"type":"cond-expr","locations":[{"start":{"line":91,"column":18},"end":{"line":91,"column":20}},{"start":{"line":91,"column":15},"end":{"line":91,"column":26}}]},"6":{"loc":{"start":{"line":91,"column":15},"end":{"line":91,"column":20}},"type":"binary-expr","locations":[{"start":{"line":91,"column":15},"end":{"line":91,"column":20}},{"start":{"line":91,"column":15},"end":{"line":91,"column":20}}]},"7":{"loc":{"start":{"line":94,"column":12},"end":{"line":94,"column":68}},"type":"cond-expr","locations":[{"start":{"line":94,"column":37},"end":{"line":94,"column":50}},{"start":{"line":94,"column":53},"end":{"line":94,"column":68}}]},"8":{"loc":{"start":{"line":117,"column":12},"end":{"line":117,"column":68}},"type":"cond-expr","locations":[{"start":{"line":117,"column":37},"end":{"line":117,"column":50}},{"start":{"line":117,"column":53},"end":{"line":117,"column":68}}]},"9":{"loc":{"start":{"line":141,"column":8},"end":{"line":145,"column":9}},"type":"if","locations":[{"start":{"line":141,"column":8},"end":{"line":145,"column":9}},{"start":{"line":143,"column":15},"end":{"line":145,"column":9}}]},"10":{"loc":{"start":{"line":148,"column":12},"end":{"line":148,"column":68}},"type":"cond-expr","locations":[{"start":{"line":148,"column":37},"end":{"line":148,"column":50}},{"start":{"line":148,"column":53},"end":{"line":148,"column":68}}]},"11":{"loc":{"start":{"line":178,"column":8},"end":{"line":190,"column":9}},"type":"if","locations":[{"start":{"line":178,"column":8},"end":{"line":190,"column":9}},{"start":{"line":183,"column":15},"end":{"line":190,"column":9}}]},"12":{"loc":{"start":{"line":196,"column":12},"end":{"line":196,"column":68}},"type":"cond-expr","locations":[{"start":{"line":196,"column":37},"end":{"line":196,"column":50}},{"start":{"line":196,"column":53},"end":{"line":196,"column":68}}]},"13":{"loc":{"start":{"line":227,"column":12},"end":{"line":227,"column":68}},"type":"cond-expr","locations":[{"start":{"line":227,"column":37},"end":{"line":227,"column":50}},{"start":{"line":227,"column":53},"end":{"line":227,"column":68}}]}},"s":{"0":21,"1":21,"2":0,"3":0,"4":0,"5":0,"6":0,"7":21,"8":21,"9":0,"10":0,"11":0,"12":0,"13":0,"14":0,"15":0,"16":0,"17":0,"18":21,"19":21,"20":0,"21":0,"22":0,"23":0,"24":0,"25":21,"26":21,"27":0,"28":0,"29":0,"30":0,"31":0,"32":0,"33":21,"34":21,"35":0,"36":0,"37":0,"38":0,"39":0,"40":21,"41":21,"42":0,"43":0,"44":0,"45":0,"46":0,"47":0,"48":0,"49":0,"50":21,"51":21,"52":0,"53":0,"54":0,"55":0,"56":0,"57":0,"58":0,"59":0,"60":0,"61":0,"62":0,"63":0,"64":0,"65":0,"66":0,"67":0,"68":0,"69":0,"70":21,"71":21,"72":0,"73":0,"74":0,"75":0,"76":0,"77":0,"78":0,"79":0,"80":0,"81":0,"82":21},"f":{"0":0,"1":0,"2":0,"3":0,"4":0,"5":0,"6":0,"7":0,"8":0,"9":0,"10":0,"11":0,"12":0,"13":0,"14":0,"15":0,"16":0,"17":0,"18":0,"19":0,"20":0,"21":0},"b":{"0":[0,0],"1":[0,0],"2":[0,0],"3":[0,0],"4":[0,0],"5":[0,0],"6":[0,0],"7":[0,0],"8":[0,0],"9":[0,0],"10":[0,0],"11":[0,0],"12":[0,0],"13":[0,0]}}
,"C:\\Users\\Domin\\Documents\\rrc_polytech\\semester_3\\back_end\\assignments\\capstone_project\\src\\api\\nba\\routes\\adminRoutes.ts": {"path":"C:\\Users\\Domin\\Documents\\rrc_polytech\\semester_3\\back_end\\assignments\\capstone_project\\src\\api\\nba\\routes\\adminRoutes.ts","statementMap":{"0":{"start":{"line":1,"column":0},"end":{"line":1,"column":42}},"1":{"start":{"line":2,"column":0},"end":{"line":2,"column":63}},"2":{"start":{"line":3,"column":0},"end":{"line":3,"column":54}},"3":{"start":{"line":4,"column":0},"end":{"line":4,"column":51}},"4":{"start":{"line":5,"column":23},"end":{"line":5,"column":39}},"5":{"start":{"line":7,"column":0},"end":{"line":12,"column":2}},"6":{"start":{"line":14,"column":0},"end":{"line":14,"column":22}}},"fnMap":{},"branchMap":{},"s":{"0":6,"1":6,"2":6,"3":6,"4":6,"5":6,"6":6},"f":{},"b":{}}
,"C:\\Users\\Domin\\Documents\\rrc_polytech\\semester_3\\back_end\\assignments\\capstone_project\\src\\api\\nba\\routes\\coachRoutes.ts": {"path":"C:\\Users\\Domin\\Documents\\rrc_polytech\\semester_3\\back_end\\assignments\\capstone_project\\src\\api\\nba\\routes\\coachRoutes.ts","statementMap":{"0":{"start":{"line":1,"column":0},"end":{"line":1,"column":42}},"1":{"start":{"line":2,"column":0},"end":{"line":2,"column":66}},"2":{"start":{"line":3,"column":0},"end":{"line":3,"column":57}},"3":{"start":{"line":4,"column":0},"end":{"line":4,"column":54}},"4":{"start":{"line":5,"column":0},"end":{"line":5,"column":51}},"5":{"start":{"line":6,"column":0},"end":{"line":6,"column":63}},"6":{"start":{"line":8,"column":23},"end":{"line":8,"column":39}},"7":{"start":{"line":65,"column":0},"end":{"line":65,"column":143}},"8":{"start":{"line":108,"column":0},"end":{"line":108,"column":44}},"9":{"start":{"line":156,"column":0},"end":{"line":156,"column":152}},"10":{"start":{"line":217,"column":0},"end":{"line":217,"column":146}},"11":{"start":{"line":219,"column":0},"end":{"line":219,"column":22}}},"fnMap":{},"branchMap":{},"s":{"0":6,"1":6,"2":6,"3":6,"4":6,"5":6,"6":6,"7":6,"8":6,"9":6,"10":6,"11":6},"f":{},"b":{}}
,"C:\\Users\\Domin\\Documents\\rrc_polytech\\semester_3\\back_end\\assignments\\capstone_project\\src\\api\\nba\\routes\\conferenceRoutes.ts": {"path":"C:\\Users\\Domin\\Documents\\rrc_polytech\\semester_3\\back_end\\assignments\\capstone_project\\src\\api\\nba\\routes\\conferenceRoutes.ts","statementMap":{"0":{"start":{"line":1,"column":0},"end":{"line":1,"column":42}},"1":{"start":{"line":2,"column":0},"end":{"line":2,"column":54}},"2":{"start":{"line":3,"column":0},"end":{"line":3,"column":51}},"3":{"start":{"line":4,"column":0},"end":{"line":4,"column":76}},"4":{"start":{"line":6,"column":23},"end":{"line":6,"column":39}},"5":{"start":{"line":34,"column":0},"end":{"line":34,"column":108}},"6":{"start":{"line":36,"column":0},"end":{"line":36,"column":22}}},"fnMap":{},"branchMap":{},"s":{"0":6,"1":6,"2":6,"3":6,"4":6,"5":6,"6":6},"f":{},"b":{}}
,"C:\\Users\\Domin\\Documents\\rrc_polytech\\semester_3\\back_end\\assignments\\capstone_project\\src\\api\\nba\\routes\\leagueStandingsRoutes.ts": {"path":"C:\\Users\\Domin\\Documents\\rrc_polytech\\semester_3\\back_end\\assignments\\capstone_project\\src\\api\\nba\\routes\\leagueStandingsRoutes.ts","statementMap":{"0":{"start":{"line":1,"column":0},"end":{"line":1,"column":30}},"1":{"start":{"line":2,"column":0},"end":{"line":2,"column":86}},"2":{"start":{"line":3,"column":0},"end":{"line":3,"column":54}},"3":{"start":{"line":4,"column":0},"end":{"line":4,"column":51}},"4":{"start":{"line":5,"column":0},"end":{"line":5,"column":57}},"5":{"start":{"line":6,"column":0},"end":{"line":6,"column":77}},"6":{"start":{"line":8,"column":15},"end":{"line":8,"column":31}},"7":{"start":{"line":35,"column":0},"end":{"line":35,"column":157}},"8":{"start":{"line":63,"column":0},"end":{"line":63,"column":125}},"9":{"start":{"line":97,"column":0},"end":{"line":97,"column":187}},"10":{"start":{"line":136,"column":0},"end":{"line":136,"column":118}},"11":{"start":{"line":138,"column":0},"end":{"line":138,"column":22}}},"fnMap":{},"branchMap":{},"s":{"0":6,"1":6,"2":6,"3":6,"4":6,"5":6,"6":6,"7":6,"8":6,"9":6,"10":6,"11":6},"f":{},"b":{}}
[...]
,"C:\\Users\\Domin\\Documents\\rrc_polytech\\semester_3\\back_end\\assignments\\capstone_project\\src\\api\\nba\\services\\teamService.ts": {"path":"C:\\Users\\Domin\\Documents\\rrc_polytech\\semester_3\\back_end\\assignments\\capstone_project\\src\\api\\nba\\services\\teamService.ts","statementMap":{"0":{"start":{"line":2,"column":0},"end":{"line":2,"column":64}},"1":{"start":{"line":9,"column":0},"end":{"line":9,"column":null}},"2":{"start":{"line":15,"column":0},"end":{"line":15,"column":49}},"3":{"start":{"line":18,"column":0},"end":{"line":18,"column":47}},"4":{"start":{"line":20,"column":27},"end":{"line":20,"column":34}},"5":{"start":{"line":21,"column":16},"end":{"line":21,"column":26}},"6":{"start":{"line":29,"column":26},"end":{"line":59,"column":2}},"7":{"start":{"line":32,"column":20},"end":{"line":59,"column":2}},"8":{"start":{"line":33,"column":4},"end":{"line":57,"column":5}},"9":{"start":{"line":35,"column":21},"end":{"line":48,"column":null}},"10":{"start":{"line":51,"column":31},"end":{"line":51,"column":78}},"11":{"start":{"line":53,"column":8},"end":{"line":53,"column":67}},"12":{"start":{"line":56,"column":8},"end":{"line":56,"column":20}},"13":{"start":{"line":29,"column":13},"end":{"line":29,"column":26}},"14":{"start":{"line":66,"column":24},"end":{"line":87,"column":2}},"15":{"start":{"line":66,"column":52},"end":{"line":87,"column":2}},"16":{"start":{"line":67,"column":4},"end":{"line":86,"column":5}},"17":{"start":{"line":68,"column":40},"end":{"line":68,"column":70}},"18":{"start":{"line":69,"column":30},"end":{"line":77,"column":10}},"19":{"start":{"line":70,"column":39},"end":{"line":70,"column":49}},"20":{"start":{"line":71,"column":12},"end":{"line":76,"column":22}},"21":{"start":{"line":79,"column":8},"end":{"line":81,"column":9}},"22":{"start":{"line":80,"column":12},"end":{"line":80,"column":46}},"23":{"start":{"line":83,"column":8},"end":{"line":83,"column":21}},"24":{"start":{"line":85,"column":8},"end":{"line":85,"column":20}},"25":{"start":{"line":66,"column":13},"end":{"line":66,"column":24}},"26":{"start":{"line":95,"column":27},"end":{"line":120,"column":2}},"27":{"start":{"line":95,"column":67},"end":{"line":120,"column":2}},"28":{"start":{"line":97,"column":4},"end":{"line":118,"column":5}},"29":{"start":{"line":98,"column":45},"end":{"line":100,"column":null}},"30":{"start":{"line":103,"column":8},"end":{"line":105,"column":9}},"31":{"start":{"line":104,"column":12},"end":{"line":104,"column":64}},"32":{"start":{"line":107,"column":47},"end":{"line":107,"column":57}},"33":{"start":{"line":108,"column":27},"end":{"line":110,"column":null}},"34":{"start":{"line":113,"column":8},"end":{"line":113,"column":37}},"35":{"start":{"line":117,"column":8},"end":{"line":117,"column":20}},"36":{"start":{"line":95,"column":13},"end":{"line":95,"column":27}},"37":{"start":{"line":130,"column":30},"end":{"line":148,"column":2}},"38":{"start":{"line":130,"column":87},"end":{"line":148,"column":2}},"39":{"start":{"line":132,"column":4},"end":{"line":147,"column":5}},"40":{"start":{"line":133,"column":27},"end":{"line":133,"column":52}},"41":{"start":{"line":135,"column":25},"end":{"line":137,"column":null}},"42":{"start":{"line":140,"column":8},"end":{"line":140,"column":35}},"43":{"start":{"line":142,"column":8},"end":{"line":142,"column":68}},"44":{"start":{"line":143,"column":8},"end":{"line":143,"column":44}},"45":{"start":{"line":146,"column":8},"end":{"line":146,"column":20}},"46":{"start":{"line":130,"column":13},"end":{"line":130,"column":30}},"47":{"start":{"line":158,"column":28},"end":{"line":189,"column":2}},"48":{"start":{"line":158,"column":82},"end":{"line":189,"column":2}},"49":{"start":{"line":160,"column":4},"end":{"line":188,"column":5}},"50":{"start":{"line":161,"column":27},"end":{"line":161,"column":52}},"51":{"start":{"line":163,"column":25},"end":{"line":165,"column":null}},"52":{"start":{"line":168,"column":8},"end":{"line":173,"column":9}},"53":{"start":{"line":169,"column":12},"end":{"line":172,"column":null}},"54":{"start":{"line":175,"column":8},"end":{"line":180,"column":9}},"55":{"start":{"line":176,"column":12},"end":{"line":176,"column":41}},"56":{"start":{"line":179,"column":12},"end":{"line":179,"column":43}},"57":{"start":{"line":183,"column":8},"end":{"line":183,"column":68}},"58":{"start":{"line":184,"column":8},"end":{"line":184,"column":44}},"59":{"start":{"line":187,"column":8},"end":{"line":187,"column":20}},"60":{"start":{"line":158,"column":13},"end":{"line":158,"column":28}},"61":{"start":{"line":200,"column":28},"end":{"line":247,"column":2}},"62":{"start":{"line":200,"column":86},"end":{"line":247,"column":2}},"63":{"start":{"line":201,"column":4},"end":{"line":246,"column":5}},"64":{"start":{"line":204,"column":27},"end":{"line":204,"column":52}},"65":{"start":{"line":207,"column":38},"end":{"line":207,"column":81}},"66":{"start":{"line":210,"column":8},"end":{"line":210,"column":76}},"67":{"start":{"line":212,"column":25},"end":{"line":214,"column":null}},"68":{"start":{"line":218,"column":8},"end":{"line":238,"column":9}},"69":{"start":{"line":220,"column":16},"end":{"line":220,"column":55}},"70":{"start":{"line":221,"column":16},"end":{"line":221,"column":22}},"71":{"start":{"line":224,"column":16},"end":{"line":224,"column":58}},"72":{"start":{"line":225,"column":16},"end":{"line":225,"column":22}},"73":{"start":{"line":228,"column":16},"end":{"line":228,"column":57}},"74":{"start":{"line":229,"column":16},"end":{"line":229,"column":22}},"75":{"start":{"line":232,"column":16},"end":{"line":232,"column":57}},"76":{"start":{"line":233,"column":16},"end":{"line":233,"column":22}},"77":{"start":{"line":236,"column":16},"end":{"line":236,"column":51}},"78":{"start":{"line":237,"column":16},"end":{"line":237,"column":22}},"79":{"start":{"line":241,"column":8},"end":{"line":241,"column":68}},"80":{"start":{"line":242,"column":8},"end":{"line":242,"column":44}},"81":{"start":{"line":245,"column":8},"end":{"line":245,"column":20}},"82":{"start":{"line":200,"column":13},"end":{"line":200,"column":28}},"83":{"start":{"line":256,"column":27},"end":{"line":282,"column":2}},"84":{"start":{"line":256,"column":84},"end":{"line":282,"column":2}},"85":{"start":{"line":257,"column":4},"end":{"line":281,"column":5}},"86":{"start":{"line":260,"column":27},"end":{"line":260,"column":52}},"87":{"start":{"line":263,"column":36},"end":{"line":263,"column":76}},"88":{"start":{"line":265,"column":8},"end":{"line":265,"column":74}},"89":{"start":{"line":267,"column":25},"end":{"line":269,"column":null}},"90":{"start":{"line":273,"column":8},"end":{"line":273,"column":41}},"91":{"start":{"line":276,"column":8},"end":{"line":276,"column":68}},"92":{"start":{"line":277,"column":8},"end":{"line":277,"column":44}},"93":{"start":{"line":280,"column":8},"end":{"line":280,"column":20}},"94":{"start":{"line":256,"column":13},"end":{"line":256,"column":27}},"95":{"start":{"line":284,"column":28},"end":{"line":334,"column":null}},"96":{"start":{"line":284,"column":86},"end":{"line":334,"column":null}},"97":{"start":{"line":285,"column":4},"end":{"line":332,"column":5}},"98":{"start":{"line":288,"column":27},"end":{"line":288,"column":52}},"99":{"start":{"line":292,"column":38},"end":{"line":292,"column":81}},"100":{"start":{"line":294,"column":25},"end":{"line":296,"column":null}},"101":{"start":{"line":300,"column":8},"end":{"line":320,"column":9}},"102":{"start":{"line":302,"column":16},"end":{"line":302,"column":46}},"103":{"start":{"line":303,"column":16},"end":{"line":303,"column":22}},"104":{"start":{"line":306,"column":16},"end":{"line":306,"column":49}},"105":{"start":{"line":307,"column":16},"end":{"line":307,"column":22}},"106":{"start":{"line":310,"column":16},"end":{"line":310,"column":48}},"107":{"start":{"line":311,"column":16},"end":{"line":311,"column":22}},"108":{"start":{"line":314,"column":16},"end":{"line":314,"column":48}},"109":{"start":{"line":315,"column":16},"end":{"line":315,"column":22}},"110":{"start":{"line":318,"column":16},"end":{"line":318,"column":42}},"111":{"start":{"line":319,"column":16},"end":{"line":319,"column":22}},"112":{"start":{"line":323,"column":8},"end":{"line":323,"column":68}},"113":{"start":{"line":325,"column":8},"end":{"line":325,"column":74}},"114":{"start":{"line":327,"column":8},"end":{"line":327,"column":44}},"115":{"start":{"line":331,"column":8},"end":{"line":331,"column":20}},"116":{"start":{"line":284,"column":13},"end":{"line":284,"column":28}}},"fnMap":{"0":{"name":"(anonymous_16)","decl":{"start":{"line":29,"column":26},"end":{"line":29,"column":33}},"loc":{"start":{"line":32,"column":20},"end":{"line":59,"column":2}}},"1":{"name":"(anonymous_17)","decl":{"start":{"line":32,"column":20},"end":{"line":32,"column":null}},"loc":{"start":{"line":32,"column":20},"end":{"line":59,"column":1}}},"2":{"name":"(anonymous_18)","decl":{"start":{"line":66,"column":24},"end":{"line":66,"column":50}},"loc":{"start":{"line":66,"column":52},"end":{"line":87,"column":2}}},"3":{"name":"(anonymous_19)","decl":{"start":{"line":66,"column":52},"end":{"line":66,"column":null}},"loc":{"start":{"line":66,"column":52},"end":{"line":87,"column":1}}},"4":{"name":"(anonymous_20)","decl":{"start":{"line":69,"column":48},"end":{"line":69,"column":51}},"loc":{"start":{"line":69,"column":54},"end":{"line":77,"column":9}}},"5":{"name":"(anonymous_21)","decl":{"start":{"line":95,"column":27},"end":{"line":95,"column":34}},"loc":{"start":{"line":95,"column":67},"end":{"line":120,"column":2}}},"6":{"name":"(anonymous_22)","decl":{"start":{"line":95,"column":67},"end":{"line":95,"column":null}},"loc":{"start":{"line":95,"column":67},"end":{"line":120,"column":1}}},"7":{"name":"(anonymous_23)","decl":{"start":{"line":130,"column":30},"end":{"line":130,"column":37}},"loc":{"start":{"line":130,"column":87},"end":{"line":148,"column":2}}},"8":{"name":"(anonymous_24)","decl":{"start":{"line":130,"column":87},"end":{"line":130,"column":null}},"loc":{"start":{"line":130,"column":87},"end":{"line":148,"column":1}}},"9":{"name":"(anonymous_25)","decl":{"start":{"line":158,"column":28},"end":{"line":158,"column":35}},"loc":{"start":{"line":158,"column":82},"end":{"line":189,"column":2}}},"10":{"name":"(anonymous_26)","decl":{"start":{"line":158,"column":82},"end":{"line":158,"column":null}},"loc":{"start":{"line":158,"column":82},"end":{"line":189,"column":1}}},"11":{"name":"(anonymous_27)","decl":{"start":{"line":200,"column":28},"end":{"line":200,"column":35}},"loc":{"start":{"line":200,"column":86},"end":{"line":247,"column":2}}},"12":{"name":"(anonymous_28)","decl":{"start":{"line":200,"column":86},"end":{"line":200,"column":null}},"loc":{"start":{"line":200,"column":86},"end":{"line":247,"column":1}}},"13":{"name":"(anonymous_29)","decl":{"start":{"line":256,"column":27},"end":{"line":256,"column":34}},"loc":{"start":{"line":256,"column":84},"end":{"line":282,"column":2}}},"14":{"name":"(anonymous_30)","decl":{"start":{"line":256,"column":84},"end":{"line":256,"column":null}},"loc":{"start":{"line":256,"column":84},"end":{"line":282,"column":1}}},"15":{"name":"(anonymous_31)","decl":{"start":{"line":284,"column":28},"end":{"line":284,"column":35}},"loc":{"start":{"line":284,"column":86},"end":{"line":334,"column":null}}},"16":{"name":"(anonymous_32)","decl":{"start":{"line":284,"column":86},"end":{"line":284,"column":null}},"loc":{"start":{"line":284,"column":86},"end":{"line":334,"column":1}}}},"branchMap":{"0":{"loc":{"start":{"line":79,"column":8},"end":{"line":81,"column":9}},"type":"if","locations":[{"start":{"line":79,"column":8},"end":{"line":81,"column":9}},{"start":{},"end":{}}]},"1":{"loc":{"start":{"line":103,"column":8},"end":{"line":105,"column":9}},"type":"if","locations":[{"start":{"line":103,"column":8},"end":{"line":105,"column":9}},{"start":{},"end":{}}]},"2":{"loc":{"start":{"line":168,"column":8},"end":{"line":173,"column":9}},"type":"if","locations":[{"start":{"line":168,"column":8},"end":{"line":173,"column":9}},{"start":{},"end":{}}]},"3":{"loc":{"start":{"line":175,"column":8},"end":{"line":180,"column":9}},"type":"if","locations":[{"start":{"line":175,"column":8},"end":{"line":180,"column":9}},{"start":{"line":178,"column":13},"end":{"line":180,"column":9}}]},"4":{"loc":{"start":{"line":218,"column":8},"end":{"line":238,"column":9}},"type":"switch","locations":[{"start":{"line":219,"column":12},"end":{"line":221,"column":22}},{"start":{"line":223,"column":12},"end":{"line":225,"column":22}},{"start":{"line":227,"column":12},"end":{"line":229,"column":22}},{"start":{"line":231,"column":12},"end":{"line":233,"column":22}},{"start":{"line":235,"column":12},"end":{"line":237,"column":22}}]},"5":{"loc":{"start":{"line":300,"column":8},"end":{"line":320,"column":9}},"type":"switch","locations":[{"start":{"line":301,"column":12},"end":{"line":303,"column":22}},{"start":{"line":305,"column":12},"end":{"line":307,"column":22}},{"start":{"line":309,"column":12},"end":{"line":311,"column":22}},{"start":{"line":313,"column":12},"end":{"line":315,"column":22}},{"start":{"line":317,"column":12},"end":{"line":319,"column":22}}]}},"s":{"0":15,"1":15,"2":15,"3":15,"4":15,"5":15,"6":15,"7":3,"8":3,"9":3,"10":3,"11":3,"12":0,"13":15,"14":15,"15":3,"16":3,"17":3,"18":3,"19":3,"20":3,"21":3,"22":0,"23":3,"24":0,"25":15,"26":15,"27":6,"28":6,"29":6,"30":6,"31":0,"32":6,"33":6,"34":6,"35":0,"36":15,"37":15,"38":3,"39":3,"40":3,"41":3,"42":3,"43":3,"44":3,"45":0,"46":15,"47":15,"48":0,"49":0,"50":0,"51":0,"52":0,"53":0,"54":0,"55":0,"56":0,"57":0,"58":0,"59":0,"60":15,"61":15,"62":0,"63":0,"64":0,"65":0,"66":0,"67":0,"68":0,"69":0,"70":0,"71":0,"72":0,"73":0,"74":0,"75":0,"76":0,"77":0,"78":0,"79":0,"80":0,"81":0,"82":15,"83":15,"84":0,"85":0,"86":0,"87":0,"88":0,"89":0,"90":0,"91":0,"92":0,"93":0,"94":15,"95":15,"96":0,"97":0,"98":0,"99":0,"100":0,"101":0,"102":0,"103":0,"104":0,"105":0,"106":0,"107":0,"108":0,"109":0,"110":0,"111":0,"112":0,"113":0,"114":0,"115":0,"116":15},"f":{"0":3,"1":3,"2":3,"3":3,"4":3,"5":6,"6":6,"7":3,"8":3,"9":0,"10":0,"11":0,"12":0,"13":0,"14":0,"15":0,"16":0},"b":{"0":[0,3],"1":[0,6],"2":[0,0],"3":[0,0],"4":[0,0,0,0,0],"5":[0,0,0,0,0]}}
,"C:\\Users\\Domin\\Documents\\rrc_polytech\\semester_3\\back_end\\assignments\\capstone_project\\src\\api\\nba\\utils\\errorUtils.ts": {"path":"C:\\Users\\Domin\\Documents\\rrc_polytech\\semester_3\\back_end\\assignments\\capstone_project\\src\\api\\nba\\utils\\errorUtils.ts","statementMap":{"0":{"start":{"line":6,"column":31},"end":{"line":11,"column":1}},"1":{"start":{"line":7,"column":4},"end":{"line":9,"column":5}},"2":{"start":{"line":8,"column":8},"end":{"line":8,"column":29}},"3":{"start":{"line":10,"column":4},"end":{"line":10,"column":25}},"4":{"start":{"line":6,"column":13},"end":{"line":6,"column":31}},"5":{"start":{"line":18,"column":28},"end":{"line":25,"column":1}},"6":{"start":{"line":19,"column":4},"end":{"line":23,"column":5}},"7":{"start":{"line":21,"column":30},"end":{"line":21,"column":42}},"8":{"start":{"line":22,"column":8},"end":{"line":22,"column":53}},"9":{"start":{"line":24,"column":4},"end":{"line":24,"column":27}},"10":{"start":{"line":18,"column":13},"end":{"line":18,"column":28}}},"fnMap":{"0":{"name":"(anonymous_0)","decl":{"start":{"line":6,"column":31},"end":{"line":6,"column":32}},"loc":{"start":{"line":6,"column":58},"end":{"line":11,"column":1}}},"1":{"name":"(anonymous_1)","decl":{"start":{"line":18,"column":28},"end":{"line":18,"column":29}},"loc":{"start":{"line":18,"column":55},"end":{"line":25,"column":1}}}},"branchMap":{"0":{"loc":{"start":{"line":7,"column":4},"end":{"line":9,"column":5}},"type":"if","locations":[{"start":{"line":7,"column":4},"end":{"line":9,"column":5}},{"start":{},"end":{}}]},"1":{"loc":{"start":{"line":19,"column":4},"end":{"line":23,"column":5}},"type":"if","locations":[{"start":{"line":19,"column":4},"end":{"line":23,"column":5}},{"start":{},"end":{}}]},"2":{"loc":{"start":{"line":22,"column":15},"end":{"line":22,"column":52}},"type":"binary-expr","locations":[{"start":{"line":22,"column":15},"end":{"line":22,"column":33}},{"start":{"line":22,"column":37},"end":{"line":22,"column":52}}]}},"s":{"0":6,"1":0,"2":0,"3":0,"4":6,"5":6,"6":0,"7":0,"8":0,"9":0,"10":6},"f":{"0":0,"1":0},"b":{"0":[0,0],"1":[0,0],"2":[0,0]}}
,"C:\\Users\\Domin\\Documents\\rrc_polytech\\semester_3\\back_end\\assignments\\capstone_project\\src\\api\\nba\\validations\\coachValidations.ts": {"path":"C:\\Users\\Domin\\Documents\\rrc_polytech\\semester_3\\back_end\\assignments\\capstone_project\\src\\api\\nba\\validations\\coachValidations.ts","statementMap":{"0":{"start":{"line":1,"column":0},"end":{"line":1,"column":22}},"1":{"start":{"line":3,"column":13},"end":{"line":60,"column":2}}},"fnMap":{},"branchMap":{},"s":{"0":6,"1":6},"f":{},"b":{}}
,"C:\\Users\\Domin\\Documents\\rrc_polytech\\semester_3\\back_end\\assignments\\capstone_project\\src\\api\\nba\\validations\\leagueStandingsValidations.ts": {"path":"C:\\Users\\Domin\\Documents\\rrc_polytech\\semester_3\\back_end\\assignments\\capstone_project\\src\\api\\nba\\validations\\leagueStandingsValidations.ts","statementMap":{"0":{"start":{"line":1,"column":0},"end":{"line":1,"column":22}},"1":{"start":{"line":3,"column":13},"end":{"line":27,"column":null}}},"fnMap":{},"branchMap":{},"s":{"0":6,"1":6},"f":{},"b":{}}
,"C:\\Users\\Domin\\Documents\\rrc_polytech\\semester_3\\back_end\\assignments\\capstone_project\\src\\api\\nba\\validations\\matchValidations.ts": {"path":"C:\\Users\\Domin\\Documents\\rrc_polytech\\semester_3\\back_end\\assignments\\capstone_project\\src\\api\\nba\\validations\\matchValidations.ts","statementMap":{"0":{"start":{"line":1,"column":0},"end":{"line":1,"column":22}},"1":{"start":{"line":3,"column":13},"end":{"line":42,"column":null}}},"fnMap":{},"branchMap":{},"s":{"0":6,"1":6},"f":{},"b":{}}
,"C:\\Users\\Domin\\Documents\\rrc_polytech\\semester_3\\back_end\\assignments\\capstone_project\\src\\api\\nba\\validations\\playerValidations.ts": {"path":"C:\\Users\\Domin\\Documents\\rrc_polytech\\semester_3\\back_end\\assignments\\capstone_project\\src\\api\\nba\\validations\\playerValidations.ts","statementMap":{"0":{"start":{"line":1,"column":0},"end":{"line":1,"column":22}},"1":{"start":{"line":2,"column":0},"end":{"line":2,"column":56}},"2":{"start":{"line":4,"column":13},"end":{"line":131,"column":2}}},"fnMap":{},"branchMap":{},"s":{"0":6,"1":6,"2":6},"f":{},"b":{}}
,"C:\\Users\\Domin\\Documents\\rrc_polytech\\semester_3\\back_end\\assignments\\capstone_project\\src\\api\\nba\\validations\\possessionsValidations.ts": {"path":"C:\\Users\\Domin\\Documents\\rrc_polytech\\semester_3\\back_end\\assignments\\capstone_project\\src\\api\\nba\\validations\\possessionsValidations.ts","statementMap":{"0":{"start":{"line":1,"column":0},"end":{"line":1,"column":22}},"1":{"start":{"line":3,"column":13},"end":{"line":12,"column":2}}},"fnMap":{},"branchMap":{},"s":{"0":6,"1":6},"f":{},"b":{}}
,"C:\\Users\\Domin\\Documents\\rrc_polytech\\semester_3\\back_end\\assignments\\capstone_project\\src\\api\\nba\\validations\\teamValidations.ts": {"path":"C:\\Users\\Domin\\Documents\\rrc_polytech\\semester_3\\back_end\\assignments\\capstone_project\\src\\api\\nba\\validations\\teamValidations.ts","statementMap":{"0":{"start":{"line":1,"column":0},"end":{"line":1,"column":22}},"1":{"start":{"line":2,"column":0},"end":{"line":2,"column":72}},"2":{"start":{"line":4,"column":13},"end":{"line":109,"column":2}}},"fnMap":{},"branchMap":{},"s":{"0":6,"1":6,"2":6},"f":{},"b":{}}
}
