TN:
SF:src\app.ts
FNF:0
FNH:0
DA:1,0
DA:2,0
DA:3,0
DA:4,0
DA:5,0
DA:6,0
DA:7,0
DA:8,0
DA:9,0
DA:10,0
DA:12,0
DA:15,0
DA:16,0
DA:19,0
DA:20,0
DA:21,0
DA:22,0
DA:23,0
DA:24,0
DA:25,0
DA:27,0
DA:29,0
LF:22
LH:0
BRF:0
BRH:0
end_of_record
TN:
SF:src\api\nba\constants\httpConstants.ts
FNF:0
FNH:0
DA:4,0
LF:1
LH:0
BRF:0
BRH:0
end_of_record
TN:
SF:src\api\nba\controllers\conferenceController.ts
FN:6,(anonymous_16)
FN:6,(anonymous_17)
FNF:2
FNH:0
FNDA:0,(anonymous_16)
FNDA:0,(anonymous_17)
DA:2,0
DA:3,0
DA:4,0
DA:6,0
DA:7,0
DA:8,0
DA:10,0
DA:16,0
LF:8
LH:0
BRF:0
BRH:0
end_of_record
TN:
SF:src\api\nba\controllers\leagueStandingsController.ts
FN:8,(anonymous_16)
FN:8,(anonymous_17)
FN:21,(anonymous_18)
FN:21,(anonymous_19)
FN:34,(anonymous_20)
FN:34,(anonymous_21)
FN:49,(anonymous_22)
FN:49,(anonymous_23)
FNF:8
FNH:0
FNDA:0,(anonymous_16)
FNDA:0,(anonymous_17)
FNDA:0,(anonymous_18)
FNDA:0,(anonymous_19)
FNDA:0,(anonymous_20)
FNDA:0,(anonymous_21)
FNDA:0,(anonymous_22)
FNDA:0,(anonymous_23)
DA:2,0
DA:3,0
DA:6,0
DA:8,0
DA:9,0
DA:10,0
DA:12,0
DA:17,0
DA:21,0
DA:22,0
DA:23,0
DA:25,0
DA:30,0
DA:34,0
DA:35,0
DA:36,0
DA:38,0
DA:40,0
DA:45,0
DA:49,0
DA:50,0
DA:51,0
DA:53,0
DA:55,0
DA:60,0
LF:25
LH:0
BRF:0
BRH:0
end_of_record
TN:
SF:src\api\nba\controllers\matchController.ts
FN:7,(anonymous_16)
FN:7,(anonymous_17)
FN:26,(anonymous_18)
FN:26,(anonymous_19)
FN:43,(anonymous_20)
FN:43,(anonymous_21)
FN:62,(anonymous_22)
FN:62,(anonymous_23)
FN:78,(anonymous_24)
FN:78,(anonymous_25)
FN:93,(anonymous_26)
FN:93,(anonymous_27)
FNF:12
FNH:0
FNDA:0,(anonymous_16)
FNDA:0,(anonymous_17)
FNDA:0,(anonymous_18)
FNDA:0,(anonymous_19)
FNDA:0,(anonymous_20)
FNDA:0,(anonymous_21)
FNDA:0,(anonymous_22)
FNDA:0,(anonymous_23)
FNDA:0,(anonymous_24)
FNDA:0,(anonymous_25)
FNDA:0,(anonymous_26)
FNDA:0,(anonymous_27)
DA:2,0
DA:3,0
DA:5,0
DA:7,0
DA:8,0
DA:10,0
DA:12,0
DA:16,0
DA:22,0
DA:26,0
DA:27,0
DA:28,0
DA:30,0
DA:31,0
DA:38,0
DA:43,0
DA:44,0
DA:45,0
DA:47,0
DA:48,0
DA:55,0
DA:62,0
DA:63,0
DA:64,0
DA:66,0
DA:68,0
DA:73,0
DA:78,0
DA:79,0
DA:80,0
DA:82,0
DA:84,0
DA:89,0
DA:93,0
DA:94,0
DA:95,0
DA:96,0
DA:98,0
DA:100,0
DA:104,0
LF:40
LH:0
BRDA:30,0,0,0
BRDA:30,0,1,0
BRDA:47,1,0,0
BRDA:47,1,1,0
BRF:4
BRH:0
end_of_record
TN:
SF:src\api\nba\controllers\playerController.ts
FN:8,(anonymous_16)
FN:8,(anonymous_17)
FN:40,(anonymous_18)
FN:40,(anonymous_19)
FN:57,(anonymous_20)
FN:57,(anonymous_21)
FN:74,(anonymous_22)
FN:74,(anonymous_23)
FN:92,(anonymous_24)
FN:92,(anonymous_25)
FN:107,(anonymous_26)
FN:107,(anonymous_27)
FN:122,(anonymous_28)
FN:122,(anonymous_29)
FNF:14
FNH:0
FNDA:0,(anonymous_16)
FNDA:0,(anonymous_17)
FNDA:0,(anonymous_18)
FNDA:0,(anonymous_19)
FNDA:0,(anonymous_20)
FNDA:0,(anonymous_21)
FNDA:0,(anonymous_22)
FNDA:0,(anonymous_23)
FNDA:0,(anonymous_24)
FNDA:0,(anonymous_25)
FNDA:0,(anonymous_26)
FNDA:0,(anonymous_27)
FNDA:0,(anonymous_28)
FNDA:0,(anonymous_29)
DA:2,0
DA:3,0
DA:5,0
DA:8,0
DA:9,0
DA:17,0
DA:19,0
DA:30,0
DA:35,0
DA:40,0
DA:41,0
DA:42,0
DA:44,0
DA:45,0
DA:52,0
DA:57,0
DA:58,0
DA:59,0
DA:61,0
DA:62,0
DA:69,0
DA:74,0
DA:75,0
DA:76,0
DA:78,0
DA:79,0
DA:86,0
DA:92,0
DA:93,0
DA:94,0
DA:96,0
DA:98,0
DA:103,0
DA:107,0
DA:108,0
DA:109,0
DA:110,0
DA:112,0
DA:114,0
DA:118,0
DA:122,0
DA:123,0
DA:125,0
DA:127,0
DA:129,0
DA:133,0
DA:138,0
LF:47
LH:0
BRDA:44,0,0,0
BRDA:44,0,1,0
BRDA:61,1,0,0
BRDA:61,1,1,0
BRDA:78,2,0,0
BRDA:78,2,1,0
BRF:6
BRH:0
end_of_record
TN:
SF:src\api\nba\controllers\possessionsControllers.ts
FN:7,(anonymous_16)
FN:7,(anonymous_17)
FNF:2
FNH:0
FNDA:0,(anonymous_16)
FNDA:0,(anonymous_17)
DA:2,0
DA:3,0
DA:5,0
DA:7,0
DA:8,0
DA:9,0
DA:11,0
DA:13,0
DA:18,0
LF:9
LH:0
BRF:0
BRH:0
end_of_record
TN:
SF:src\api\nba\controllers\teamController.ts
FN:8,(anonymous_16)
FN:8,(anonymous_17)
FN:28,(anonymous_18)
FN:28,(anonymous_19)
FN:46,(anonymous_20)
FN:46,(anonymous_21)
FN:63,(anonymous_22)
FN:63,(anonymous_23)
FN:83,(anonymous_24)
FN:83,(anonymous_25)
FN:95,(anonymous_26)
FN:95,(anonymous_27)
FN:107,(anonymous_28)
FN:107,(anonymous_29)
FNF:14
FNH:0
FNDA:0,(anonymous_16)
FNDA:0,(anonymous_17)
FNDA:0,(anonymous_18)
FNDA:0,(anonymous_19)
FNDA:0,(anonymous_20)
FNDA:0,(anonymous_21)
FNDA:0,(anonymous_22)
FNDA:0,(anonymous_23)
FNDA:0,(anonymous_24)
FNDA:0,(anonymous_25)
FNDA:0,(anonymous_26)
FNDA:0,(anonymous_27)
FNDA:0,(anonymous_28)
FNDA:0,(anonymous_29)
DA:2,0
DA:3,0
DA:5,0
DA:8,0
DA:9,0
DA:11,0
DA:13,0
DA:19,0
DA:24,0
DA:28,0
DA:29,0
DA:30,0
DA:32,0
DA:33,0
DA:40,0
DA:46,0
DA:47,0
DA:49,0
DA:51,0
DA:53,0
DA:58,0
DA:63,0
DA:64,0
DA:66,0
DA:68,0
DA:70,0
DA:72,0
DA:77,0
DA:83,0
DA:84,0
DA:86,0
DA:88,0
DA:90,0
DA:95,0
DA:96,0
DA:98,0
DA:100,0
DA:102,0
DA:107,0
DA:108,0
DA:110,0
DA:112,0
DA:114,0
LF:43
LH:0
BRDA:32,0,0,0
BRDA:32,0,1,0
BRF:2
BRH:0
end_of_record
TN:
SF:src\api\nba\models\responseModel.ts
FN:9,(anonymous_0)
FN:18,(anonymous_1)
FNF:2
FNH:0
FNDA:0,(anonymous_0)
FNDA:0,(anonymous_1)
DA:9,0
DA:12,0
DA:18,0
LF:3
LH:0
BRF:0
BRH:0
end_of_record
TN:
SF:src\api\nba\models\matchSim\shotModel.ts
FN:1,(anonymous_0)
FNF:1
FNH:1
FNDA:1,(anonymous_0)
DA:1,1
DA:2,1
DA:3,1
DA:4,1
LF:4
LH:4
BRDA:1,0,0,1
BRDA:1,0,1,1
BRF:2
BRH:2
end_of_record
TN:
SF:src\api\nba\models\people\playerModel.ts
FN:15,(anonymous_0)
FNF:1
FNH:1
FNDA:2,(anonymous_0)
DA:15,2
DA:16,2
DA:17,2
DA:18,2
DA:19,2
DA:20,2
LF:6
LH:6
BRDA:15,0,0,2
BRDA:15,0,1,2
BRF:2
BRH:2
end_of_record
TN:
SF:src\api\nba\models\standingsSim\conferenceModel.ts
FN:8,(anonymous_0)
FNF:1
FNH:1
FNDA:1,(anonymous_0)
DA:8,1
DA:9,1
DA:10,1
LF:3
LH:3
BRDA:8,0,0,1
BRDA:8,0,1,1
BRF:2
BRH:2
end_of_record
TN:
SF:src\api\nba\repositories\firestoreRepositories.ts
FN:14,(anonymous_7)
FN:16,(anonymous_8)
FN:32,(anonymous_9)
FN:36,(anonymous_10)
FN:62,(anonymous_11)
FN:64,(anonymous_12)
FN:82,(anonymous_13)
FN:85,(anonymous_14)
FN:108,(anonymous_15)
FN:112,(anonymous_16)
FN:132,(anonymous_17)
FN:136,(anonymous_18)
FN:163,(anonymous_19)
FN:167,(anonymous_20)
FN:172,(anonymous_21)
FN:180,(anonymous_22)
FN:186,(anonymous_23)
FN:193,(anonymous_24)
FN:209,(anonymous_25)
FN:212,(anonymous_26)
FN:217,(anonymous_27)
FN:224,(anonymous_28)
FNF:22
FNH:0
FNDA:0,(anonymous_7)
FNDA:0,(anonymous_8)
FNDA:0,(anonymous_9)
FNDA:0,(anonymous_10)
FNDA:0,(anonymous_11)
FNDA:0,(anonymous_12)
FNDA:0,(anonymous_13)
FNDA:0,(anonymous_14)
FNDA:0,(anonymous_15)
FNDA:0,(anonymous_16)
FNDA:0,(anonymous_17)
FNDA:0,(anonymous_18)
FNDA:0,(anonymous_19)
FNDA:0,(anonymous_20)
FNDA:0,(anonymous_21)
FNDA:0,(anonymous_22)
FNDA:0,(anonymous_23)
FNDA:0,(anonymous_24)
FNDA:0,(anonymous_25)
FNDA:0,(anonymous_26)
FNDA:0,(anonymous_27)
FNDA:0,(anonymous_28)
DA:1,3
DA:14,3
DA:16,0
DA:17,0
DA:18,0
DA:21,0
DA:22,0
DA:32,3
DA:36,0
DA:37,0
DA:40,0
DA:41,0
DA:42,0
DA:44,0
DA:47,0
DA:50,0
DA:51,0
DA:62,3
DA:64,0
DA:65,0
DA:66,0
DA:69,0
DA:70,0
DA:82,3
DA:85,0
DA:86,0
DA:87,0
DA:91,0
DA:94,0
DA:95,0
DA:108,3
DA:112,0
DA:113,0
DA:114,0
DA:117,0
DA:118,0
DA:132,3
DA:136,0
DA:137,0
DA:138,0
DA:141,0
DA:142,0
DA:144,0
DA:148,0
DA:149,0
DA:163,3
DA:167,0
DA:168,0
DA:169,0
DA:172,0
DA:173,0
DA:178,0
DA:179,0
DA:180,0
DA:181,0
DA:184,0
DA:185,0
DA:186,0
DA:187,0
DA:189,0
DA:192,0
DA:193,0
DA:196,0
DA:197,0
DA:209,3
DA:212,0
DA:213,0
DA:214,0
DA:217,0
DA:218,0
DA:221,0
DA:223,0
DA:224,0
DA:227,0
DA:228,0
LF:75
LH:9
BRDA:21,0,0,0
BRDA:21,0,1,0
BRDA:40,1,0,0
BRDA:40,1,1,0
BRDA:50,2,0,0
BRDA:50,2,1,0
BRDA:69,3,0,0
BRDA:69,3,1,0
BRDA:91,4,0,0
BRDA:91,4,1,0
BRDA:91,5,0,0
BRDA:91,5,1,0
BRDA:91,6,0,0
BRDA:91,6,1,0
BRDA:94,7,0,0
BRDA:94,7,1,0
BRDA:117,8,0,0
BRDA:117,8,1,0
BRDA:141,9,0,0
BRDA:141,9,1,0
BRDA:148,10,0,0
BRDA:148,10,1,0
BRDA:178,11,0,0
BRDA:178,11,1,0
BRDA:196,12,0,0
BRDA:196,12,1,0
BRDA:227,13,0,0
BRDA:227,13,1,0
BRF:28
BRH:0
end_of_record
TN:
SF:src\api\nba\routes\coachRoutes.ts
FNF:0
FNH:0
DA:1,0
DA:2,0
DA:5,0
DA:39,0
DA:55,0
DA:57,0
DA:96,0
DA:98,0
LF:8
LH:0
BRF:0
BRH:0
end_of_record
TN:
SF:src\api\nba\routes\conferenceRoutes.ts
FNF:0
FNH:0
DA:1,0
DA:2,0
DA:4,0
DA:6,0
DA:8,0
LF:5
LH:0
BRF:0
BRH:0
end_of_record
TN:
SF:src\api\nba\routes\leagueStandingsRoutes.ts
FNF:0
FNH:0
DA:1,0
DA:2,0
DA:4,0
DA:6,0
DA:7,0
DA:8,0
DA:9,0
DA:11,0
LF:8
LH:0
BRF:0
BRH:0
end_of_record
TN:
SF:src\api\nba\routes\matchRoutes.ts
FNF:0
FNH:0
DA:1,0
DA:2,0
DA:4,0
DA:37,0
DA:54,0
DA:71,0
DA:94,0
DA:118,0
DA:153,0
DA:155,0
LF:10
LH:0
BRF:0
BRH:0
end_of_record
TN:
SF:src\api\nba\routes\playerRoutes.ts
FNF:0
FNH:0
DA:1,0
DA:2,0
DA:4,0
DA:47,0
DA:59,0
DA:71,0
DA:83,0
DA:101,0
DA:131,0
DA:163,0
DA:166,0
LF:11
LH:0
BRF:0
BRH:0
end_of_record
TN:
SF:src\api\nba\routes\possessionsRoutes.ts
FNF:0
FNH:0
DA:1,0
DA:2,0
DA:4,0
DA:6,0
DA:8,0
LF:5
LH:0
BRF:0
BRH:0
end_of_record
TN:
SF:src\api\nba\routes\teamRoutes.ts
FNF:0
FNH:0
DA:1,0
DA:2,0
DA:4,0
DA:26,0
DA:38,0
DA:40,0
DA:69,0
DA:97,0
DA:99,0
DA:127,0
DA:129,0
LF:11
LH:0
BRF:0
BRH:0
end_of_record
TN:
SF:src\api\nba\services\coachService.ts
FN:18,(anonymous_7)
FN:21,(anonymous_8)
FN:40,(anonymous_9)
FN:40,(anonymous_10)
FN:44,(anonymous_11)
FN:64,(anonymous_12)
FN:66,(anonymous_13)
FN:92,(anonymous_14)
FN:98,(anonymous_15)
FNF:9
FNH:7
FNDA:1,(anonymous_7)
FNDA:1,(anonymous_8)
FNDA:1,(anonymous_9)
FNDA:1,(anonymous_10)
FNDA:1,(anonymous_11)
FNDA:0,(anonymous_12)
FNDA:0,(anonymous_13)
FNDA:1,(anonymous_14)
FNDA:1,(anonymous_15)
DA:7,2
DA:14,2
DA:16,2
DA:18,2
DA:21,1
DA:22,1
DA:23,1
DA:29,1
DA:31,1
DA:36,0
DA:40,2
DA:42,1
DA:43,1
DA:44,1
DA:45,1
DA:46,1
DA:54,1
DA:55,0
DA:58,1
DA:60,0
DA:64,2
DA:66,0
DA:67,0
DA:69,0
DA:74,0
DA:75,0
DA:78,0
DA:79,0
DA:85,0
DA:88,0
DA:92,2
DA:98,1
DA:99,1
DA:101,1
DA:106,1
DA:107,0
DA:110,1
DA:111,1
DA:116,1
DA:122,1
DA:123,1
DA:126,0
LF:42
LH:28
BRDA:54,0,0,0
BRDA:54,0,1,1
BRDA:74,1,0,0
BRDA:74,1,1,0
BRDA:106,2,0,0
BRDA:106,2,1,1
BRF:6
BRH:2
end_of_record
TN:
SF:src\api\nba\services\conferenceService.ts
FN:5,(anonymous_16)
FN:9,(anonymous_17)
FNF:2
FNH:0
FNDA:0,(anonymous_16)
FNDA:0,(anonymous_17)
DA:1,1
DA:2,1
DA:5,1
DA:9,0
DA:10,0
DA:11,0
DA:12,0
DA:17,0
DA:23,0
DA:24,0
DA:26,0
DA:27,0
DA:28,0
DA:29,0
DA:30,0
DA:31,0
DA:36,0
DA:38,0
DA:40,0
DA:41,0
DA:42,0
DA:47,0
DA:49,0
DA:53,0
DA:55,0
DA:61,0
DA:67,0
LF:27
LH:3
BRDA:29,0,0,0
BRDA:29,0,1,0
BRDA:30,1,0,0
BRDA:30,1,1,0
BRDA:40,2,0,0
BRDA:40,2,1,0
BRDA:41,3,0,0
BRDA:41,3,1,0
BRDA:53,4,0,0
BRDA:53,4,1,0
BRF:10
BRH:0
end_of_record
TN:
SF:src\api\nba\services\leagueStandingsService.ts
FN:21,(anonymous_16)
FN:21,(anonymous_17)
FN:49,(anonymous_18)
FN:49,(anonymous_19)
FN:76,(anonymous_20)
FN:76,(anonymous_21)
FN:80,(anonymous_22)
FN:100,(anonymous_23)
FN:102,(anonymous_24)
FNF:9
FNH:0
FNDA:0,(anonymous_16)
FNDA:0,(anonymous_17)
FNDA:0,(anonymous_18)
FNDA:0,(anonymous_19)
FNDA:0,(anonymous_20)
FNDA:0,(anonymous_21)
FNDA:0,(anonymous_22)
FNDA:0,(anonymous_23)
FNDA:0,(anonymous_24)
DA:7,1
DA:15,1
DA:18,1
DA:19,1
DA:21,1
DA:22,0
DA:23,0
DA:24,0
DA:25,0
DA:31,0
DA:33,0
DA:34,0
DA:35,0
DA:37,0
DA:39,0
DA:42,0
DA:49,1
DA:51,0
DA:52,0
DA:57,0
DA:58,0
DA:61,0
DA:62,0
DA:67,0
DA:71,0
DA:76,1
DA:78,0
DA:79,0
DA:80,0
DA:81,0
DA:82,0
DA:90,0
DA:91,0
DA:94,0
DA:96,0
DA:100,1
DA:102,0
DA:103,0
DA:105,0
DA:106,0
DA:108,0
DA:116,0
DA:117,0
DA:120,0
LF:44
LH:8
BRDA:57,0,0,0
BRDA:57,0,1,0
BRDA:90,1,0,0
BRDA:90,1,1,0
BRF:4
BRH:0
end_of_record
TN:
SF:src\api\nba\services\matchService.ts
FN:29,(anonymous_16)
FN:32,(anonymous_17)
FN:55,(anonymous_18)
FN:55,(anonymous_19)
FN:58,(anonymous_20)
FN:78,(anonymous_21)
FN:78,(anonymous_22)
FN:81,(anonymous_23)
FN:102,(anonymous_24)
FN:102,(anonymous_25)
FN:129,(anonymous_26)
FN:129,(anonymous_27)
FN:149,(anonymous_28)
FN:149,(anonymous_29)
FN:177,(anonymous_30)
FN:207,(anonymous_31)
FN:305,(anonymous_32)
FN:305,(anonymous_33)
FN:360,(anonymous_34)
FN:360,(anonymous_35)
FN:415,(anonymous_36)
FN:433,(anonymous_37)
FNF:22
FNH:12
FNDA:1,(anonymous_16)
FNDA:1,(anonymous_17)
FNDA:1,(anonymous_18)
FNDA:1,(anonymous_19)
FNDA:1,(anonymous_20)
FNDA:1,(anonymous_21)
FNDA:1,(anonymous_22)
FNDA:1,(anonymous_23)
FNDA:2,(anonymous_24)
FNDA:2,(anonymous_25)
FNDA:0,(anonymous_26)
FNDA:0,(anonymous_27)
FNDA:0,(anonymous_28)
FNDA:0,(anonymous_29)
FNDA:0,(anonymous_30)
FNDA:0,(anonymous_31)
FNDA:1,(anonymous_32)
FNDA:1,(anonymous_33)
FNDA:0,(anonymous_34)
FNDA:0,(anonymous_35)
FNDA:0,(anonymous_36)
FNDA:0,(anonymous_37)
DA:9,1
DA:16,1
DA:17,1
DA:18,1
DA:20,1
DA:24,1
DA:25,1
DA:27,1
DA:29,1
DA:32,1
DA:33,1
DA:35,1
DA:36,1
DA:38,1
DA:45,1
DA:47,1
DA:50,0
DA:55,1
DA:56,1
DA:57,1
DA:58,1
DA:59,1
DA:60,1
DA:67,1
DA:68,0
DA:71,1
DA:73,0
DA:78,1
DA:79,1
DA:80,1
DA:81,1
DA:82,1
DA:83,1
DA:91,1
DA:92,0
DA:95,1
DA:97,0
DA:102,2
DA:104,2
DA:105,2
DA:110,2
DA:111,0
DA:114,2
DA:115,2
DA:120,2
DA:124,0
DA:129,1
DA:130,0
DA:131,0
DA:133,0
DA:135,0
DA:136,0
DA:138,0
DA:140,0
DA:144,0
DA:149,1
DA:151,0
DA:154,0
DA:155,0
DA:156,0
DA:158,0
DA:160,0
DA:162,0
DA:165,0
DA:167,0
DA:171,0
DA:173,0
DA:177,1
DA:183,0
DA:188,0
DA:194,0
DA:200,0
DA:207,0
DA:209,0
DA:211,0
DA:212,0
DA:213,0
DA:214,0
DA:215,0
DA:216,0
DA:222,0
DA:224,0
DA:226,0
DA:227,0
DA:228,0
DA:229,0
DA:231,0
DA:232,0
DA:233,0
DA:235,0
DA:236,0
DA:237,0
DA:242,0
DA:243,0
DA:244,0
DA:245,0
DA:246,0
DA:247,0
DA:248,0
DA:250,0
DA:251,0
DA:257,0
DA:258,0
DA:276,0
DA:280,0
DA:299,0
DA:305,1
DA:307,1
DA:308,1
DA:310,1
DA:311,0
DA:314,1
DA:316,0
DA:318,0
DA:324,0
DA:326,0
DA:327,0
DA:330,0
DA:333,0
DA:335,0
DA:337,0
DA:338,0
DA:340,0
DA:343,1
DA:345,1
DA:347,1
DA:349,1
DA:356,0
DA:360,1
DA:361,0
DA:362,0
DA:363,0
DA:364,0
DA:365,0
DA:367,0
DA:369,0
DA:372,0
DA:374,0
DA:376,0
DA:378,0
DA:379,0
DA:382,0
DA:385,0
DA:386,0
DA:389,0
DA:393,0
DA:396,0
DA:411,0
DA:415,1
DA:416,0
DA:417,0
DA:419,0
DA:420,0
DA:421,0
DA:430,0
DA:433,1
DA:434,0
DA:435,0
DA:436,0
DA:437,0
DA:438,0
DA:444,0
LF:162
LH:54
BRDA:67,0,0,0
BRDA:67,0,1,1
BRDA:91,1,0,0
BRDA:91,1,1,1
BRDA:110,2,0,0
BRDA:110,2,1,2
BRDA:156,3,0,0
BRDA:156,3,1,0
BRDA:162,4,0,0
BRDA:162,4,1,0
BRDA:167,5,0,0
BRDA:167,5,1,0
BRDA:213,6,0,0
BRDA:213,6,1,0
BRDA:224,7,0,0
BRDA:224,7,1,0
BRDA:224,7,2,0
BRDA:242,8,0,0
BRDA:242,8,1,0
BRDA:244,9,0,0
BRDA:244,9,1,0
BRDA:245,10,0,0
BRDA:245,10,1,0
BRDA:257,11,0,0
BRDA:257,11,1,0
BRDA:310,12,0,0
BRDA:310,12,1,1
BRDA:314,13,0,0
BRDA:314,13,1,1
BRDA:326,14,0,0
BRDA:326,14,1,0
BRDA:372,15,0,0
BRDA:372,15,1,0
BRDA:374,16,0,0
BRDA:374,16,1,0
BRDA:378,17,0,0
BRDA:378,17,1,0
BRDA:385,18,0,0
BRDA:385,18,1,0
BRDA:393,19,0,0
BRDA:393,19,1,0
BRDA:436,20,0,0
BRDA:436,20,1,0
BRF:43
BRH:5
end_of_record
TN:
SF:src\api\nba\services\playerService.ts
FN:26,(anonymous_7)
FN:34,(anonymous_8)
FN:61,(anonymous_9)
FN:61,(anonymous_10)
FN:64,(anonymous_11)
FN:84,(anonymous_12)
FN:84,(anonymous_13)
FN:88,(anonymous_14)
FN:107,(anonymous_15)
FN:107,(anonymous_16)
FN:112,(anonymous_17)
FN:140,(anonymous_18)
FN:140,(anonymous_19)
FN:168,(anonymous_20)
FN:168,(anonymous_21)
FN:194,(anonymous_22)
FN:205,(anonymous_23)
FNF:17
FNH:9
FNDA:1,(anonymous_7)
FNDA:1,(anonymous_8)
FNDA:1,(anonymous_9)
FNDA:1,(anonymous_10)
FNDA:1,(anonymous_11)
FNDA:0,(anonymous_12)
FNDA:0,(anonymous_13)
FNDA:0,(anonymous_14)
FNDA:0,(anonymous_15)
FNDA:0,(anonymous_16)
FNDA:0,(anonymous_17)
FNDA:2,(anonymous_18)
FNDA:2,(anonymous_19)
FNDA:0,(anonymous_20)
FNDA:0,(anonymous_21)
FNDA:1,(anonymous_22)
FNDA:1,(anonymous_23)
DA:7,2
DA:15,2
DA:17,2
DA:26,2
DA:34,1
DA:35,1
DA:37,1
DA:44,1
DA:46,1
DA:49,0
DA:61,2
DA:62,1
DA:63,1
DA:64,1
DA:65,1
DA:66,1
DA:74,1
DA:75,0
DA:78,1
DA:80,0
DA:84,2
DA:85,0
DA:86,0
DA:88,0
DA:89,0
DA:90,0
DA:96,0
DA:97,0
DA:100,0
DA:103,0
DA:107,2
DA:109,0
DA:110,0
DA:112,0
DA:113,0
DA:114,0
DA:121,0
DA:122,0
DA:125,0
DA:128,0
DA:140,2
DA:142,2
DA:143,2
DA:148,2
DA:149,0
DA:152,2
DA:153,2
DA:158,2
DA:162,0
DA:168,2
DA:170,0
DA:171,0
DA:173,0
DA:174,0
DA:177,0
DA:183,0
DA:185,0
DA:187,0
DA:190,0
DA:194,2
DA:205,1
DA:206,1
DA:207,1
DA:209,1
DA:210,0
DA:213,1
DA:219,1
DA:221,1
DA:222,1
DA:225,0
LF:70
LH:36
BRDA:74,0,0,0
BRDA:74,0,1,1
BRDA:96,1,0,0
BRDA:96,1,1,0
BRDA:121,2,0,0
BRDA:121,2,1,0
BRDA:148,3,0,0
BRDA:148,3,1,2
BRDA:173,4,0,0
BRDA:173,4,1,0
BRDA:209,5,0,0
BRDA:209,5,1,1
BRF:12
BRH:3
end_of_record
TN:
SF:src\api\nba\services\possessionsService.ts
FN:13,(anonymous_7)
FN:15,(anonymous_8)
FN:32,(anonymous_9)
FN:32,(anonymous_10)
FNF:4
FNH:0
FNDA:0,(anonymous_7)
FNDA:0,(anonymous_8)
FNDA:0,(anonymous_9)
FNDA:0,(anonymous_10)
DA:6,1
DA:11,1
DA:13,1
DA:15,0
DA:16,0
DA:18,0
DA:22,0
DA:24,0
DA:27,0
DA:32,1
DA:34,0
DA:35,0
DA:40,0
DA:41,0
DA:44,0
DA:45,0
DA:50,0
DA:54,0
LF:18
LH:4
BRDA:40,0,0,0
BRDA:40,0,1,0
BRF:2
BRH:0
end_of_record
TN:
SF:src\api\nba\services\teamService.ts
FN:23,(anonymous_16)
FN:26,(anonymous_17)
FN:55,(anonymous_18)
FN:55,(anonymous_19)
FN:59,(anonymous_20)
FN:79,(anonymous_21)
FN:79,(anonymous_22)
FN:106,(anonymous_23)
FN:106,(anonymous_24)
FN:126,(anonymous_25)
FN:126,(anonymous_26)
FN:159,(anonymous_27)
FN:159,(anonymous_28)
FN:207,(anonymous_29)
FN:207,(anonymous_30)
FN:233,(anonymous_31)
FN:233,(anonymous_32)
FNF:17
FNH:0
FNDA:0,(anonymous_16)
FNDA:0,(anonymous_17)
FNDA:0,(anonymous_18)
FNDA:0,(anonymous_19)
FNDA:0,(anonymous_20)
FNDA:0,(anonymous_21)
FNDA:0,(anonymous_22)
FNDA:0,(anonymous_23)
FNDA:0,(anonymous_24)
FNDA:0,(anonymous_25)
FNDA:0,(anonymous_26)
FNDA:0,(anonymous_27)
FNDA:0,(anonymous_28)
FNDA:0,(anonymous_29)
FNDA:0,(anonymous_30)
FNDA:0,(anonymous_31)
FNDA:0,(anonymous_32)
DA:1,1
DA:8,1
DA:14,1
DA:17,1
DA:19,1
DA:21,1
DA:23,1
DA:26,0
DA:27,0
DA:29,0
DA:45,0
DA:47,0
DA:50,0
DA:55,1
DA:57,0
DA:58,0
DA:59,0
DA:60,0
DA:61,0
DA:69,0
DA:70,0
DA:73,0
DA:75,0
DA:79,1
DA:81,0
DA:82,0
DA:87,0
DA:88,0
DA:91,0
DA:92,0
DA:97,0
DA:101,0
DA:106,1
DA:108,0
DA:109,0
DA:111,0
DA:116,0
DA:118,0
DA:119,0
DA:122,0
DA:126,1
DA:128,0
DA:129,0
DA:131,0
DA:136,0
DA:137,0
DA:143,0
DA:144,0
DA:147,0
DA:151,0
DA:152,0
DA:155,0
DA:159,1
DA:161,0
DA:162,0
DA:166,0
DA:168,0
DA:174,0
DA:176,0
DA:177,0
DA:180,0
DA:181,0
DA:184,0
DA:185,0
DA:188,0
DA:189,0
DA:192,0
DA:193,0
DA:196,0
DA:199,0
DA:200,0
DA:203,0
DA:207,1
DA:209,0
DA:210,0
DA:214,0
DA:216,0
DA:221,0
DA:223,0
DA:225,0
DA:226,0
DA:229,0
DA:233,1
DA:234,0
DA:236,0
DA:241,0
DA:242,0
DA:245,0
DA:246,0
DA:253,0
DA:255,0
DA:260,0
DA:262,0
DA:263,0
DA:266,0
DA:267,0
DA:270,0
DA:271,0
DA:274,0
DA:275,0
DA:278,0
DA:279,0
DA:282,0
DA:284,0
DA:286,0
DA:290,0
LF:106
LH:14
BRDA:69,0,0,0
BRDA:69,0,1,0
BRDA:87,1,0,0
BRDA:87,1,1,0
BRDA:136,2,0,0
BRDA:136,2,1,0
BRDA:143,3,0,0
BRDA:143,3,1,0
BRDA:174,4,0,0
BRDA:174,4,1,0
BRDA:174,4,2,0
BRDA:174,4,3,0
BRDA:174,4,4,0
BRDA:241,5,0,0
BRDA:241,5,1,0
BRDA:260,6,0,0
BRDA:260,6,1,0
BRDA:260,6,2,0
BRDA:260,6,3,0
BRDA:260,6,4,0
BRF:20
BRH:0
end_of_record
